This file contains any messages produced by compilers while
running configure, to aid debugging if configure makes a mistake.

It was created by gcr configure 3.34.0, which was
generated by GNU Autoconf 2.69.  Invocation command line was

  $ ./configure --prefix=/usr --no-create --no-recursion

## --------- ##
## Platform. ##
## --------- ##

hostname = ihatewindows
uname -m = x86_64
uname -r = 4.19.0-8-amd64
uname -s = Linux
uname -v = #1 SMP Debian 4.19.98-1 (2020-01-26)

/usr/bin/uname -p = unknown
/bin/uname -X     = unknown

/bin/arch              = x86_64
/usr/bin/arch -k       = unknown
/usr/convex/getsysinfo = unknown
/usr/bin/hostinfo      = unknown
/bin/machine           = unknown
/usr/bin/oslevel       = unknown
/bin/universe          = unknown

PATH: /usr/local/bin
PATH: /usr/bin
PATH: /bin
PATH: /usr/local/games
PATH: /usr/games


## ----------- ##
## Core tests. ##
## ----------- ##

configure:2502: checking for a BSD-compatible install
configure:2570: result: /usr/bin/install -c
configure:2581: checking whether build environment is sane
configure:2636: result: yes
configure:2785: checking for a thread-safe mkdir -p
configure:2824: result: /usr/bin/mkdir -p
configure:2831: checking for gawk
configure:2847: found /usr/bin/gawk
configure:2858: result: gawk
configure:2869: checking whether make sets $(MAKE)
configure:2891: result: yes
configure:2920: checking whether make supports nested variables
configure:2937: result: yes
configure:3026: checking whether UID '1000' is supported by ustar format
configure:3029: result: yes
configure:3036: checking whether GID '1000' is supported by ustar format
configure:3039: result: yes
configure:3047: checking how to create a ustar tar archive
configure:3058: tar --version
tar (GNU tar) 1.30
Copyright (C) 2017 Free Software Foundation, Inc.
License GPLv3+: GNU GPL version 3 or later <https://gnu.org/licenses/gpl.html>.
This is free software: you are free to change and redistribute it.
There is NO WARRANTY, to the extent permitted by law.

Written by John Gilmore and Jay Fenlason.
configure:3061: $? = 0
configure:3101: tardir=conftest.dir && eval tar --format=ustar -chf - "$tardir" >conftest.tar
configure:3104: $? = 0
configure:3108: tar -xf - <conftest.tar
configure:3111: $? = 0
configure:3113: cat conftest.dir/file
GrepMe
configure:3116: $? = 0
configure:3129: result: gnutar
configure:3179: checking whether build environment is sane
configure:3234: result: yes
configure:3257: checking whether make supports nested variables
configure:3274: result: yes
configure:3286: checking whether to enable maintainer-specific portions of Makefiles
configure:3295: result: yes
configure:3316: checking whether make supports the include directive
configure:3331: make -f confmf.GNU && cat confinc.out
make[1]: Entering directory '/home/beangreen247/surf/gcr-3.34.0'
make[1]: Leaving directory '/home/beangreen247/surf/gcr-3.34.0'
this is the am__doit target
configure:3334: $? = 0
configure:3353: result: yes (GNU style)
configure:3423: checking for gcc
configure:3439: found /usr/bin/gcc
configure:3450: result: gcc
configure:3679: checking for C compiler version
configure:3688: gcc --version >&5
gcc (Debian 8.3.0-6) 8.3.0
Copyright (C) 2018 Free Software Foundation, Inc.
This is free software; see the source for copying conditions.  There is NO
warranty; not even for MERCHANTABILITY or FITNESS FOR A PARTICULAR PURPOSE.

configure:3699: $? = 0
configure:3688: gcc -v >&5
Using built-in specs.
COLLECT_GCC=gcc
COLLECT_LTO_WRAPPER=/usr/lib/gcc/x86_64-linux-gnu/8/lto-wrapper
OFFLOAD_TARGET_NAMES=nvptx-none
OFFLOAD_TARGET_DEFAULT=1
Target: x86_64-linux-gnu
Configured with: ../src/configure -v --with-pkgversion='Debian 8.3.0-6' --with-bugurl=file:///usr/share/doc/gcc-8/README.Bugs --enable-languages=c,ada,c++,go,brig,d,fortran,objc,obj-c++ --prefix=/usr --with-gcc-major-version-only --program-suffix=-8 --program-prefix=x86_64-linux-gnu- --enable-shared --enable-linker-build-id --libexecdir=/usr/lib --without-included-gettext --enable-threads=posix --libdir=/usr/lib --enable-nls --enable-bootstrap --enable-clocale=gnu --enable-libstdcxx-debug --enable-libstdcxx-time=yes --with-default-libstdcxx-abi=new --enable-gnu-unique-object --disable-vtable-verify --enable-libmpx --enable-plugin --enable-default-pie --with-system-zlib --with-target-system-zlib --enable-objc-gc=auto --enable-multiarch --disable-werror --with-arch-32=i686 --with-abi=m64 --with-multilib-list=m32,m64,mx32 --enable-multilib --with-tune=generic --enable-offload-targets=nvptx-none --without-cuda-driver --enable-checking=release --build=x86_64-linux-gnu --host=x86_64-linux-gnu --target=x86_64-linux-gnu
Thread model: posix
gcc version 8.3.0 (Debian 8.3.0-6) 
configure:3699: $? = 0
configure:3688: gcc -V >&5
gcc: error: unrecognized command line option '-V'
gcc: fatal error: no input files
compilation terminated.
configure:3699: $? = 1
configure:3688: gcc -qversion >&5
gcc: error: unrecognized command line option '-qversion'; did you mean '--version'?
gcc: fatal error: no input files
compilation terminated.
configure:3699: $? = 1
configure:3719: checking whether the C compiler works
configure:3741: gcc    conftest.c  >&5
configure:3745: $? = 0
configure:3793: result: yes
configure:3796: checking for C compiler default output file name
configure:3798: result: a.out
configure:3804: checking for suffix of executables
configure:3811: gcc -o conftest    conftest.c  >&5
configure:3815: $? = 0
configure:3837: result: 
configure:3859: checking whether we are cross compiling
configure:3867: gcc -o conftest    conftest.c  >&5
configure:3871: $? = 0
configure:3878: ./conftest
configure:3882: $? = 0
configure:3870: result: no
configure:3875: checking for suffix of object files
configure:3897: gcc -c   conftest.c >&5
configure:3901: $? = 0
configure:3922: result: o
configure:3926: checking whether we are using the GNU C compiler
configure:3945: gcc -c   conftest.c >&5
configure:3945: $? = 0
configure:3954: result: yes
configure:3963: checking whether gcc accepts -g
configure:3983: gcc -c -g  conftest.c >&5
configure:3983: $? = 0
configure:4024: result: yes
configure:4041: checking for gcc option to accept ISO C89
configure:4104: gcc  -c -g -O2  conftest.c >&5
configure:4104: $? = 0
configure:4117: result: none needed
configure:4142: checking whether gcc understands -c and -o together
configure:4164: gcc -c conftest.c -o conftest2.o
configure:4167: $? = 0
configure:4164: gcc -c conftest.c -o conftest2.o
configure:4167: $? = 0
configure:4179: result: yes
configure:4198: checking dependency style of gcc
configure:4309: result: gcc3
configure:4330: checking how to run the C preprocessor
configure:4361: gcc -E  conftest.c
configure:4361: $? = 0
configure:4375: gcc -E  conftest.c
conftest.c:11:10: fatal error: ac_nonexistent.h: No such file or directory
 #include <ac_nonexistent.h>
          ^~~~~~~~~~~~~~~~~~
compilation terminated.
configure:4375: $? = 1
configure: failed program was:
| /* confdefs.h */
| #define PACKAGE_NAME "gcr"
| #define PACKAGE_TARNAME "gcr"
| #define PACKAGE_VERSION "3.34.0"
| #define PACKAGE_STRING "gcr 3.34.0"
| #define PACKAGE_BUGREPORT "http://bugzilla.gnome.org/enter_bug.cgi?product=gnome-keyring&component=gcr"
| #define PACKAGE_URL ""
| #define PACKAGE "gcr"
| #define VERSION "3.34.0"
| /* end confdefs.h.  */
| #include <ac_nonexistent.h>
configure:4400: result: gcc -E
configure:4420: gcc -E  conftest.c
configure:4420: $? = 0
configure:4434: gcc -E  conftest.c
conftest.c:11:10: fatal error: ac_nonexistent.h: No such file or directory
 #include <ac_nonexistent.h>
          ^~~~~~~~~~~~~~~~~~
compilation terminated.
configure:4434: $? = 1
configure: failed program was:
| /* confdefs.h */
| #define PACKAGE_NAME "gcr"
| #define PACKAGE_TARNAME "gcr"
| #define PACKAGE_VERSION "3.34.0"
| #define PACKAGE_STRING "gcr 3.34.0"
| #define PACKAGE_BUGREPORT "http://bugzilla.gnome.org/enter_bug.cgi?product=gnome-keyring&component=gcr"
| #define PACKAGE_URL ""
| #define PACKAGE "gcr"
| #define VERSION "3.34.0"
| /* end confdefs.h.  */
| #include <ac_nonexistent.h>
configure:4463: checking for grep that handles long lines and -e
configure:4521: result: /usr/bin/grep
configure:4526: checking for egrep
configure:4588: result: /usr/bin/grep -E
configure:4593: checking for ANSI C header files
configure:4613: gcc -c -g -O2  conftest.c >&5
configure:4613: $? = 0
configure:4686: gcc -o conftest -g -O2   conftest.c  >&5
configure:4686: $? = 0
configure:4686: ./conftest
configure:4686: $? = 0
configure:4697: result: yes
configure:4710: checking for sys/types.h
configure:4710: gcc -c -g -O2  conftest.c >&5
configure:4710: $? = 0
configure:4710: result: yes
configure:4710: checking for sys/stat.h
configure:4710: gcc -c -g -O2  conftest.c >&5
configure:4710: $? = 0
configure:4710: result: yes
configure:4710: checking for stdlib.h
configure:4710: gcc -c -g -O2  conftest.c >&5
configure:4710: $? = 0
configure:4710: result: yes
configure:4710: checking for string.h
configure:4710: gcc -c -g -O2  conftest.c >&5
configure:4710: $? = 0
configure:4710: result: yes
configure:4710: checking for memory.h
configure:4710: gcc -c -g -O2  conftest.c >&5
configure:4710: $? = 0
configure:4710: result: yes
configure:4710: checking for strings.h
configure:4710: gcc -c -g -O2  conftest.c >&5
configure:4710: $? = 0
configure:4710: result: yes
configure:4710: checking for inttypes.h
configure:4710: gcc -c -g -O2  conftest.c >&5
configure:4710: $? = 0
configure:4710: result: yes
configure:4710: checking for stdint.h
configure:4710: gcc -c -g -O2  conftest.c >&5
configure:4710: $? = 0
configure:4710: result: yes
configure:4710: checking for unistd.h
configure:4710: gcc -c -g -O2  conftest.c >&5
configure:4710: $? = 0
configure:4710: result: yes
configure:4723: checking minix/config.h usability
configure:4723: gcc -c -g -O2  conftest.c >&5
conftest.c:54:10: fatal error: minix/config.h: No such file or directory
 #include <minix/config.h>
          ^~~~~~~~~~~~~~~~
compilation terminated.
configure:4723: $? = 1
configure: failed program was:
| /* confdefs.h */
| #define PACKAGE_NAME "gcr"
| #define PACKAGE_TARNAME "gcr"
| #define PACKAGE_VERSION "3.34.0"
| #define PACKAGE_STRING "gcr 3.34.0"
| #define PACKAGE_BUGREPORT "http://bugzilla.gnome.org/enter_bug.cgi?product=gnome-keyring&component=gcr"
| #define PACKAGE_URL ""
| #define PACKAGE "gcr"
| #define VERSION "3.34.0"
| #define STDC_HEADERS 1
| #define HAVE_SYS_TYPES_H 1
| #define HAVE_SYS_STAT_H 1
| #define HAVE_STDLIB_H 1
| #define HAVE_STRING_H 1
| #define HAVE_MEMORY_H 1
| #define HAVE_STRINGS_H 1
| #define HAVE_INTTYPES_H 1
| #define HAVE_STDINT_H 1
| #define HAVE_UNISTD_H 1
| /* end confdefs.h.  */
| #include <stdio.h>
| #ifdef HAVE_SYS_TYPES_H
| # include <sys/types.h>
| #endif
| #ifdef HAVE_SYS_STAT_H
| # include <sys/stat.h>
| #endif
| #ifdef STDC_HEADERS
| # include <stdlib.h>
| # include <stddef.h>
| #else
| # ifdef HAVE_STDLIB_H
| #  include <stdlib.h>
| # endif
| #endif
| #ifdef HAVE_STRING_H
| # if !defined STDC_HEADERS && defined HAVE_MEMORY_H
| #  include <memory.h>
| # endif
| # include <string.h>
| #endif
| #ifdef HAVE_STRINGS_H
| # include <strings.h>
| #endif
| #ifdef HAVE_INTTYPES_H
| # include <inttypes.h>
| #endif
| #ifdef HAVE_STDINT_H
| # include <stdint.h>
| #endif
| #ifdef HAVE_UNISTD_H
| # include <unistd.h>
| #endif
| #include <minix/config.h>
configure:4723: result: no
configure:4723: checking minix/config.h presence
configure:4723: gcc -E  conftest.c
conftest.c:21:10: fatal error: minix/config.h: No such file or directory
 #include <minix/config.h>
          ^~~~~~~~~~~~~~~~
compilation terminated.
configure:4723: $? = 1
configure: failed program was:
| /* confdefs.h */
| #define PACKAGE_NAME "gcr"
| #define PACKAGE_TARNAME "gcr"
| #define PACKAGE_VERSION "3.34.0"
| #define PACKAGE_STRING "gcr 3.34.0"
| #define PACKAGE_BUGREPORT "http://bugzilla.gnome.org/enter_bug.cgi?product=gnome-keyring&component=gcr"
| #define PACKAGE_URL ""
| #define PACKAGE "gcr"
| #define VERSION "3.34.0"
| #define STDC_HEADERS 1
| #define HAVE_SYS_TYPES_H 1
| #define HAVE_SYS_STAT_H 1
| #define HAVE_STDLIB_H 1
| #define HAVE_STRING_H 1
| #define HAVE_MEMORY_H 1
| #define HAVE_STRINGS_H 1
| #define HAVE_INTTYPES_H 1
| #define HAVE_STDINT_H 1
| #define HAVE_UNISTD_H 1
| /* end confdefs.h.  */
| #include <minix/config.h>
configure:4723: result: no
configure:4723: checking for minix/config.h
configure:4723: result: no
configure:4744: checking whether it is safe to define __EXTENSIONS__
configure:4762: gcc -c -g -O2  conftest.c >&5
configure:4762: $? = 0
configure:4769: result: yes
configure:4784: checking for library containing strerror
configure:4815: gcc -o conftest -g -O2   conftest.c  >&5
configure:4815: $? = 0
configure:4832: result: none required
configure:4888: checking for gcc
configure:4915: result: gcc
configure:5144: checking for C compiler version
configure:5153: gcc --version >&5
gcc (Debian 8.3.0-6) 8.3.0
Copyright (C) 2018 Free Software Foundation, Inc.
This is free software; see the source for copying conditions.  There is NO
warranty; not even for MERCHANTABILITY or FITNESS FOR A PARTICULAR PURPOSE.

configure:5164: $? = 0
configure:5153: gcc -v >&5
Using built-in specs.
COLLECT_GCC=gcc
COLLECT_LTO_WRAPPER=/usr/lib/gcc/x86_64-linux-gnu/8/lto-wrapper
OFFLOAD_TARGET_NAMES=nvptx-none
OFFLOAD_TARGET_DEFAULT=1
Target: x86_64-linux-gnu
Configured with: ../src/configure -v --with-pkgversion='Debian 8.3.0-6' --with-bugurl=file:///usr/share/doc/gcc-8/README.Bugs --enable-languages=c,ada,c++,go,brig,d,fortran,objc,obj-c++ --prefix=/usr --with-gcc-major-version-only --program-suffix=-8 --program-prefix=x86_64-linux-gnu- --enable-shared --enable-linker-build-id --libexecdir=/usr/lib --without-included-gettext --enable-threads=posix --libdir=/usr/lib --enable-nls --enable-bootstrap --enable-clocale=gnu --enable-libstdcxx-debug --enable-libstdcxx-time=yes --with-default-libstdcxx-abi=new --enable-gnu-unique-object --disable-vtable-verify --enable-libmpx --enable-plugin --enable-default-pie --with-system-zlib --with-target-system-zlib --enable-objc-gc=auto --enable-multiarch --disable-werror --with-arch-32=i686 --with-abi=m64 --with-multilib-list=m32,m64,mx32 --enable-multilib --with-tune=generic --enable-offload-targets=nvptx-none --without-cuda-driver --enable-checking=release --build=x86_64-linux-gnu --host=x86_64-linux-gnu --target=x86_64-linux-gnu
Thread model: posix
gcc version 8.3.0 (Debian 8.3.0-6) 
configure:5164: $? = 0
configure:5153: gcc -V >&5
gcc: error: unrecognized command line option '-V'
gcc: fatal error: no input files
compilation terminated.
configure:5164: $? = 1
configure:5153: gcc -qversion >&5
gcc: error: unrecognized command line option '-qversion'; did you mean '--version'?
gcc: fatal error: no input files
compilation terminated.
configure:5164: $? = 1
configure:5168: checking whether we are using the GNU C compiler
configure:5196: result: yes
configure:5205: checking whether gcc accepts -g
configure:5266: result: yes
configure:5283: checking for gcc option to accept ISO C89
configure:5359: result: none needed
configure:5384: checking whether gcc understands -c and -o together
configure:5421: result: yes
configure:5440: checking dependency style of gcc
configure:5551: result: gcc3
configure:5571: checking how to run the C preprocessor
configure:5641: result: gcc -E
configure:5661: gcc -E  conftest.c
configure:5661: $? = 0
configure:5675: gcc -E  conftest.c
conftest.c:26:10: fatal error: ac_nonexistent.h: No such file or directory
 #include <ac_nonexistent.h>
          ^~~~~~~~~~~~~~~~~~
compilation terminated.
configure:5675: $? = 1
configure: failed program was:
| /* confdefs.h */
| #define PACKAGE_NAME "gcr"
| #define PACKAGE_TARNAME "gcr"
| #define PACKAGE_VERSION "3.34.0"
| #define PACKAGE_STRING "gcr 3.34.0"
| #define PACKAGE_BUGREPORT "http://bugzilla.gnome.org/enter_bug.cgi?product=gnome-keyring&component=gcr"
| #define PACKAGE_URL ""
| #define PACKAGE "gcr"
| #define VERSION "3.34.0"
| #define STDC_HEADERS 1
| #define HAVE_SYS_TYPES_H 1
| #define HAVE_SYS_STAT_H 1
| #define HAVE_STDLIB_H 1
| #define HAVE_STRING_H 1
| #define HAVE_MEMORY_H 1
| #define HAVE_STRINGS_H 1
| #define HAVE_INTTYPES_H 1
| #define HAVE_STDINT_H 1
| #define HAVE_UNISTD_H 1
| #define __EXTENSIONS__ 1
| #define _ALL_SOURCE 1
| #define _GNU_SOURCE 1
| #define _POSIX_PTHREAD_SEMANTICS 1
| #define _TANDEM_SOURCE 1
| /* end confdefs.h.  */
| #include <ac_nonexistent.h>
configure:5705: checking whether ln -s works
configure:5709: result: yes
configure:5716: checking whether make sets $(MAKE)
configure:5738: result: yes
configure:5807: checking build system type
configure:5821: result: x86_64-pc-linux-gnu
configure:5841: checking host system type
configure:5854: result: x86_64-pc-linux-gnu
configure:5895: checking how to print strings
configure:5922: result: printf
configure:5943: checking for a sed that does not truncate output
configure:6007: result: /usr/bin/sed
configure:6025: checking for fgrep
configure:6087: result: /usr/bin/grep -F
configure:6122: checking for ld used by gcc
configure:6189: result: /usr/bin/ld
configure:6196: checking if the linker (/usr/bin/ld) is GNU ld
configure:6211: result: yes
configure:6223: checking for BSD- or MS-compatible name lister (nm)
configure:6277: result: /usr/bin/nm -B
configure:6407: checking the name lister (/usr/bin/nm -B) interface
configure:6414: gcc -c -g -O2  conftest.c >&5
configure:6417: /usr/bin/nm -B "conftest.o"
configure:6420: output
0000000000000000 B some_variable
configure:6421: result: BSD nm
configure:6425: checking the maximum length of command line arguments
configure:6556: result: 1572864
configure:6604: checking how to convert x86_64-pc-linux-gnu file names to x86_64-pc-linux-gnu format
configure:6644: result: func_convert_file_noop
configure:6651: checking how to convert x86_64-pc-linux-gnu file names to toolchain format
configure:6671: result: func_convert_file_noop
configure:6678: checking for /usr/bin/ld option to reload object files
configure:6685: result: -r
configure:6759: checking for objdump
configure:6775: found /usr/bin/objdump
configure:6786: result: objdump
configure:6818: checking how to recognize dependent libraries
configure:7018: result: pass_all
configure:7103: checking for dlltool
configure:7133: result: no
configure:7163: checking how to associate runtime and link libraries
configure:7190: result: printf %s\n
configure:7250: checking for ar
configure:7266: found /usr/bin/ar
configure:7277: result: ar
configure:7314: checking for archiver @FILE support
configure:7331: gcc -c -g -O2  conftest.c >&5
configure:7331: $? = 0
configure:7334: ar cru libconftest.a @conftest.lst >&5
ar: `u' modifier ignored since `D' is the default (see `U')
configure:7337: $? = 0
configure:7342: ar cru libconftest.a @conftest.lst >&5
ar: `u' modifier ignored since `D' is the default (see `U')
ar: conftest.o: No such file or directory
configure:7345: $? = 1
configure:7344: result: @
configure:7402: checking for strip
configure:7418: found /usr/bin/strip
configure:7429: result: strip
configure:7501: checking for ranlib
configure:7517: found /usr/bin/ranlib
configure:7528: result: ranlib
configure:7630: checking command to parse /usr/bin/nm -B output from gcc object
configure:7783: gcc -c -g -O2  conftest.c >&5
configure:7786: $? = 0
configure:7790: /usr/bin/nm -B conftest.o \| sed -n -e 's/^.*[ ]\([ABCDGIRSTW][ABCDGIRSTW]*\)[ ][ ]*\([_A-Za-z][_A-Za-z0-9]*\)$/\1 \2 \2/p' | sed '/ __gnu_lto/d' \> conftest.nm
configure:7793: $? = 0
configure:7859: gcc -o conftest -g -O2   conftest.c conftstm.o >&5
configure:7862: $? = 0
configure:7900: result: ok
configure:7947: checking for sysroot
configure:7977: result: no
configure:7984: checking for a working dd
configure:8022: result: /usr/bin/dd
configure:8026: checking how to truncate binary pipes
configure:8041: result: /usr/bin/dd bs=4096 count=1
configure:8177: gcc -c -g -O2  conftest.c >&5
configure:8180: $? = 0
configure:8370: checking for mt
configure:8386: found /usr/bin/mt
configure:8397: result: mt
configure:8420: checking if mt is a manifest tool
configure:8426: mt '-?'
configure:8434: result: no
configure:9108: checking for dlfcn.h
configure:9108: gcc -c -g -O2  conftest.c >&5
configure:9108: $? = 0
configure:9108: result: yes
configure:9334: checking for objdir
configure:9349: result: .libs
configure:9613: checking if gcc supports -fno-rtti -fno-exceptions
configure:9631: gcc -c -g -O2  -fno-rtti -fno-exceptions conftest.c >&5
cc1: warning: command line option '-fno-rtti' is valid for C++/ObjC++ but not for C
configure:9635: $? = 0
configure:9648: result: no
configure:10006: checking for gcc option to produce PIC
configure:10013: result: -fPIC -DPIC
configure:10021: checking if gcc PIC flag -fPIC -DPIC works
configure:10039: gcc -c -g -O2  -fPIC -DPIC -DPIC conftest.c >&5
configure:10043: $? = 0
configure:10056: result: yes
configure:10085: checking if gcc static flag -static works
configure:10113: result: yes
configure:10128: checking if gcc supports -c -o file.o
configure:10149: gcc -c -g -O2  -o out/conftest2.o conftest.c >&5
configure:10153: $? = 0
configure:10175: result: yes
configure:10183: checking if gcc supports -c -o file.o
configure:10230: result: yes
configure:10263: checking whether the gcc linker (/usr/bin/ld -m elf_x86_64) supports shared libraries
configure:11522: result: yes
configure:11559: checking whether -lc should be explicitly linked in
configure:11567: gcc -c -g -O2  conftest.c >&5
configure:11570: $? = 0
configure:11585: gcc -shared  -fPIC -DPIC conftest.o  -v -Wl,-soname -Wl,conftest -o conftest 2\>\&1 \| /usr/bin/grep  -lc  \>/dev/null 2\>\&1
configure:11588: $? = 0
configure:11602: result: no
configure:11762: checking dynamic linker characteristics
configure:12343: gcc -o conftest -g -O2   -Wl,-rpath -Wl,/foo conftest.c  >&5
configure:12343: $? = 0
configure:12583: result: GNU/Linux ld.so
configure:12705: checking how to hardcode library paths into programs
configure:12730: result: immediate
configure:13278: checking whether stripping libraries is possible
configure:13283: result: yes
configure:13318: checking if libtool supports shared libraries
configure:13320: result: yes
configure:13323: checking whether to build shared libraries
configure:13348: result: yes
configure:13351: checking whether to build static libraries
configure:13355: result: no
configure:10235: checking for pkg-config
configure:10253: found /usr/bin/pkg-config
configure:10265: result: /usr/bin/pkg-config
configure:10290: checking pkg-config is at least version 0.9.0
configure:10293: result: yes
configure:10303: checking whether NLS is requested
configure:10312: result: yes
configure:10352: checking for msgfmt
configure: trying /usr/bin/msgfmt...
0 translated messages.
configure:10384: result: /usr/bin/msgfmt
configure:10393: checking for gmsgfmt
configure:10424: result: /usr/bin/msgfmt
configure:10474: checking for xgettext
configure: trying /usr/bin/xgettext...
/usr/bin/xgettext: warning: file '/dev/null' extension '' is unknown; will try C
configure:10506: result: /usr/bin/xgettext
configure:10551: checking for msgmerge
configure: trying /usr/bin/msgmerge...
configure:10582: result: /usr/bin/msgmerge
configure:10640: checking for ld used by gcc
configure:10707: result: /usr/bin/ld -m elf_x86_64
configure:10714: checking if the linker (/usr/bin/ld -m elf_x86_64) is GNU ld
configure:10729: result: yes
configure:10736: checking for shared library run path origin
configure:10749: result: done
configure:11321: checking for CFPreferencesCopyAppValue
configure:11339: gcc -o conftest -g -O2   conftest.c  -Wl,-framework -Wl,CoreFoundation >&5
conftest.c:28:10: fatal error: CoreFoundation/CFPreferences.h: No such file or directory
 #include <CoreFoundation/CFPreferences.h>
          ^~~~~~~~~~~~~~~~~~~~~~~~~~~~~~~~
compilation terminated.
configure:11339: $? = 1
configure: failed program was:
| /* confdefs.h */
| #define PACKAGE_NAME "gcr"
| #define PACKAGE_TARNAME "gcr"
| #define PACKAGE_VERSION "3.34.0"
| #define PACKAGE_STRING "gcr 3.34.0"
| #define PACKAGE_BUGREPORT "http://bugzilla.gnome.org/enter_bug.cgi?product=gnome-keyring&component=gcr"
| #define PACKAGE_URL ""
| #define PACKAGE "gcr"
| #define VERSION "3.34.0"
| #define STDC_HEADERS 1
| #define HAVE_SYS_TYPES_H 1
| #define HAVE_SYS_STAT_H 1
| #define HAVE_STDLIB_H 1
| #define HAVE_STRING_H 1
| #define HAVE_MEMORY_H 1
| #define HAVE_STRINGS_H 1
| #define HAVE_INTTYPES_H 1
| #define HAVE_STDINT_H 1
| #define HAVE_UNISTD_H 1
| #define __EXTENSIONS__ 1
| #define _ALL_SOURCE 1
| #define _GNU_SOURCE 1
| #define _POSIX_PTHREAD_SEMANTICS 1
| #define _TANDEM_SOURCE 1
| #define HAVE_DLFCN_H 1
| #define LT_OBJDIR ".libs/"
| /* end confdefs.h.  */
| #include <CoreFoundation/CFPreferences.h>
| int
| main ()
| {
| CFPreferencesCopyAppValue(NULL, NULL)
|   ;
|   return 0;
| }
configure:11348: result: no
configure:11355: checking for CFLocaleCopyCurrent
configure:11373: gcc -o conftest -g -O2   conftest.c  -Wl,-framework -Wl,CoreFoundation >&5
conftest.c:28:10: fatal error: CoreFoundation/CFLocale.h: No such file or directory
 #include <CoreFoundation/CFLocale.h>
          ^~~~~~~~~~~~~~~~~~~~~~~~~~~
compilation terminated.
configure:11373: $? = 1
configure: failed program was:
| /* confdefs.h */
| #define PACKAGE_NAME "gcr"
| #define PACKAGE_TARNAME "gcr"
| #define PACKAGE_VERSION "3.34.0"
| #define PACKAGE_STRING "gcr 3.34.0"
| #define PACKAGE_BUGREPORT "http://bugzilla.gnome.org/enter_bug.cgi?product=gnome-keyring&component=gcr"
| #define PACKAGE_URL ""
| #define PACKAGE "gcr"
| #define VERSION "3.34.0"
| #define STDC_HEADERS 1
| #define HAVE_SYS_TYPES_H 1
| #define HAVE_SYS_STAT_H 1
| #define HAVE_STDLIB_H 1
| #define HAVE_STRING_H 1
| #define HAVE_MEMORY_H 1
| #define HAVE_STRINGS_H 1
| #define HAVE_INTTYPES_H 1
| #define HAVE_STDINT_H 1
| #define HAVE_UNISTD_H 1
| #define __EXTENSIONS__ 1
| #define _ALL_SOURCE 1
| #define _GNU_SOURCE 1
| #define _POSIX_PTHREAD_SEMANTICS 1
| #define _TANDEM_SOURCE 1
| #define HAVE_DLFCN_H 1
| #define LT_OBJDIR ".libs/"
| /* end confdefs.h.  */
| #include <CoreFoundation/CFLocale.h>
| int
| main ()
| {
| CFLocaleCopyCurrent();
|   ;
|   return 0;
| }
configure:11382: result: no
configure:11431: checking for GNU gettext in libc
configure:11460: gcc -o conftest -g -O2   conftest.c  >&5
configure:11460: $? = 0
configure:11469: result: yes
configure:12316: checking whether to use NLS
configure:12318: result: yes
configure:12321: checking where the gettext function comes from
configure:12332: result: libc
configure:12405: checking for GLIB
configure:12416: $PKG_CONFIG --exists --print-errors "glib-2.0 >= $GLIB_REQ
	gmodule-no-export-2.0
	gthread-2.0
	gobject-2.0
	gio-2.0 gio-unix-2.0"
configure:12423: $? = 0
configure:12445: $PKG_CONFIG --exists --print-errors "glib-2.0 >= $GLIB_REQ
	gmodule-no-export-2.0
	gthread-2.0
	gobject-2.0
	gio-2.0 gio-unix-2.0"
configure:12452: $? = 0
configure:12526: result: yes
configure:12603: checking for pkg-config
configure:12633: result: /usr/bin/pkg-config
configure:12658: checking pkg-config is at least version 0.16
configure:12661: result: yes
configure:12677: $PKG_CONFIG --exists --print-errors "gio-2.0"
configure:12680: $? = 0
configure:12793: checking for glib-genmarshal
configure:12811: found /usr/bin/glib-genmarshal
configure:12823: result: /usr/bin/glib-genmarshal
configure:12833: checking for glib-mkenums
configure:12851: found /usr/bin/glib-mkenums
configure:12863: result: /usr/bin/glib-mkenums
configure:12873: checking for glib-compile-resources
configure:12891: found /usr/bin/glib-compile-resources
configure:12903: result: /usr/bin/glib-compile-resources
configure:12916: checking for gtk-doc
configure:12919: $PKG_CONFIG --exists --print-errors "$gtk_doc_requires"
Package gtk-doc was not found in the pkg-config search path.
Perhaps you should add the directory containing `gtk-doc.pc'
to the PKG_CONFIG_PATH environment variable
No package 'gtk-doc' found
configure:12922: $? = 1
configure:12928: result: no
configure:12934: WARNING:
  You will not be able to create source packages with 'make dist'
  because gtk-doc >= 1.9 is not found.
configure:12942: checking for gtkdoc-check
configure:12972: result: no
configure:12979: checking for gtkdoc-check
configure:13012: result: no
configure:13021: checking for gtkdoc-rebase
configure:13054: result: no
configure:13065: checking for gtkdoc-mkpdf
configure:13098: result: no
configure:13123: checking whether to build gtk-doc documentation
configure:13125: result: no
configure:13138: checking for GTKDOC_DEPS
configure:13145: $PKG_CONFIG --exists --print-errors "glib-2.0 >= 2.10.0 gobject-2.0  >= 2.10.0"
configure:13148: $? = 0
configure:13162: $PKG_CONFIG --exists --print-errors "glib-2.0 >= 2.10.0 gobject-2.0  >= 2.10.0"
configure:13165: $? = 0
configure:13203: result: yes
configure:13294: checking for gobject-introspection
configure:13325: $PKG_CONFIG --exists --print-errors "gobject-introspection-1.0 >= 1.34"
Package gobject-introspection-1.0 was not found in the pkg-config search path.
Perhaps you should add the directory containing `gobject-introspection-1.0.pc'
to the PKG_CONFIG_PATH environment variable
No package 'gobject-introspection-1.0' found
configure:13328: $? = 1
configure:13340: result: no
configure:13445: checking for GTK
configure:13452: $PKG_CONFIG --exists --print-errors "gtk+-3.0 >= $GTK_REQ gtk+-x11-3.0 >= $GTK_REQ"
configure:13455: $? = 0
configure:13469: $PKG_CONFIG --exists --print-errors "gtk+-3.0 >= $GTK_REQ gtk+-x11-3.0 >= $GTK_REQ"
configure:13472: $? = 0
configure:13530: result: yes
configure:13672: checking for pkg-config
configure:13702: result: /usr/bin/pkg-config
configure:13727: checking pkg-config is at least version 0.9.0
configure:13730: result: yes
configure:13740: $PKG_CONFIG --exists --print-errors "$vapigen_pkg"
configure:13743: $? = 0
configure:13769: checking for vapigen
configure:13791: result: no
configure:13865: checking for timegm
configure:13865: gcc -o conftest -g -O2   conftest.c  >&5
configure:13865: $? = 0
configure:13865: result: yes
configure:13878: checking for mlock
configure:13878: gcc -o conftest -g -O2   conftest.c  >&5
configure:13878: $? = 0
configure:13878: result: yes
configure:13893: checking for P11_KIT
configure:13900: $PKG_CONFIG --exists --print-errors "p11-kit-1 >= 0.19.0"
configure:13903: $? = 0
configure:13917: $PKG_CONFIG --exists --print-errors "p11-kit-1 >= 0.19.0"
configure:13920: $? = 0
configure:13978: result: yes
configure:13985: checking where to put pkcs11 module configuration
configure:13988: result: /usr/share/p11-kit/modules
configure:13996: checking module path to install pkcs11 modules
configure:14012: result: /usr/lib/pkcs11
configure:14026: checking for gpg
configure:14044: found /usr/bin/gpg
configure:14056: result: /usr/bin/gpg
configure:14122: checking for libgcrypt-config
configure:14140: found /usr/bin/libgcrypt-config
configure:14153: result: /usr/bin/libgcrypt-config
configure:14172: checking for LIBGCRYPT - version >= 1.4.5
configure:14210: result: yes (1.8.5)
configure:14226: checking LIBGCRYPT API version
configure:14229: result: okay
configure:14344: checking for debug mode
configure:14385: result: default (-g, debug output, testable)
configure:14388: checking for more warnings
configure:14391: result: yes
configure:14407: checking whether gcc understands -Wno-strict-aliasing
configure:14420: gcc -c 	-Wall 	-Wchar-subscripts -Wmissing-declarations -Wmissing-prototypes 	-Wnested-externs -Wpointer-arith 	-Wcast-align -Wsign-compare 	-g -O2 -g -Wno-strict-aliasing  conftest.c >&5
configure:14420: $? = 0
configure:14429: result: yes
configure:14407: checking whether gcc understands -Wno-sign-compare
configure:14420: gcc -c 	-Wall 	-Wchar-subscripts -Wmissing-declarations -Wmissing-prototypes 	-Wnested-externs -Wpointer-arith 	-Wcast-align -Wsign-compare 	-g -O2 -g -Wno-strict-aliasing -Wno-sign-compare  conftest.c >&5
configure:14420: $? = 0
configure:14429: result: yes
configure:14446: checking build strict
configure:14478: result: no (quick tests, non-fatal warnings)
configure:14483: checking whether to build with gcov testing
configure:14493: result: no
configure:14496: checking code coverage
configure:14652: result: no
configure:14663: checking valgrind
configure:14671: checking valgrind/valgrind.h usability
configure:14671: gcc -c 	-Wall 	-Wchar-subscripts -Wmissing-declarations -Wmissing-prototypes 	-Wnested-externs -Wpointer-arith 	-Wcast-align -Wsign-compare 	-g -O2 -g -Wno-strict-aliasing -Wno-sign-compare  -I./build conftest.c >&5
configure:14671: $? = 0
configure:14671: result: yes
configure:14671: checking valgrind/valgrind.h presence
configure:14671: gcc -E  -I./build conftest.c
configure:14671: $? = 0
configure:14671: result: yes
configure:14671: checking for valgrind/valgrind.h
configure:14671: result: yes
configure:14688: result: yes
configure:14816: checking that generated files are newer than configure
configure:14822: result: done
configure:14832: checking that generated files are newer than configure
configure:14838: result: done
configure:14913: creating ./config.status

## ---------------- ##
## Cache variables. ##
## ---------------- ##

ac_cv_build=x86_64-pc-linux-gnu
ac_cv_c_compiler_gnu=yes
ac_cv_env_CC_set=
ac_cv_env_CC_value=
ac_cv_env_CFLAGS_set=
ac_cv_env_CFLAGS_value=
ac_cv_env_CPPFLAGS_set=
ac_cv_env_CPPFLAGS_value=
ac_cv_env_CPP_set=
ac_cv_env_CPP_value=
ac_cv_env_GLIB_CFLAGS_set=
ac_cv_env_GLIB_CFLAGS_value=
ac_cv_env_GLIB_COMPILE_SCHEMAS_set=
ac_cv_env_GLIB_COMPILE_SCHEMAS_value=
ac_cv_env_GLIB_LIBS_set=
ac_cv_env_GLIB_LIBS_value=
ac_cv_env_GTKDOC_DEPS_CFLAGS_set=
ac_cv_env_GTKDOC_DEPS_CFLAGS_value=
ac_cv_env_GTKDOC_DEPS_LIBS_set=
ac_cv_env_GTKDOC_DEPS_LIBS_value=
ac_cv_env_GTK_CFLAGS_set=
ac_cv_env_GTK_CFLAGS_value=
ac_cv_env_GTK_LIBS_set=
ac_cv_env_GTK_LIBS_value=
ac_cv_env_LDFLAGS_set=
ac_cv_env_LDFLAGS_value=
ac_cv_env_LIBS_set=
ac_cv_env_LIBS_value=
ac_cv_env_LT_SYS_LIBRARY_PATH_set=
ac_cv_env_LT_SYS_LIBRARY_PATH_value=
ac_cv_env_P11_KIT_CFLAGS_set=
ac_cv_env_P11_KIT_CFLAGS_value=
ac_cv_env_P11_KIT_LIBS_set=
ac_cv_env_P11_KIT_LIBS_value=
ac_cv_env_PKG_CONFIG_LIBDIR_set=
ac_cv_env_PKG_CONFIG_LIBDIR_value=
ac_cv_env_PKG_CONFIG_PATH_set=
ac_cv_env_PKG_CONFIG_PATH_value=
ac_cv_env_PKG_CONFIG_set=
ac_cv_env_PKG_CONFIG_value=
ac_cv_env_build_alias_set=
ac_cv_env_build_alias_value=
ac_cv_env_host_alias_set=
ac_cv_env_host_alias_value=
ac_cv_env_target_alias_set=
ac_cv_env_target_alias_value=
ac_cv_func_mlock=yes
ac_cv_func_timegm=yes
ac_cv_header_dlfcn_h=yes
ac_cv_header_inttypes_h=yes
ac_cv_header_memory_h=yes
ac_cv_header_minix_config_h=no
ac_cv_header_stdc=yes
ac_cv_header_stdint_h=yes
ac_cv_header_stdlib_h=yes
ac_cv_header_string_h=yes
ac_cv_header_strings_h=yes
ac_cv_header_sys_stat_h=yes
ac_cv_header_sys_types_h=yes
ac_cv_header_unistd_h=yes
ac_cv_header_valgrind_valgrind_h=yes
ac_cv_host=x86_64-pc-linux-gnu
ac_cv_objext=o
ac_cv_path_EGREP='/usr/bin/grep -E'
ac_cv_path_FGREP='/usr/bin/grep -F'
ac_cv_path_GLIB_COMPILE_RESOURCES=/usr/bin/glib-compile-resources
ac_cv_path_GLIB_GENMARSHAL=/usr/bin/glib-genmarshal
ac_cv_path_GLIB_MKENUMS=/usr/bin/glib-mkenums
ac_cv_path_GMSGFMT=/usr/bin/msgfmt
ac_cv_path_GNUPG=/usr/bin/gpg
ac_cv_path_GREP=/usr/bin/grep
ac_cv_path_LIBGCRYPT_CONFIG=/usr/bin/libgcrypt-config
ac_cv_path_MSGFMT=/usr/bin/msgfmt
ac_cv_path_MSGMERGE=/usr/bin/msgmerge
ac_cv_path_SED=/usr/bin/sed
ac_cv_path_XGETTEXT=/usr/bin/xgettext
ac_cv_path_ac_pt_PKG_CONFIG=/usr/bin/pkg-config
ac_cv_path_install='/usr/bin/install -c'
ac_cv_path_lt_DD=/usr/bin/dd
ac_cv_path_mkdir=/usr/bin/mkdir
ac_cv_prog_AWK=gawk
ac_cv_prog_CPP='gcc -E'
ac_cv_prog_ac_ct_AR=ar
ac_cv_prog_ac_ct_CC=gcc
ac_cv_prog_ac_ct_MANIFEST_TOOL=mt
ac_cv_prog_ac_ct_OBJDUMP=objdump
ac_cv_prog_ac_ct_RANLIB=ranlib
ac_cv_prog_ac_ct_STRIP=strip
ac_cv_prog_cc_c89=
ac_cv_prog_cc_g=yes
ac_cv_prog_make_make_set=yes
ac_cv_safe_to_define___extensions__=yes
ac_cv_search_strerror='none required'
acl_cv_hardcode_direct=no
acl_cv_hardcode_libdir_flag_spec='${wl}-rpath ${wl}$libdir'
acl_cv_hardcode_libdir_separator=
acl_cv_hardcode_minus_L=no
acl_cv_libext=a
acl_cv_libname_spec='lib$name'
acl_cv_library_names_spec='$libname$shrext'
acl_cv_path_LD='/usr/bin/ld -m elf_x86_64'
acl_cv_prog_gnu_ld=yes
acl_cv_rpath=done
acl_cv_shlibext=so
acl_cv_wl=-Wl,
am_cv_CC_dependencies_compiler_type=gcc3
am_cv_make_support_nested_variables=yes
am_cv_prog_cc_c_o=yes
am_cv_prog_tar_ustar=gnutar
gt_cv_func_CFLocaleCopyCurrent=no
gt_cv_func_CFPreferencesCopyAppValue=no
gt_cv_func_gnugettext1_libc=yes
lt_cv_ar_at_file=@
lt_cv_archive_cmds_need_lc=no
lt_cv_deplibs_check_method=pass_all
lt_cv_file_magic_cmd='$MAGIC_CMD'
lt_cv_file_magic_test_file=
lt_cv_ld_reload_flag=-r
lt_cv_nm_interface='BSD nm'
lt_cv_objdir=.libs
lt_cv_path_LD=/usr/bin/ld
lt_cv_path_NM='/usr/bin/nm -B'
lt_cv_path_mainfest_tool=no
lt_cv_prog_compiler_c_o=yes
lt_cv_prog_compiler_pic='-fPIC -DPIC'
lt_cv_prog_compiler_pic_works=yes
lt_cv_prog_compiler_rtti_exceptions=no
lt_cv_prog_compiler_static_works=yes
lt_cv_prog_gnu_ld=yes
lt_cv_sharedlib_from_linklib_cmd='printf %s\n'
lt_cv_shlibpath_overrides_runpath=yes
lt_cv_sys_global_symbol_pipe='sed -n -e '\''s/^.*[	 ]\([ABCDGIRSTW][ABCDGIRSTW]*\)[	 ][	 ]*\([_A-Za-z][_A-Za-z0-9]*\)$/\1 \2 \2/p'\'' | sed '\''/ __gnu_lto/d'\'''
lt_cv_sys_global_symbol_to_c_name_address='sed -n -e '\''s/^: \(.*\) .*$/  {"\1", (void *) 0},/p'\'' -e '\''s/^[ABCDGIRSTW][ABCDGIRSTW]* .* \(.*\)$/  {"\1", (void *) \&\1},/p'\'''
lt_cv_sys_global_symbol_to_c_name_address_lib_prefix='sed -n -e '\''s/^: \(.*\) .*$/  {"\1", (void *) 0},/p'\'' -e '\''s/^[ABCDGIRSTW][ABCDGIRSTW]* .* \(lib.*\)$/  {"\1", (void *) \&\1},/p'\'' -e '\''s/^[ABCDGIRSTW][ABCDGIRSTW]* .* \(.*\)$/  {"lib\1", (void *) \&\1},/p'\'''
lt_cv_sys_global_symbol_to_cdecl='sed -n -e '\''s/^T .* \(.*\)$/extern int \1();/p'\'' -e '\''s/^[ABCDGIRSTW][ABCDGIRSTW]* .* \(.*\)$/extern char \1;/p'\'''
lt_cv_sys_global_symbol_to_import=
lt_cv_sys_max_cmd_len=1572864
lt_cv_to_host_file_cmd=func_convert_file_noop
lt_cv_to_tool_file_cmd=func_convert_file_noop
lt_cv_truncate_bin='/usr/bin/dd bs=4096 count=1'
pkg_cv_GLIB_CFLAGS='-pthread -I/usr/include/gio-unix-2.0 -I/usr/include/libmount -I/usr/include/blkid -I/usr/include/uuid -I/usr/include/glib-2.0 -I/usr/lib/x86_64-linux-gnu/glib-2.0/include'
pkg_cv_GLIB_COMPILE_SCHEMAS=/usr/lib/x86_64-linux-gnu/glib-2.0/glib-compile-schemas
pkg_cv_GLIB_LIBS='-lgmodule-2.0 -pthread -lgthread-2.0 -pthread -lgio-2.0 -lgobject-2.0 -lglib-2.0'
pkg_cv_GTKDOC_DEPS_CFLAGS='-I/usr/include/glib-2.0 -I/usr/lib/x86_64-linux-gnu/glib-2.0/include'
pkg_cv_GTKDOC_DEPS_LIBS='-lgobject-2.0 -lglib-2.0'
pkg_cv_GTK_CFLAGS='-pthread -I/usr/include/gtk-3.0 -I/usr/include/at-spi2-atk/2.0 -I/usr/include/at-spi-2.0 -I/usr/include/dbus-1.0 -I/usr/lib/x86_64-linux-gnu/dbus-1.0/include -I/usr/include/gtk-3.0 -I/usr/include/gio-unix-2.0 -I/usr/include/cairo -I/usr/include/libdrm -I/usr/include/pango-1.0 -I/usr/include/harfbuzz -I/usr/include/pango-1.0 -I/usr/include/fribidi -I/usr/include/atk-1.0 -I/usr/include/cairo -I/usr/include/pixman-1 -I/usr/include/freetype2 -I/usr/include/libpng16 -I/usr/include/gdk-pixbuf-2.0 -I/usr/include/libmount -I/usr/include/blkid -I/usr/include/uuid -I/usr/include/glib-2.0 -I/usr/lib/x86_64-linux-gnu/glib-2.0/include'
pkg_cv_GTK_LIBS='-lgtk-3 -lgdk-3 -lpangocairo-1.0 -lpango-1.0 -latk-1.0 -lcairo-gobject -lcairo -lgdk_pixbuf-2.0 -lgio-2.0 -lgobject-2.0 -lglib-2.0'
pkg_cv_P11_KIT_CFLAGS=-I/usr/include/p11-kit-1
pkg_cv_P11_KIT_LIBS=-lp11-kit

## ----------------- ##
## Output variables. ##
## ----------------- ##










		$(INSTALL_DATA) $^ "$(DESTDIR)$(gsettingsschemadir)"; \
		test -n "$(GSETTINGS_DISABLE_SCHEMAS_COMPILE)$(DESTDIR)" || $(GLIB_COMPILE_SCHEMAS) $(gsettingsschemadir); \
		test -z "$(gsettingsschemadir)" || $(MKDIR_P) "$(DESTDIR)$(gsettingsschemadir)"; \
	$(AM_V_GEN) $(GLIB_COMPILE_SCHEMAS) --strict --dry-run $(addprefix --schema-file=,$(gsettings__enum_file)) --schema-file=$< && mkdir -p $(@D) && touch $@
	$(AM_V_GEN) glib-mkenums --comments '\''<!-- @comment@ -->'\'' --fhead "<schemalist>" --vhead "  <@type@ id='\''$(gsettings_ENUM_NAMESPACE).@EnumName@'\''>" --vprod "    <value nick='\''@valuenick@'\'' value='\''@valuenum@'\''/>" --vtail "  </@type@>" --ftail "</schemalist>" $^ > $@.tmp && mv $@.tmp $@
	@$(NORMAL_INSTALL)
	@$(NORMAL_UNINSTALL)
	@list='\''$(gsettings_SCHEMAS) $(gsettings__enum_file)'\''; test -n "$(gsettingsschemadir)" || list=; \
	cd "$(DESTDIR)$(gsettingsschemadir)" && rm -f $$files
	echo " ( cd '\''$(DESTDIR)$(gsettingsschemadir)'\'' && rm -f" $$files ")"; \
	fi
	files=`for p in $$list; do echo $$p; done | sed -e '\''s|^.*/||'\''`; \
	if test -n "$^"; then \
	rm -f $(gsettings_SCHEMAS:.xml=.valid) $(gsettings__enum_file)
	test -n "$$files" || exit 0; \
	test -n "$(GSETTINGS_DISABLE_SCHEMAS_COMPILE)$(DESTDIR)" || $(GLIB_COMPILE_SCHEMAS) $(gsettingsschemadir)
$(gsettings__enum_file): $(gsettings_ENUM_FILES)
%.gschema.valid: %.gschema.xml $(gsettings__enum_file)
.PHONY : uninstall-gsettings-schemas install-gsettings-schemas clean-gsettings-schemas
.SECONDARY: $(gsettings_SCHEMAS)
ACLOCAL='${SHELL} /home/beangreen247/surf/gcr-3.34.0/build/missing aclocal-1.16'
AMDEPBACKSLASH='\'
AMDEP_FALSE='#'
AMDEP_TRUE=''
AMTAR='$${TAR-tar}'
AM_BACKSLASH='\'
AM_DEFAULT_V='$(AM_DEFAULT_VERBOSITY)'
AM_DEFAULT_VERBOSITY='0'
AM_V='$(V)'
AR='ar'
AUTOCONF='${SHELL} /home/beangreen247/surf/gcr-3.34.0/build/missing autoconf'
AUTOHEADER='${SHELL} /home/beangreen247/surf/gcr-3.34.0/build/missing autoheader'
AUTOMAKE='${SHELL} /home/beangreen247/surf/gcr-3.34.0/build/missing automake-1.16'
AWK='gawk'
CC='gcc'
CCDEPMODE='depmode=gcc3'
CFLAGS='	-Wall 	-Wchar-subscripts -Wmissing-declarations -Wmissing-prototypes 	-Wnested-externs -Wpointer-arith 	-Wcast-align -Wsign-compare 	-g -O2 -g -Wno-strict-aliasing -Wno-sign-compare'
CPP='gcc -E'
CPPFLAGS=''
CYGPATH_W='echo'
DBUS_SERVICES_DIR='${datarootdir}/dbus-1/services'
DEFS='-DHAVE_CONFIG_H'
DEPDIR='.deps'
DLLTOOL='false'
DSYMUTIL=''
DUMPBIN=''
ECHO_C=''
ECHO_N='-n'
ECHO_T=''
EGREP='/usr/bin/grep -E'
ENABLE_GTK_DOC_FALSE=''
ENABLE_GTK_DOC_TRUE='#'
ENABLE_VAPIGEN_FALSE=''
ENABLE_VAPIGEN_TRUE='#'
EXEEXT=''
FGREP='/usr/bin/grep -F'
GCK_LT_RELEASE='0:0:0'
GCK_MAJOR='1'
GCK_MINOR='0'
GCOV=''
GCR_CURRENT='1'
GCR_LT_RELEASE='1:0:0'
GCR_MAJOR='3'
GCR_MICRO='0'
GCR_MINOR='34'
GENHTML=''
GETTEXT_MACRO_VERSION='0.19'
GETTEXT_PACKAGE='gcr'
GLIB_CFLAGS='-pthread -I/usr/include/gio-unix-2.0 -I/usr/include/libmount -I/usr/include/blkid -I/usr/include/uuid -I/usr/include/glib-2.0 -I/usr/lib/x86_64-linux-gnu/glib-2.0/include -DGLIB_VERSION_MIN_REQUIRED=GLIB_VERSION_2_38 -DGLIB_VERSION_MAX_ALLOWED=GLIB_VERSION_2_38'
GLIB_COMPILE_RESOURCES='/usr/bin/glib-compile-resources'
GLIB_COMPILE_SCHEMAS='/usr/lib/x86_64-linux-gnu/glib-2.0/glib-compile-schemas'
GLIB_GENMARSHAL='/usr/bin/glib-genmarshal'
GLIB_LIBS='-lgmodule-2.0 -pthread -lgthread-2.0 -pthread -lgio-2.0 -lgobject-2.0 -lglib-2.0'
GLIB_MKENUMS='/usr/bin/glib-mkenums'
GMSGFMT='/usr/bin/msgfmt'
GMSGFMT_015='/usr/bin/msgfmt'
GNUPG='/usr/bin/gpg'
GREP='/usr/bin/grep'
GSETTINGS_DISABLE_SCHEMAS_COMPILE=''
GSETTINGS_RULES='
GTKDOC_CHECK=''
GTKDOC_CHECK_PATH=''
GTKDOC_DEPS_CFLAGS='-I/usr/include/glib-2.0 -I/usr/lib/x86_64-linux-gnu/glib-2.0/include'
GTKDOC_DEPS_LIBS='-lgobject-2.0 -lglib-2.0'
GTKDOC_MKPDF=''
GTKDOC_REBASE='true'
GTK_CFLAGS='-pthread -I/usr/include/gtk-3.0 -I/usr/include/at-spi2-atk/2.0 -I/usr/include/at-spi-2.0 -I/usr/include/dbus-1.0 -I/usr/lib/x86_64-linux-gnu/dbus-1.0/include -I/usr/include/gtk-3.0 -I/usr/include/gio-unix-2.0 -I/usr/include/cairo -I/usr/include/libdrm -I/usr/include/pango-1.0 -I/usr/include/harfbuzz -I/usr/include/pango-1.0 -I/usr/include/fribidi -I/usr/include/atk-1.0 -I/usr/include/cairo -I/usr/include/pixman-1 -I/usr/include/freetype2 -I/usr/include/libpng16 -I/usr/include/gdk-pixbuf-2.0 -I/usr/include/libmount -I/usr/include/blkid -I/usr/include/uuid -I/usr/include/glib-2.0 -I/usr/lib/x86_64-linux-gnu/glib-2.0/include'
GTK_DOC_BUILD_HTML_FALSE='#'
GTK_DOC_BUILD_HTML_TRUE=''
GTK_DOC_BUILD_PDF_FALSE=''
GTK_DOC_BUILD_PDF_TRUE='#'
GTK_DOC_USE_LIBTOOL_FALSE='#'
GTK_DOC_USE_LIBTOOL_TRUE=''
GTK_DOC_USE_REBASE_FALSE='#'
GTK_DOC_USE_REBASE_TRUE=''
GTK_LIBS='-lgtk-3 -lgdk-3 -lpangocairo-1.0 -lpango-1.0 -latk-1.0 -lcairo-gobject -lcairo -lgdk_pixbuf-2.0 -lgio-2.0 -lgobject-2.0 -lglib-2.0'
HAVE_GTK_DOC_FALSE=''
HAVE_GTK_DOC_TRUE='#'
HAVE_INTROSPECTION_FALSE=''
HAVE_INTROSPECTION_TRUE='#'
HAVE_VALAC_FALSE=''
HAVE_VALAC_TRUE='#'
HTML_DIR='${datadir}/gtk-doc/html'
INSTALL_DATA='${INSTALL} -m 644'
INSTALL_PROGRAM='${INSTALL}'
INSTALL_SCRIPT='${INSTALL}'
INSTALL_STRIP_PROGRAM='$(install_sh) -c -s'
INTLLIBS=''
INTL_MACOSX_LIBS=''
INTROSPECTION_CFLAGS=''
INTROSPECTION_COMPILER=''
INTROSPECTION_FLAGS=''
INTROSPECTION_GENERATE=''
INTROSPECTION_GIRDIR=''
INTROSPECTION_LIBS=''
INTROSPECTION_MAKEFILE=''
INTROSPECTION_SCANNER=''
INTROSPECTION_TYPELIBDIR=''
LCOV=''
LD='/usr/bin/ld -m elf_x86_64'
LDFLAGS=''
LIBGCRYPT_CFLAGS=''
LIBGCRYPT_CONFIG='/usr/bin/libgcrypt-config'
LIBGCRYPT_LIBS='-lgcrypt -lgpg-error'
LIBICONV='-liconv'
LIBINTL=''
LIBOBJS=''
LIBS=''
LIBTOOL='$(SHELL) $(top_builddir)/libtool'
LIPO=''
LN_S='ln -s'
LTLIBICONV='-liconv'
LTLIBINTL=''
LTLIBOBJS=''
LT_SYS_LIBRARY_PATH=''
MAINT=''
MAINTAINER_MODE_FALSE='#'
MAINTAINER_MODE_TRUE=''
MAKEINFO='${SHELL} /home/beangreen247/surf/gcr-3.34.0/build/missing makeinfo'
MANIFEST_TOOL=':'
MKDIR_P='/usr/bin/mkdir -p'
MSGFMT='/usr/bin/msgfmt'
MSGFMT_015='/usr/bin/msgfmt'
MSGMERGE='/usr/bin/msgmerge'
NM='/usr/bin/nm -B'
NMEDIT=''
OBJDUMP='objdump'
OBJEXT='o'
OTOOL64=''
OTOOL=''
P11_KIT_CFLAGS='-I/usr/include/p11-kit-1'
P11_KIT_LIBS='-lp11-kit'
P11_MODULE_PATH='/usr/lib/pkcs11'
P11_SYSTEM_CONFIG_MODULES='/usr/share/p11-kit/modules'
PACKAGE='gcr'
PACKAGE_BUGREPORT='http://bugzilla.gnome.org/enter_bug.cgi?product=gnome-keyring&component=gcr'
PACKAGE_NAME='gcr'
PACKAGE_STRING='gcr 3.34.0'
PACKAGE_TARNAME='gcr'
PACKAGE_URL=''
PACKAGE_VERSION='3.34.0'
PATH_SEPARATOR=':'
PKG_CONFIG='/usr/bin/pkg-config'
PKG_CONFIG_LIBDIR=''
PKG_CONFIG_PATH=''
POSUB='po'
RANLIB='ranlib'
SED='/usr/bin/sed'
SET_MAKE=''
SHELL='/bin/bash'
STRIP='strip'
TEST_MODE='quick'
USE_NLS='yes'
VALAC=''
VAPIGEN=''
VAPIGEN_MAKEFILE=''
VAPIGEN_VAPIDIR=''
VERSION='3.34.0'
WITH_COVERAGE_FALSE=''
WITH_COVERAGE_TRUE='#'
WITH_GTK_FALSE='#'
WITH_GTK_TRUE=''
WITH_UPDATE_ICON_CACHE_FALSE='#'
WITH_UPDATE_ICON_CACHE_TRUE=''
WITH_UPDATE_MIME_FALSE='#'
WITH_UPDATE_MIME_TRUE=''
XGETTEXT='/usr/bin/xgettext'
XGETTEXT_015='/usr/bin/xgettext'
XGETTEXT_EXTRA_OPTIONS=''
XSLTPROC=''
ac_ct_AR='ar'
ac_ct_CC='gcc'
ac_ct_DUMPBIN=''
all-am: $(gsettings_SCHEMAS:.xml=.valid)
am__EXEEXT_FALSE=''
am__EXEEXT_TRUE='#'
am__fastdepCC_FALSE='#'
am__fastdepCC_TRUE=''
am__include='include'
am__isrc=''
am__leading_dot='.'
am__nodep='_no'
am__quote=''
am__tar='tar --format=ustar -chf - "$$tardir"'
am__untar='tar -xf -'
bindir='${exec_prefix}/bin'
build='x86_64-pc-linux-gnu'
build_alias=''
build_cpu='x86_64'
build_os='linux-gnu'
build_vendor='pc'
clean-gsettings-schemas:
datadir='${datarootdir}'
datarootdir='${prefix}/share'
docdir='${datarootdir}/doc/${PACKAGE_TARNAME}'
dvidir='${docdir}'
endif'
exec_prefix='${prefix}'
gsettings__enum_file = $(addsuffix .enums.xml,$(gsettings_ENUM_NAMESPACE))
gsettingsschemadir='${datarootdir}/glib-2.0/schemas'
host='x86_64-pc-linux-gnu'
host_alias=''
host_cpu='x86_64'
host_os='linux-gnu'
host_vendor='pc'
htmldir='${docdir}'
ifdef gsettings_ENUM_NAMESPACE
includedir='${prefix}/include'
infodir='${datarootdir}/info'
install-data-am: install-gsettings-schemas
install-gsettings-schemas: $(gsettings_SCHEMAS) $(gsettings__enum_file)
install_sh='${SHELL} /home/beangreen247/surf/gcr-3.34.0/build/install-sh'
libdir='${exec_prefix}/lib'
libexecdir='${exec_prefix}/libexec'
localedir='${datarootdir}/locale'
localstatedir='${prefix}/var'
mandir='${datarootdir}/man'
mkdir_p='$(MKDIR_P)'
mostlyclean-am: clean-gsettings-schemas
oldincludedir='/usr/include'
pdfdir='${docdir}'
pkcs11standalonedir='${exec_prefix}/lib/gnome-keyring/devel'
prefix='/usr'
program_transform_name='s,x,x,'
psdir='${docdir}'
runstatedir='${localstatedir}/run'
sbindir='${exec_prefix}/sbin'
sharedstatedir='${prefix}/com'
sysconfdir='${prefix}/etc'
target_alias=''
uninstall-am: uninstall-gsettings-schemas
uninstall-gsettings-schemas:

## ----------- ##
## confdefs.h. ##
## ----------- ##

/* confdefs.h */
#define PACKAGE_NAME "gcr"
#define PACKAGE_TARNAME "gcr"
#define PACKAGE_VERSION "3.34.0"
#define PACKAGE_STRING "gcr 3.34.0"
#define PACKAGE_BUGREPORT "http://bugzilla.gnome.org/enter_bug.cgi?product=gnome-keyring&component=gcr"
#define PACKAGE_URL ""
#define PACKAGE "gcr"
#define VERSION "3.34.0"
#define STDC_HEADERS 1
#define HAVE_SYS_TYPES_H 1
#define HAVE_SYS_STAT_H 1
#define HAVE_STDLIB_H 1
#define HAVE_STRING_H 1
#define HAVE_MEMORY_H 1
#define HAVE_STRINGS_H 1
#define HAVE_INTTYPES_H 1
#define HAVE_STDINT_H 1
#define HAVE_UNISTD_H 1
#define __EXTENSIONS__ 1
#define _ALL_SOURCE 1
#define _GNU_SOURCE 1
#define _POSIX_PTHREAD_SEMANTICS 1
#define _TANDEM_SOURCE 1
#define HAVE_DLFCN_H 1
#define LT_OBJDIR ".libs/"
#define ENABLE_NLS 1
#define HAVE_GETTEXT 1
#define HAVE_DCGETTEXT 1
#define GETTEXT_PACKAGE "gcr"
#define HAVE_TIMEGM 1
#define HAVE_TIMEGM 1
#define HAVE_MLOCK 1
#define GPG_EXECUTABLE "/usr/bin/gpg"
#define LIBGCRYPT_VERSION "1.4.5"
#define WITH_DEBUG 1
#define _DEBUG 1
#define WITH_VALGRIND 1

configure: exit 0

## ---------------------- ##
## Running config.status. ##
## ---------------------- ##

This file was extended by gcr config.status 3.34.0, which was
generated by GNU Autoconf 2.69.  Invocation command line was

  CONFIG_FILES    = 
  CONFIG_HEADERS  = 
  CONFIG_LINKS    = 
  CONFIG_COMMANDS = 
  $ ./config.status 

on ihatewindows

config.status:1276: creating Makefile
config.status:1276: creating docs/reference/gck/Makefile
config.status:1276: creating docs/reference/gck/version.xml
config.status:1276: creating docs/reference/gcr/Makefile
config.status:1276: creating docs/reference/gcr/version.xml
config.status:1276: creating gck/gck.pc
config.status:1276: creating gck/gck-version.h
config.status:1276: creating gcr/gcr-base.pc
config.status:1276: creating gcr/gcr-version.h
config.status:1276: creating po/Makefile.in
config.status:1276: creating ui/gcr.pc
config.status:1276: creating ui/gcr-ui.pc
config.status:1276: creating ui/gcr-prompter.desktop.in
config.status:1276: creating ui/gcr-viewer.desktop.in
config.status:1276: creating ui/icons/16x16/Makefile
config.status:1276: creating ui/icons/22x22/Makefile
config.status:1276: creating ui/icons/24x24/Makefile
config.status:1276: creating ui/icons/32x32/Makefile
config.status:1276: creating ui/icons/48x48/Makefile
config.status:1276: creating ui/icons/256x256/Makefile
config.status:1276: creating config.h
config.status:1457: config.h is unchanged
config.status:1505: executing depfiles commands
config.status:1582: cd .       && sed -e '/# am--include-marker/d' Makefile         | make -f - am--depfiles
make[1]: warning: jobserver unavailable: using -j1.  Add '+' to parent make rule.
make[1]: Entering directory '/home/beangreen247/surf/gcr-3.34.0'
make[1]: Nothing to be done for 'am--depfiles'.
make[1]: Leaving directory '/home/beangreen247/surf/gcr-3.34.0'
config.status:1587: $? = 0
config.status:1505: executing libtool commands
config.status:1505: executing po-directories commands

## ---------------------- ##
## Running config.status. ##
## ---------------------- ##

This file was extended by gcr config.status 3.34.0, which was
generated by GNU Autoconf 2.69.  Invocation command line was

  CONFIG_FILES    = 
  CONFIG_HEADERS  = 
  CONFIG_LINKS    = 
  CONFIG_COMMANDS = 
  $ ./config.status config.h

on ihatewindows

config.status:1276: creating config.h
config.status:1457: config.h is unchanged
