This file contains any messages produced by compilers while
running configure, to aid debugging if configure makes a mistake.

It was created by libgcrypt configure 1.8.5, which was
generated by GNU Autoconf 2.69.  Invocation command line was

  $ ./configure --prefix=/usr

## --------- ##
## Platform. ##
## --------- ##

hostname = ihatewindows
uname -m = x86_64
uname -r = 4.19.0-8-amd64
uname -s = Linux
uname -v = #1 SMP Debian 4.19.98-1 (2020-01-26)

/usr/bin/uname -p = unknown
/bin/uname -X     = unknown

/bin/arch              = x86_64
/usr/bin/arch -k       = unknown
/usr/convex/getsysinfo = unknown
/usr/bin/hostinfo      = unknown
/bin/machine           = unknown
/usr/bin/oslevel       = unknown
/bin/universe          = unknown

PATH: /usr/local/bin
PATH: /usr/bin
PATH: /bin
PATH: /usr/local/games
PATH: /usr/games


## ----------- ##
## Core tests. ##
## ----------- ##

configure:2760: checking for a BSD-compatible install
configure:2828: result: /usr/bin/install -c
configure:2839: checking whether build environment is sane
configure:2894: result: yes
configure:3043: checking for a thread-safe mkdir -p
configure:3082: result: /usr/bin/mkdir -p
configure:3089: checking for gawk
configure:3105: found /usr/bin/gawk
configure:3116: result: gawk
configure:3127: checking whether make sets $(MAKE)
configure:3149: result: yes
configure:3178: checking whether make supports nested variables
configure:3195: result: yes
configure:3329: checking build system type
configure:3343: result: x86_64-pc-linux-gnu
configure:3363: checking host system type
configure:3376: result: x86_64-pc-linux-gnu
configure:3397: checking whether to enable maintainer-specific portions of Makefiles
configure:3406: result: no
configure:3430: checking whether make supports nested variables
configure:3447: result: yes
configure:3491: checking whether make sets $(MAKE)
configure:3513: result: yes
configure:3584: checking for gcc
configure:3600: found /usr/bin/gcc
configure:3611: result: gcc
configure:3840: checking for C compiler version
configure:3849: gcc --version >&5
gcc (Debian 8.3.0-6) 8.3.0
Copyright (C) 2018 Free Software Foundation, Inc.
This is free software; see the source for copying conditions.  There is NO
warranty; not even for MERCHANTABILITY or FITNESS FOR A PARTICULAR PURPOSE.

configure:3860: $? = 0
configure:3849: gcc -v >&5
Using built-in specs.
COLLECT_GCC=gcc
COLLECT_LTO_WRAPPER=/usr/lib/gcc/x86_64-linux-gnu/8/lto-wrapper
OFFLOAD_TARGET_NAMES=nvptx-none
OFFLOAD_TARGET_DEFAULT=1
Target: x86_64-linux-gnu
Configured with: ../src/configure -v --with-pkgversion='Debian 8.3.0-6' --with-bugurl=file:///usr/share/doc/gcc-8/README.Bugs --enable-languages=c,ada,c++,go,brig,d,fortran,objc,obj-c++ --prefix=/usr --with-gcc-major-version-only --program-suffix=-8 --program-prefix=x86_64-linux-gnu- --enable-shared --enable-linker-build-id --libexecdir=/usr/lib --without-included-gettext --enable-threads=posix --libdir=/usr/lib --enable-nls --enable-bootstrap --enable-clocale=gnu --enable-libstdcxx-debug --enable-libstdcxx-time=yes --with-default-libstdcxx-abi=new --enable-gnu-unique-object --disable-vtable-verify --enable-libmpx --enable-plugin --enable-default-pie --with-system-zlib --with-target-system-zlib --enable-objc-gc=auto --enable-multiarch --disable-werror --with-arch-32=i686 --with-abi=m64 --with-multilib-list=m32,m64,mx32 --enable-multilib --with-tune=generic --enable-offload-targets=nvptx-none --without-cuda-driver --enable-checking=release --build=x86_64-linux-gnu --host=x86_64-linux-gnu --target=x86_64-linux-gnu
Thread model: posix
gcc version 8.3.0 (Debian 8.3.0-6) 
configure:3860: $? = 0
configure:3849: gcc -V >&5
gcc: error: unrecognized command line option '-V'
gcc: fatal error: no input files
compilation terminated.
configure:3860: $? = 1
configure:3849: gcc -qversion >&5
gcc: error: unrecognized command line option '-qversion'; did you mean '--version'?
gcc: fatal error: no input files
compilation terminated.
configure:3860: $? = 1
configure:3880: checking whether the C compiler works
configure:3902: gcc    conftest.c  >&5
configure:3906: $? = 0
configure:3954: result: yes
configure:3957: checking for C compiler default output file name
configure:3959: result: a.out
configure:3965: checking for suffix of executables
configure:3972: gcc -o conftest    conftest.c  >&5
configure:3976: $? = 0
configure:3998: result: 
configure:4020: checking whether we are cross compiling
configure:4028: gcc -o conftest    conftest.c  >&5
configure:4032: $? = 0
configure:4039: ./conftest
configure:4043: $? = 0
configure:4031: result: no
configure:4036: checking for suffix of object files
configure:4058: gcc -c   conftest.c >&5
configure:4062: $? = 0
configure:4083: result: o
configure:4087: checking whether we are using the GNU C compiler
configure:4106: gcc -c   conftest.c >&5
configure:4106: $? = 0
configure:4115: result: yes
configure:4124: checking whether gcc accepts -g
configure:4144: gcc -c -g  conftest.c >&5
configure:4144: $? = 0
configure:4185: result: yes
configure:4202: checking for gcc option to accept ISO C89
configure:4265: gcc  -c -g -O2  conftest.c >&5
configure:4265: $? = 0
configure:4278: result: none needed
configure:4303: checking whether gcc understands -c and -o together
configure:4325: gcc -c conftest.c -o conftest2.o
configure:4328: $? = 0
configure:4325: gcc -c conftest.c -o conftest2.o
configure:4328: $? = 0
configure:4340: result: yes
configure:4368: checking for style of include used by make
configure:4396: result: GNU
configure:4422: checking dependency style of gcc
configure:4533: result: gcc3
configure:4553: checking how to run the C preprocessor
configure:4584: gcc -E  conftest.c
configure:4584: $? = 0
configure:4598: gcc -E  conftest.c
conftest.c:13:10: fatal error: ac_nonexistent.h: No such file or directory
 #include <ac_nonexistent.h>
          ^~~~~~~~~~~~~~~~~~
compilation terminated.
configure:4598: $? = 1
configure: failed program was:
| /* confdefs.h */
| #define PACKAGE_NAME "libgcrypt"
| #define PACKAGE_TARNAME "libgcrypt"
| #define PACKAGE_VERSION "1.8.5"
| #define PACKAGE_STRING "libgcrypt 1.8.5"
| #define PACKAGE_BUGREPORT "http://bugs.gnupg.org"
| #define PACKAGE_URL ""
| #define PACKAGE "libgcrypt"
| #define VERSION "1.8.5"
| #define PACKAGE "libgcrypt"
| #define VERSION "1.8.5"
| /* end confdefs.h.  */
| #include <ac_nonexistent.h>
configure:4623: result: gcc -E
configure:4643: gcc -E  conftest.c
configure:4643: $? = 0
configure:4657: gcc -E  conftest.c
conftest.c:13:10: fatal error: ac_nonexistent.h: No such file or directory
 #include <ac_nonexistent.h>
          ^~~~~~~~~~~~~~~~~~
compilation terminated.
configure:4657: $? = 1
configure: failed program was:
| /* confdefs.h */
| #define PACKAGE_NAME "libgcrypt"
| #define PACKAGE_TARNAME "libgcrypt"
| #define PACKAGE_VERSION "1.8.5"
| #define PACKAGE_STRING "libgcrypt 1.8.5"
| #define PACKAGE_BUGREPORT "http://bugs.gnupg.org"
| #define PACKAGE_URL ""
| #define PACKAGE "libgcrypt"
| #define VERSION "1.8.5"
| #define PACKAGE "libgcrypt"
| #define VERSION "1.8.5"
| /* end confdefs.h.  */
| #include <ac_nonexistent.h>
configure:4695: checking dependency style of gcc
configure:4804: result: gcc3
configure:4820: checking for library containing strerror
configure:4851: gcc -o conftest -g -O2   conftest.c  >&5
configure:4851: $? = 0
configure:4868: result: none required
configure:4881: checking for gawk
configure:4908: result: gawk
configure:4921: checking for grep that handles long lines and -e
configure:4979: result: /usr/bin/grep
configure:4984: checking for egrep
configure:5046: result: /usr/bin/grep -E
configure:5051: checking for ANSI C header files
configure:5071: gcc -c -g -O2  conftest.c >&5
configure:5071: $? = 0
configure:5144: gcc -o conftest -g -O2   conftest.c  >&5
configure:5144: $? = 0
configure:5144: ./conftest
configure:5144: $? = 0
configure:5155: result: yes
configure:5168: checking for sys/types.h
configure:5168: gcc -c -g -O2  conftest.c >&5
configure:5168: $? = 0
configure:5168: result: yes
configure:5168: checking for sys/stat.h
configure:5168: gcc -c -g -O2  conftest.c >&5
configure:5168: $? = 0
configure:5168: result: yes
configure:5168: checking for stdlib.h
configure:5168: gcc -c -g -O2  conftest.c >&5
configure:5168: $? = 0
configure:5168: result: yes
configure:5168: checking for string.h
configure:5168: gcc -c -g -O2  conftest.c >&5
configure:5168: $? = 0
configure:5168: result: yes
configure:5168: checking for memory.h
configure:5168: gcc -c -g -O2  conftest.c >&5
configure:5168: $? = 0
configure:5168: result: yes
configure:5168: checking for strings.h
configure:5168: gcc -c -g -O2  conftest.c >&5
configure:5168: $? = 0
configure:5168: result: yes
configure:5168: checking for inttypes.h
configure:5168: gcc -c -g -O2  conftest.c >&5
configure:5168: $? = 0
configure:5168: result: yes
configure:5168: checking for stdint.h
configure:5168: gcc -c -g -O2  conftest.c >&5
configure:5168: $? = 0
configure:5168: result: yes
configure:5168: checking for unistd.h
configure:5168: gcc -c -g -O2  conftest.c >&5
configure:5168: $? = 0
configure:5168: result: yes
configure:5181: checking minix/config.h usability
configure:5181: gcc -c -g -O2  conftest.c >&5
conftest.c:56:10: fatal error: minix/config.h: No such file or directory
 #include <minix/config.h>
          ^~~~~~~~~~~~~~~~
compilation terminated.
configure:5181: $? = 1
configure: failed program was:
| /* confdefs.h */
| #define PACKAGE_NAME "libgcrypt"
| #define PACKAGE_TARNAME "libgcrypt"
| #define PACKAGE_VERSION "1.8.5"
| #define PACKAGE_STRING "libgcrypt 1.8.5"
| #define PACKAGE_BUGREPORT "http://bugs.gnupg.org"
| #define PACKAGE_URL ""
| #define PACKAGE "libgcrypt"
| #define VERSION "1.8.5"
| #define PACKAGE "libgcrypt"
| #define VERSION "1.8.5"
| #define STDC_HEADERS 1
| #define HAVE_SYS_TYPES_H 1
| #define HAVE_SYS_STAT_H 1
| #define HAVE_STDLIB_H 1
| #define HAVE_STRING_H 1
| #define HAVE_MEMORY_H 1
| #define HAVE_STRINGS_H 1
| #define HAVE_INTTYPES_H 1
| #define HAVE_STDINT_H 1
| #define HAVE_UNISTD_H 1
| /* end confdefs.h.  */
| #include <stdio.h>
| #ifdef HAVE_SYS_TYPES_H
| # include <sys/types.h>
| #endif
| #ifdef HAVE_SYS_STAT_H
| # include <sys/stat.h>
| #endif
| #ifdef STDC_HEADERS
| # include <stdlib.h>
| # include <stddef.h>
| #else
| # ifdef HAVE_STDLIB_H
| #  include <stdlib.h>
| # endif
| #endif
| #ifdef HAVE_STRING_H
| # if !defined STDC_HEADERS && defined HAVE_MEMORY_H
| #  include <memory.h>
| # endif
| # include <string.h>
| #endif
| #ifdef HAVE_STRINGS_H
| # include <strings.h>
| #endif
| #ifdef HAVE_INTTYPES_H
| # include <inttypes.h>
| #endif
| #ifdef HAVE_STDINT_H
| # include <stdint.h>
| #endif
| #ifdef HAVE_UNISTD_H
| # include <unistd.h>
| #endif
| #include <minix/config.h>
configure:5181: result: no
configure:5181: checking minix/config.h presence
configure:5181: gcc -E  conftest.c
conftest.c:23:10: fatal error: minix/config.h: No such file or directory
 #include <minix/config.h>
          ^~~~~~~~~~~~~~~~
compilation terminated.
configure:5181: $? = 1
configure: failed program was:
| /* confdefs.h */
| #define PACKAGE_NAME "libgcrypt"
| #define PACKAGE_TARNAME "libgcrypt"
| #define PACKAGE_VERSION "1.8.5"
| #define PACKAGE_STRING "libgcrypt 1.8.5"
| #define PACKAGE_BUGREPORT "http://bugs.gnupg.org"
| #define PACKAGE_URL ""
| #define PACKAGE "libgcrypt"
| #define VERSION "1.8.5"
| #define PACKAGE "libgcrypt"
| #define VERSION "1.8.5"
| #define STDC_HEADERS 1
| #define HAVE_SYS_TYPES_H 1
| #define HAVE_SYS_STAT_H 1
| #define HAVE_STDLIB_H 1
| #define HAVE_STRING_H 1
| #define HAVE_MEMORY_H 1
| #define HAVE_STRINGS_H 1
| #define HAVE_INTTYPES_H 1
| #define HAVE_STDINT_H 1
| #define HAVE_UNISTD_H 1
| /* end confdefs.h.  */
| #include <minix/config.h>
configure:5181: result: no
configure:5181: checking for minix/config.h
configure:5181: result: no
configure:5202: checking whether it is safe to define __EXTENSIONS__
configure:5220: gcc -c -g -O2  conftest.c >&5
configure:5220: $? = 0
configure:5227: result: yes
configure:5249: checking for cc for build
configure:5256: result: gcc
configure:5308: checking how to print strings
configure:5335: result: printf
configure:5356: checking for a sed that does not truncate output
configure:5420: result: /usr/bin/sed
configure:5438: checking for fgrep
configure:5500: result: /usr/bin/grep -F
configure:5535: checking for ld used by gcc
configure:5602: result: /usr/bin/ld
configure:5609: checking if the linker (/usr/bin/ld) is GNU ld
configure:5624: result: yes
configure:5636: checking for BSD- or MS-compatible name lister (nm)
configure:5685: result: /usr/bin/nm -B
configure:5815: checking the name lister (/usr/bin/nm -B) interface
configure:5822: gcc -c -g -O2  conftest.c >&5
configure:5825: /usr/bin/nm -B "conftest.o"
configure:5828: output
0000000000000000 B some_variable
configure:5829: result: BSD nm
configure:5832: checking whether ln -s works
configure:5836: result: yes
configure:5844: checking the maximum length of command line arguments
configure:5974: result: 1572864
configure:5991: checking whether the shell understands some XSI constructs
configure:6000: result: yes
configure:6004: checking whether the shell understands "+="
configure:6008: result: yes
configure:6043: checking how to convert x86_64-pc-linux-gnu file names to x86_64-pc-linux-gnu format
configure:6083: result: func_convert_file_noop
configure:6090: checking how to convert x86_64-pc-linux-gnu file names to toolchain format
configure:6110: result: func_convert_file_noop
configure:6117: checking for /usr/bin/ld option to reload object files
configure:6124: result: -r
configure:6198: checking for objdump
configure:6214: found /usr/bin/objdump
configure:6225: result: objdump
configure:6254: checking how to recognize dependent libraries
configure:6456: result: pass_all
configure:6541: checking for dlltool
configure:6571: result: no
configure:6598: checking how to associate runtime and link libraries
configure:6625: result: printf %s\n
configure:6685: checking for ar
configure:6701: found /usr/bin/ar
configure:6712: result: ar
configure:6749: checking for archiver @FILE support
configure:6766: gcc -c -g -O2  conftest.c >&5
configure:6766: $? = 0
configure:6769: ar cru libconftest.a @conftest.lst >&5
ar: `u' modifier ignored since `D' is the default (see `U')
configure:6772: $? = 0
configure:6777: ar cru libconftest.a @conftest.lst >&5
ar: `u' modifier ignored since `D' is the default (see `U')
ar: conftest.o: No such file or directory
configure:6780: $? = 1
configure:6779: result: @
configure:6837: checking for strip
configure:6853: found /usr/bin/strip
configure:6864: result: strip
configure:6936: checking for ranlib
configure:6952: found /usr/bin/ranlib
configure:6963: result: ranlib
configure:7065: checking command to parse /usr/bin/nm -B output from gcc object
configure:7185: gcc -c -g -O2  conftest.c >&5
configure:7188: $? = 0
configure:7192: /usr/bin/nm -B conftest.o \| sed -n -e 's/^.*[ ]\([ABCDGIRSTW][ABCDGIRSTW]*\)[ ][ ]*\([_A-Za-z][_A-Za-z0-9]*\)$/\1 \2 \2/p' | sed '/ __gnu_lto/d' \> conftest.nm
configure:7195: $? = 0
configure:7261: gcc -o conftest -g -O2   conftest.c conftstm.o >&5
configure:7264: $? = 0
configure:7302: result: ok
configure:7339: checking for sysroot
configure:7369: result: no
configure:7446: gcc -c -g -O2  conftest.c >&5
configure:7449: $? = 0
configure:7631: checking for mt
configure:7647: found /usr/bin/mt
configure:7658: result: mt
configure:7681: checking if mt is a manifest tool
configure:7687: mt '-?'
configure:7695: result: no
configure:8334: checking for dlfcn.h
configure:8334: gcc -c -g -O2  conftest.c >&5
configure:8334: $? = 0
configure:8334: result: yes
configure:8837: checking for objdir
configure:8852: result: .libs
configure:9123: checking if gcc supports -fno-rtti -fno-exceptions
configure:9141: gcc -c -g -O2  -fno-rtti -fno-exceptions conftest.c >&5
cc1: warning: command line option '-fno-rtti' is valid for C++/ObjC++ but not for C
configure:9145: $? = 0
configure:9158: result: no
configure:9485: checking for gcc option to produce PIC
configure:9492: result: -fPIC -DPIC
configure:9500: checking if gcc PIC flag -fPIC -DPIC works
configure:9518: gcc -c -g -O2  -fPIC -DPIC -DPIC conftest.c >&5
configure:9522: $? = 0
configure:9535: result: yes
configure:9564: checking if gcc static flag -static works
configure:9592: result: yes
configure:9607: checking if gcc supports -c -o file.o
configure:9628: gcc -c -g -O2  -o out/conftest2.o conftest.c >&5
configure:9632: $? = 0
configure:9654: result: yes
configure:9662: checking if gcc supports -c -o file.o
configure:9709: result: yes
configure:9742: checking whether the gcc linker (/usr/bin/ld -m elf_x86_64) supports shared libraries
configure:10899: result: yes
configure:10936: checking whether -lc should be explicitly linked in
configure:10944: gcc -c -g -O2  conftest.c >&5
configure:10947: $? = 0
configure:10962: gcc -shared  -fPIC -DPIC conftest.o  -v -Wl,-soname -Wl,conftest -o conftest 2\>\&1 \| /usr/bin/grep  -lc  \>/dev/null 2\>\&1
configure:10965: $? = 0
configure:10979: result: no
configure:11139: checking dynamic linker characteristics
configure:11670: gcc -o conftest -g -O2   -Wl,-rpath -Wl,/foo conftest.c  >&5
configure:11670: $? = 0
configure:11904: result: GNU/Linux ld.so
configure:12011: checking how to hardcode library paths into programs
configure:12036: result: immediate
configure:12576: checking whether stripping libraries is possible
configure:12581: result: yes
configure:12616: checking if libtool supports shared libraries
configure:12618: result: yes
configure:12621: checking whether to build shared libraries
configure:12642: result: yes
configure:12645: checking whether to build static libraries
configure:12649: result: no
configure:9703: checking for windres
configure:9733: result: no
configure:10012: checking whether byte ordering is bigendian
configure:10027: gcc -c -g -O2  conftest.c >&5
conftest.c:31:9: error: unknown type name 'not'
         not a universal capable compiler
         ^~~
conftest.c:31:15: error: expected '=', ',', ';', 'asm' or '__attribute__' before 'universal'
         not a universal capable compiler
               ^~~~~~~~~
conftest.c:31:15: error: unknown type name 'universal'
configure:10027: $? = 1
configure: failed program was:
| /* confdefs.h */
| #define PACKAGE_NAME "libgcrypt"
| #define PACKAGE_TARNAME "libgcrypt"
| #define PACKAGE_VERSION "1.8.5"
| #define PACKAGE_STRING "libgcrypt 1.8.5"
| #define PACKAGE_BUGREPORT "http://bugs.gnupg.org"
| #define PACKAGE_URL ""
| #define PACKAGE "libgcrypt"
| #define VERSION "1.8.5"
| #define PACKAGE "libgcrypt"
| #define VERSION "1.8.5"
| #define STDC_HEADERS 1
| #define HAVE_SYS_TYPES_H 1
| #define HAVE_SYS_STAT_H 1
| #define HAVE_STDLIB_H 1
| #define HAVE_STRING_H 1
| #define HAVE_MEMORY_H 1
| #define HAVE_STRINGS_H 1
| #define HAVE_INTTYPES_H 1
| #define HAVE_STDINT_H 1
| #define HAVE_UNISTD_H 1
| #define __EXTENSIONS__ 1
| #define _ALL_SOURCE 1
| #define _GNU_SOURCE 1
| #define _POSIX_PTHREAD_SEMANTICS 1
| #define _TANDEM_SOURCE 1
| #define HAVE_DLFCN_H 1
| #define LT_OBJDIR ".libs/"
| /* end confdefs.h.  */
| #ifndef __APPLE_CC__
| 	       not a universal capable compiler
| 	     #endif
| 	     typedef int dummy;
| 
configure:10072: gcc -c -g -O2  conftest.c >&5
configure:10072: $? = 0
configure:10090: gcc -c -g -O2  conftest.c >&5
conftest.c: In function 'main':
conftest.c:37:4: error: unknown type name 'not'; did you mean 'ino_t'?
    not big endian
    ^~~
    ino_t
conftest.c:37:12: error: expected '=', ',', ';', 'asm' or '__attribute__' before 'endian'
    not big endian
            ^~~~~~
configure:10090: $? = 1
configure: failed program was:
| /* confdefs.h */
| #define PACKAGE_NAME "libgcrypt"
| #define PACKAGE_TARNAME "libgcrypt"
| #define PACKAGE_VERSION "1.8.5"
| #define PACKAGE_STRING "libgcrypt 1.8.5"
| #define PACKAGE_BUGREPORT "http://bugs.gnupg.org"
| #define PACKAGE_URL ""
| #define PACKAGE "libgcrypt"
| #define VERSION "1.8.5"
| #define PACKAGE "libgcrypt"
| #define VERSION "1.8.5"
| #define STDC_HEADERS 1
| #define HAVE_SYS_TYPES_H 1
| #define HAVE_SYS_STAT_H 1
| #define HAVE_STDLIB_H 1
| #define HAVE_STRING_H 1
| #define HAVE_MEMORY_H 1
| #define HAVE_STRINGS_H 1
| #define HAVE_INTTYPES_H 1
| #define HAVE_STDINT_H 1
| #define HAVE_UNISTD_H 1
| #define __EXTENSIONS__ 1
| #define _ALL_SOURCE 1
| #define _GNU_SOURCE 1
| #define _POSIX_PTHREAD_SEMANTICS 1
| #define _TANDEM_SOURCE 1
| #define HAVE_DLFCN_H 1
| #define LT_OBJDIR ".libs/"
| /* end confdefs.h.  */
| #include <sys/types.h>
| 		#include <sys/param.h>
| 
| int
| main ()
| {
| #if BYTE_ORDER != BIG_ENDIAN
| 		 not big endian
| 		#endif
| 
|   ;
|   return 0;
| }
configure:10218: result: no
configure:10246: checking size of unsigned short
configure:10251: gcc -o conftest -g -O2   conftest.c  >&5
configure:10251: $? = 0
configure:10251: ./conftest
configure:10251: $? = 0
configure:10265: result: 2
configure:10279: checking size of unsigned int
configure:10284: gcc -o conftest -g -O2   conftest.c  >&5
configure:10284: $? = 0
configure:10284: ./conftest
configure:10284: $? = 0
configure:10298: result: 4
configure:10312: checking size of unsigned long
configure:10317: gcc -o conftest -g -O2   conftest.c  >&5
configure:10317: $? = 0
configure:10317: ./conftest
configure:10317: $? = 0
configure:10331: result: 8
configure:10345: checking size of unsigned long long
configure:10350: gcc -o conftest -g -O2   conftest.c  >&5
configure:10350: $? = 0
configure:10350: ./conftest
configure:10350: $? = 0
configure:10364: result: 8
configure:10378: checking size of void *
configure:10383: gcc -o conftest -g -O2   conftest.c  >&5
configure:10383: $? = 0
configure:10383: ./conftest
configure:10383: $? = 0
configure:10397: result: 8
configure:10409: checking for uintptr_t
configure:10409: gcc -c -g -O2  conftest.c >&5
configure:10409: $? = 0
configure:10409: gcc -c -g -O2  conftest.c >&5
conftest.c: In function 'main':
conftest.c:71:24: error: expected expression before ')' token
 if (sizeof ((uintptr_t)))
                        ^
configure:10409: $? = 1
configure: failed program was:
| /* confdefs.h */
| #define PACKAGE_NAME "libgcrypt"
| #define PACKAGE_TARNAME "libgcrypt"
| #define PACKAGE_VERSION "1.8.5"
| #define PACKAGE_STRING "libgcrypt 1.8.5"
| #define PACKAGE_BUGREPORT "http://bugs.gnupg.org"
| #define PACKAGE_URL ""
| #define PACKAGE "libgcrypt"
| #define VERSION "1.8.5"
| #define PACKAGE "libgcrypt"
| #define VERSION "1.8.5"
| #define STDC_HEADERS 1
| #define HAVE_SYS_TYPES_H 1
| #define HAVE_SYS_STAT_H 1
| #define HAVE_STDLIB_H 1
| #define HAVE_STRING_H 1
| #define HAVE_MEMORY_H 1
| #define HAVE_STRINGS_H 1
| #define HAVE_INTTYPES_H 1
| #define HAVE_STDINT_H 1
| #define HAVE_UNISTD_H 1
| #define __EXTENSIONS__ 1
| #define _ALL_SOURCE 1
| #define _GNU_SOURCE 1
| #define _POSIX_PTHREAD_SEMANTICS 1
| #define _TANDEM_SOURCE 1
| #define HAVE_DLFCN_H 1
| #define LT_OBJDIR ".libs/"
| #define SIZEOF_UNSIGNED_SHORT 2
| #define SIZEOF_UNSIGNED_INT 4
| #define SIZEOF_UNSIGNED_LONG 8
| #define SIZEOF_UNSIGNED_LONG_LONG 8
| #define SIZEOF_VOID_P 8
| /* end confdefs.h.  */
| #include <stdio.h>
| #ifdef HAVE_SYS_TYPES_H
| # include <sys/types.h>
| #endif
| #ifdef HAVE_SYS_STAT_H
| # include <sys/stat.h>
| #endif
| #ifdef STDC_HEADERS
| # include <stdlib.h>
| # include <stddef.h>
| #else
| # ifdef HAVE_STDLIB_H
| #  include <stdlib.h>
| # endif
| #endif
| #ifdef HAVE_STRING_H
| # if !defined STDC_HEADERS && defined HAVE_MEMORY_H
| #  include <memory.h>
| # endif
| # include <string.h>
| #endif
| #ifdef HAVE_STRINGS_H
| # include <strings.h>
| #endif
| #ifdef HAVE_INTTYPES_H
| # include <inttypes.h>
| #endif
| #ifdef HAVE_STDINT_H
| # include <stdint.h>
| #endif
| #ifdef HAVE_UNISTD_H
| # include <unistd.h>
| #endif
| int
| main ()
| {
| if (sizeof ((uintptr_t)))
| 	    return 0;
|   ;
|   return 0;
| }
configure:10409: result: yes
configure:10454: checking for UINT64_C
configure:10470: gcc -c -g -O2  conftest.c >&5
configure:10470: $? = 0
configure:10477: result: yes
configure:10484: checking size of uint64_t
configure:10489: gcc -o conftest -g -O2   conftest.c  >&5
configure:10489: $? = 0
configure:10489: ./conftest
configure:10489: $? = 0
configure:10503: result: 8
configure:10562: checking which symmetric ciphers to include
configure:10580: result: arcfour blowfish cast5 des aes twofish serpent rfc2268 seed camellia idea salsa20 gost28147 chacha20
configure:10596: checking which public-key ciphers to include
configure:10614: result: dsa elgamal rsa ecc
configure:10630: checking which message digests to include
configure:10648: result: crc gostr3411-94  md4 md5 rmd160 sha1 sha256 sha512 sha3 tiger whirlpool stribog blake2
configure:10664: checking which key derivation functions to include
configure:10682: result: s2k pkdf2 scrypt
configure:10694: checking which random module to use
configure:10712: result: default
configure:10716: checking whether use of /dev/random is requested
configure:10725: result: yes
configure:10744: checking whether the experimental random daemon is requested
configure:10753: result: no
configure:10771: checking whether MPI assembler modules are requested
configure:10780: result: yes
configure:10784: checking whether memory guard is requested
configure:10793: result: no
configure:10802: checking whether to run large data tests
configure:10811: result: no
configure:10819: checking whether use of capabilities is requested
configure:10829: result: no
configure:10833: checking whether a HMAC binary check is requested
configure:10842: result: no
configure:10852: checking whether jitter entropy support is requested
configure:10861: result: yes
configure:10865: checking whether padlock support is requested
configure:10874: result: yes
configure:10878: checking whether AESNI support is requested
configure:10887: result: yes
configure:10891: checking whether PCLMUL support is requested
configure:10900: result: yes
configure:10904: checking whether SSE4.1 support is requested
configure:10913: result: yes
configure:10917: checking whether DRNG support is requested
configure:10926: result: yes
configure:10930: checking whether AVX support is requested
configure:10939: result: yes
configure:10943: checking whether AVX2 support is requested
configure:10952: result: yes
configure:10956: checking whether NEON support is requested
configure:10965: result: yes
configure:10969: checking whether ARMv8 Crypto Extension support is requested
configure:10978: result: yes
configure:10982: checking whether a -O flag munging is requested
configure:10991: result: yes
configure:11003: checking whether to enable AMD64 as(1) feature detection
configure:11012: result: yes
configure:11106: checking for gpg-error-config
configure:11124: found /usr/bin/gpg-error-config
configure:11137: result: /usr/bin/gpg-error-config
configure:11146: checking for GPG Error - version >= 1.25
configure:11175: result: yes (1.37)
configure:11397: checking for pthread_create in -lpthread
configure:11422: gcc -o conftest -g -O2   conftest.c -lpthread   >&5
configure:11422: $? = 0
configure:11431: result: yes
configure:11447: checking for library containing setsockopt
configure:11478: gcc -o conftest -g -O2   conftest.c  >&5
configure:11478: $? = 0
configure:11495: result: none required
configure:11560: checking for library containing setsockopt
configure:11608: result: none required
configure:11621: checking for ANSI C header files
configure:11725: result: yes
configure:11736: checking for unistd.h
configure:11736: result: yes
configure:11736: checking sys/select.h usability
configure:11736: gcc -c -g -O2  conftest.c >&5
configure:11736: $? = 0
configure:11736: result: yes
configure:11736: checking sys/select.h presence
configure:11736: gcc -E  conftest.c
configure:11736: $? = 0
configure:11736: result: yes
configure:11736: checking for sys/select.h
configure:11736: result: yes
configure:11736: checking sys/msg.h usability
configure:11736: gcc -c -g -O2  conftest.c >&5
configure:11736: $? = 0
configure:11736: result: yes
configure:11736: checking sys/msg.h presence
configure:11736: gcc -E  conftest.c
configure:11736: $? = 0
configure:11736: result: yes
configure:11736: checking for sys/msg.h
configure:11736: result: yes
configure:11758: checking for an ANSI C-conforming const
configure:11824: gcc -c -g -O2  conftest.c >&5
configure:11824: $? = 0
configure:11831: result: yes
configure:11839: checking for inline
configure:11855: gcc -c -g -O2  conftest.c >&5
configure:11855: $? = 0
configure:11863: result: inline
configure:11881: checking for size_t
configure:11881: gcc -c -g -O2  conftest.c >&5
configure:11881: $? = 0
configure:11881: gcc -c -g -O2  conftest.c >&5
conftest.c: In function 'main':
conftest.c:83:21: error: expected expression before ')' token
 if (sizeof ((size_t)))
                     ^
configure:11881: $? = 1
configure: failed program was:
| /* confdefs.h */
| #define PACKAGE_NAME "libgcrypt"
| #define PACKAGE_TARNAME "libgcrypt"
| #define PACKAGE_VERSION "1.8.5"
| #define PACKAGE_STRING "libgcrypt 1.8.5"
| #define PACKAGE_BUGREPORT "http://bugs.gnupg.org"
| #define PACKAGE_URL ""
| #define PACKAGE "libgcrypt"
| #define VERSION "1.8.5"
| #define PACKAGE "libgcrypt"
| #define VERSION "1.8.5"
| #define STDC_HEADERS 1
| #define HAVE_SYS_TYPES_H 1
| #define HAVE_SYS_STAT_H 1
| #define HAVE_STDLIB_H 1
| #define HAVE_STRING_H 1
| #define HAVE_MEMORY_H 1
| #define HAVE_STRINGS_H 1
| #define HAVE_INTTYPES_H 1
| #define HAVE_STDINT_H 1
| #define HAVE_UNISTD_H 1
| #define __EXTENSIONS__ 1
| #define _ALL_SOURCE 1
| #define _GNU_SOURCE 1
| #define _POSIX_PTHREAD_SEMANTICS 1
| #define _TANDEM_SOURCE 1
| #define HAVE_DLFCN_H 1
| #define LT_OBJDIR ".libs/"
| #define SIZEOF_UNSIGNED_SHORT 2
| #define SIZEOF_UNSIGNED_INT 4
| #define SIZEOF_UNSIGNED_LONG 8
| #define SIZEOF_UNSIGNED_LONG_LONG 8
| #define SIZEOF_VOID_P 8
| #define HAVE_UINTPTR_T 1
| #define SIZEOF_UINT64_T 8
| #define EGD_SOCKET_NAME ""
| #define PRINTABLE_OS_NAME "GNU/Linux"
| #define NAME_OF_DEV_RANDOM "/dev/random"
| #define NAME_OF_DEV_URANDOM "/dev/urandom"
| #define GPG_ERR_SOURCE_DEFAULT GPG_ERR_SOURCE_GCRYPT
| #define HAVE_PTHREAD 1 
| #define STDC_HEADERS 1
| #define HAVE_UNISTD_H 1
| #define HAVE_SYS_SELECT_H 1
| #define HAVE_SYS_MSG_H 1
| /* end confdefs.h.  */
| #include <stdio.h>
| #ifdef HAVE_SYS_TYPES_H
| # include <sys/types.h>
| #endif
| #ifdef HAVE_SYS_STAT_H
| # include <sys/stat.h>
| #endif
| #ifdef STDC_HEADERS
| # include <stdlib.h>
| # include <stddef.h>
| #else
| # ifdef HAVE_STDLIB_H
| #  include <stdlib.h>
| # endif
| #endif
| #ifdef HAVE_STRING_H
| # if !defined STDC_HEADERS && defined HAVE_MEMORY_H
| #  include <memory.h>
| # endif
| # include <string.h>
| #endif
| #ifdef HAVE_STRINGS_H
| # include <strings.h>
| #endif
| #ifdef HAVE_INTTYPES_H
| # include <inttypes.h>
| #endif
| #ifdef HAVE_STDINT_H
| # include <stdint.h>
| #endif
| #ifdef HAVE_UNISTD_H
| # include <unistd.h>
| #endif
| int
| main ()
| {
| if (sizeof ((size_t)))
| 	    return 0;
|   ;
|   return 0;
| }
configure:11881: result: yes
configure:11892: checking return type of signal handlers
configure:11910: gcc -c -g -O2  conftest.c >&5
conftest.c: In function 'main':
conftest.c:53:10: error: void value not ignored as it ought to be
 return *(signal (0, 0)) (0) == 1;
         ~^~~~~~~~~~~~~~~~~~
configure:11910: $? = 1
configure: failed program was:
| /* confdefs.h */
| #define PACKAGE_NAME "libgcrypt"
| #define PACKAGE_TARNAME "libgcrypt"
| #define PACKAGE_VERSION "1.8.5"
| #define PACKAGE_STRING "libgcrypt 1.8.5"
| #define PACKAGE_BUGREPORT "http://bugs.gnupg.org"
| #define PACKAGE_URL ""
| #define PACKAGE "libgcrypt"
| #define VERSION "1.8.5"
| #define PACKAGE "libgcrypt"
| #define VERSION "1.8.5"
| #define STDC_HEADERS 1
| #define HAVE_SYS_TYPES_H 1
| #define HAVE_SYS_STAT_H 1
| #define HAVE_STDLIB_H 1
| #define HAVE_STRING_H 1
| #define HAVE_MEMORY_H 1
| #define HAVE_STRINGS_H 1
| #define HAVE_INTTYPES_H 1
| #define HAVE_STDINT_H 1
| #define HAVE_UNISTD_H 1
| #define __EXTENSIONS__ 1
| #define _ALL_SOURCE 1
| #define _GNU_SOURCE 1
| #define _POSIX_PTHREAD_SEMANTICS 1
| #define _TANDEM_SOURCE 1
| #define HAVE_DLFCN_H 1
| #define LT_OBJDIR ".libs/"
| #define SIZEOF_UNSIGNED_SHORT 2
| #define SIZEOF_UNSIGNED_INT 4
| #define SIZEOF_UNSIGNED_LONG 8
| #define SIZEOF_UNSIGNED_LONG_LONG 8
| #define SIZEOF_VOID_P 8
| #define HAVE_UINTPTR_T 1
| #define SIZEOF_UINT64_T 8
| #define EGD_SOCKET_NAME ""
| #define PRINTABLE_OS_NAME "GNU/Linux"
| #define NAME_OF_DEV_RANDOM "/dev/random"
| #define NAME_OF_DEV_URANDOM "/dev/urandom"
| #define GPG_ERR_SOURCE_DEFAULT GPG_ERR_SOURCE_GCRYPT
| #define HAVE_PTHREAD 1 
| #define STDC_HEADERS 1
| #define HAVE_UNISTD_H 1
| #define HAVE_SYS_SELECT_H 1
| #define HAVE_SYS_MSG_H 1
| /* end confdefs.h.  */
| #include <sys/types.h>
| #include <signal.h>
| 
| int
| main ()
| {
| return *(signal (0, 0)) (0) == 1;
|   ;
|   return 0;
| }
configure:11917: result: void
configure:11925: checking whether sys_siglist is declared
configure:11925: gcc -c -g -O2  conftest.c >&5
configure:11925: $? = 0
configure:11925: result: yes
configure:11943: checking for pid_t
configure:11943: gcc -c -g -O2  conftest.c >&5
configure:11943: $? = 0
configure:11943: gcc -c -g -O2  conftest.c >&5
conftest.c: In function 'main':
conftest.c:85:20: error: expected expression before ')' token
 if (sizeof ((pid_t)))
                    ^
configure:11943: $? = 1
configure: failed program was:
| /* confdefs.h */
| #define PACKAGE_NAME "libgcrypt"
| #define PACKAGE_TARNAME "libgcrypt"
| #define PACKAGE_VERSION "1.8.5"
| #define PACKAGE_STRING "libgcrypt 1.8.5"
| #define PACKAGE_BUGREPORT "http://bugs.gnupg.org"
| #define PACKAGE_URL ""
| #define PACKAGE "libgcrypt"
| #define VERSION "1.8.5"
| #define PACKAGE "libgcrypt"
| #define VERSION "1.8.5"
| #define STDC_HEADERS 1
| #define HAVE_SYS_TYPES_H 1
| #define HAVE_SYS_STAT_H 1
| #define HAVE_STDLIB_H 1
| #define HAVE_STRING_H 1
| #define HAVE_MEMORY_H 1
| #define HAVE_STRINGS_H 1
| #define HAVE_INTTYPES_H 1
| #define HAVE_STDINT_H 1
| #define HAVE_UNISTD_H 1
| #define __EXTENSIONS__ 1
| #define _ALL_SOURCE 1
| #define _GNU_SOURCE 1
| #define _POSIX_PTHREAD_SEMANTICS 1
| #define _TANDEM_SOURCE 1
| #define HAVE_DLFCN_H 1
| #define LT_OBJDIR ".libs/"
| #define SIZEOF_UNSIGNED_SHORT 2
| #define SIZEOF_UNSIGNED_INT 4
| #define SIZEOF_UNSIGNED_LONG 8
| #define SIZEOF_UNSIGNED_LONG_LONG 8
| #define SIZEOF_VOID_P 8
| #define HAVE_UINTPTR_T 1
| #define SIZEOF_UINT64_T 8
| #define EGD_SOCKET_NAME ""
| #define PRINTABLE_OS_NAME "GNU/Linux"
| #define NAME_OF_DEV_RANDOM "/dev/random"
| #define NAME_OF_DEV_URANDOM "/dev/urandom"
| #define GPG_ERR_SOURCE_DEFAULT GPG_ERR_SOURCE_GCRYPT
| #define HAVE_PTHREAD 1 
| #define STDC_HEADERS 1
| #define HAVE_UNISTD_H 1
| #define HAVE_SYS_SELECT_H 1
| #define HAVE_SYS_MSG_H 1
| #define RETSIGTYPE void
| #define HAVE_DECL_SYS_SIGLIST 1
| /* end confdefs.h.  */
| #include <stdio.h>
| #ifdef HAVE_SYS_TYPES_H
| # include <sys/types.h>
| #endif
| #ifdef HAVE_SYS_STAT_H
| # include <sys/stat.h>
| #endif
| #ifdef STDC_HEADERS
| # include <stdlib.h>
| # include <stddef.h>
| #else
| # ifdef HAVE_STDLIB_H
| #  include <stdlib.h>
| # endif
| #endif
| #ifdef HAVE_STRING_H
| # if !defined STDC_HEADERS && defined HAVE_MEMORY_H
| #  include <memory.h>
| # endif
| # include <string.h>
| #endif
| #ifdef HAVE_STRINGS_H
| # include <strings.h>
| #endif
| #ifdef HAVE_INTTYPES_H
| # include <inttypes.h>
| #endif
| #ifdef HAVE_STDINT_H
| # include <stdint.h>
| #endif
| #ifdef HAVE_UNISTD_H
| # include <unistd.h>
| #endif
| int
| main ()
| {
| if (sizeof ((pid_t)))
| 	    return 0;
|   ;
|   return 0;
| }
configure:11943: result: yes
configure:11955: checking for byte typedef
configure:11976: gcc -c -g -O2  conftest.c >&5
conftest.c: In function 'main':
conftest.c:57:20: error: 'byte' undeclared (first use in this function); did you mean 'system'?
     int a = sizeof(byte);
                    ^~~~
                    system
conftest.c:57:20: note: each undeclared identifier is reported only once for each function it appears in
configure:11976: $? = 1
configure: failed program was:
| /* confdefs.h */
| #define PACKAGE_NAME "libgcrypt"
| #define PACKAGE_TARNAME "libgcrypt"
| #define PACKAGE_VERSION "1.8.5"
| #define PACKAGE_STRING "libgcrypt 1.8.5"
| #define PACKAGE_BUGREPORT "http://bugs.gnupg.org"
| #define PACKAGE_URL ""
| #define PACKAGE "libgcrypt"
| #define VERSION "1.8.5"
| #define PACKAGE "libgcrypt"
| #define VERSION "1.8.5"
| #define STDC_HEADERS 1
| #define HAVE_SYS_TYPES_H 1
| #define HAVE_SYS_STAT_H 1
| #define HAVE_STDLIB_H 1
| #define HAVE_STRING_H 1
| #define HAVE_MEMORY_H 1
| #define HAVE_STRINGS_H 1
| #define HAVE_INTTYPES_H 1
| #define HAVE_STDINT_H 1
| #define HAVE_UNISTD_H 1
| #define __EXTENSIONS__ 1
| #define _ALL_SOURCE 1
| #define _GNU_SOURCE 1
| #define _POSIX_PTHREAD_SEMANTICS 1
| #define _TANDEM_SOURCE 1
| #define HAVE_DLFCN_H 1
| #define LT_OBJDIR ".libs/"
| #define SIZEOF_UNSIGNED_SHORT 2
| #define SIZEOF_UNSIGNED_INT 4
| #define SIZEOF_UNSIGNED_LONG 8
| #define SIZEOF_UNSIGNED_LONG_LONG 8
| #define SIZEOF_VOID_P 8
| #define HAVE_UINTPTR_T 1
| #define SIZEOF_UINT64_T 8
| #define EGD_SOCKET_NAME ""
| #define PRINTABLE_OS_NAME "GNU/Linux"
| #define NAME_OF_DEV_RANDOM "/dev/random"
| #define NAME_OF_DEV_URANDOM "/dev/urandom"
| #define GPG_ERR_SOURCE_DEFAULT GPG_ERR_SOURCE_GCRYPT
| #define HAVE_PTHREAD 1 
| #define STDC_HEADERS 1
| #define HAVE_UNISTD_H 1
| #define HAVE_SYS_SELECT_H 1
| #define HAVE_SYS_MSG_H 1
| #define RETSIGTYPE void
| #define HAVE_DECL_SYS_SIGLIST 1
| /* end confdefs.h.  */
| #define _GNU_SOURCE 1
|     #include <stdlib.h>
|     #include <sys/types.h>
| int
| main ()
| {
| 
|     #undef byte
|     int a = sizeof(byte);
| 
|   ;
|   return 0;
| }
configure:11984: result: no
configure:11992: checking for ushort typedef
configure:12013: gcc -c -g -O2  conftest.c >&5
configure:12013: $? = 0
configure:12021: result: yes
configure:12029: checking for ulong typedef
configure:12050: gcc -c -g -O2  conftest.c >&5
configure:12050: $? = 0
configure:12058: result: yes
configure:12066: checking for u16 typedef
configure:12087: gcc -c -g -O2  conftest.c >&5
conftest.c: In function 'main':
conftest.c:59:20: error: 'u16' undeclared (first use in this function)
     int a = sizeof(u16);
                    ^~~
conftest.c:59:20: note: each undeclared identifier is reported only once for each function it appears in
configure:12087: $? = 1
configure: failed program was:
| /* confdefs.h */
| #define PACKAGE_NAME "libgcrypt"
| #define PACKAGE_TARNAME "libgcrypt"
| #define PACKAGE_VERSION "1.8.5"
| #define PACKAGE_STRING "libgcrypt 1.8.5"
| #define PACKAGE_BUGREPORT "http://bugs.gnupg.org"
| #define PACKAGE_URL ""
| #define PACKAGE "libgcrypt"
| #define VERSION "1.8.5"
| #define PACKAGE "libgcrypt"
| #define VERSION "1.8.5"
| #define STDC_HEADERS 1
| #define HAVE_SYS_TYPES_H 1
| #define HAVE_SYS_STAT_H 1
| #define HAVE_STDLIB_H 1
| #define HAVE_STRING_H 1
| #define HAVE_MEMORY_H 1
| #define HAVE_STRINGS_H 1
| #define HAVE_INTTYPES_H 1
| #define HAVE_STDINT_H 1
| #define HAVE_UNISTD_H 1
| #define __EXTENSIONS__ 1
| #define _ALL_SOURCE 1
| #define _GNU_SOURCE 1
| #define _POSIX_PTHREAD_SEMANTICS 1
| #define _TANDEM_SOURCE 1
| #define HAVE_DLFCN_H 1
| #define LT_OBJDIR ".libs/"
| #define SIZEOF_UNSIGNED_SHORT 2
| #define SIZEOF_UNSIGNED_INT 4
| #define SIZEOF_UNSIGNED_LONG 8
| #define SIZEOF_UNSIGNED_LONG_LONG 8
| #define SIZEOF_VOID_P 8
| #define HAVE_UINTPTR_T 1
| #define SIZEOF_UINT64_T 8
| #define EGD_SOCKET_NAME ""
| #define PRINTABLE_OS_NAME "GNU/Linux"
| #define NAME_OF_DEV_RANDOM "/dev/random"
| #define NAME_OF_DEV_URANDOM "/dev/urandom"
| #define GPG_ERR_SOURCE_DEFAULT GPG_ERR_SOURCE_GCRYPT
| #define HAVE_PTHREAD 1 
| #define STDC_HEADERS 1
| #define HAVE_UNISTD_H 1
| #define HAVE_SYS_SELECT_H 1
| #define HAVE_SYS_MSG_H 1
| #define RETSIGTYPE void
| #define HAVE_DECL_SYS_SIGLIST 1
| #define HAVE_USHORT_TYPEDEF 1
| #define HAVE_ULONG_TYPEDEF 1
| /* end confdefs.h.  */
| #define _GNU_SOURCE 1
|     #include <stdlib.h>
|     #include <sys/types.h>
| int
| main ()
| {
| 
|     #undef u16
|     int a = sizeof(u16);
| 
|   ;
|   return 0;
| }
configure:12095: result: no
configure:12103: checking for u32 typedef
configure:12124: gcc -c -g -O2  conftest.c >&5
conftest.c: In function 'main':
conftest.c:59:20: error: 'u32' undeclared (first use in this function)
     int a = sizeof(u32);
                    ^~~
conftest.c:59:20: note: each undeclared identifier is reported only once for each function it appears in
configure:12124: $? = 1
configure: failed program was:
| /* confdefs.h */
| #define PACKAGE_NAME "libgcrypt"
| #define PACKAGE_TARNAME "libgcrypt"
| #define PACKAGE_VERSION "1.8.5"
| #define PACKAGE_STRING "libgcrypt 1.8.5"
| #define PACKAGE_BUGREPORT "http://bugs.gnupg.org"
| #define PACKAGE_URL ""
| #define PACKAGE "libgcrypt"
| #define VERSION "1.8.5"
| #define PACKAGE "libgcrypt"
| #define VERSION "1.8.5"
| #define STDC_HEADERS 1
| #define HAVE_SYS_TYPES_H 1
| #define HAVE_SYS_STAT_H 1
| #define HAVE_STDLIB_H 1
| #define HAVE_STRING_H 1
| #define HAVE_MEMORY_H 1
| #define HAVE_STRINGS_H 1
| #define HAVE_INTTYPES_H 1
| #define HAVE_STDINT_H 1
| #define HAVE_UNISTD_H 1
| #define __EXTENSIONS__ 1
| #define _ALL_SOURCE 1
| #define _GNU_SOURCE 1
| #define _POSIX_PTHREAD_SEMANTICS 1
| #define _TANDEM_SOURCE 1
| #define HAVE_DLFCN_H 1
| #define LT_OBJDIR ".libs/"
| #define SIZEOF_UNSIGNED_SHORT 2
| #define SIZEOF_UNSIGNED_INT 4
| #define SIZEOF_UNSIGNED_LONG 8
| #define SIZEOF_UNSIGNED_LONG_LONG 8
| #define SIZEOF_VOID_P 8
| #define HAVE_UINTPTR_T 1
| #define SIZEOF_UINT64_T 8
| #define EGD_SOCKET_NAME ""
| #define PRINTABLE_OS_NAME "GNU/Linux"
| #define NAME_OF_DEV_RANDOM "/dev/random"
| #define NAME_OF_DEV_URANDOM "/dev/urandom"
| #define GPG_ERR_SOURCE_DEFAULT GPG_ERR_SOURCE_GCRYPT
| #define HAVE_PTHREAD 1 
| #define STDC_HEADERS 1
| #define HAVE_UNISTD_H 1
| #define HAVE_SYS_SELECT_H 1
| #define HAVE_SYS_MSG_H 1
| #define RETSIGTYPE void
| #define HAVE_DECL_SYS_SIGLIST 1
| #define HAVE_USHORT_TYPEDEF 1
| #define HAVE_ULONG_TYPEDEF 1
| /* end confdefs.h.  */
| #define _GNU_SOURCE 1
|     #include <stdlib.h>
|     #include <sys/types.h>
| int
| main ()
| {
| 
|     #undef u32
|     int a = sizeof(u32);
| 
|   ;
|   return 0;
| }
configure:12132: result: no
configure:12144: checking sys/socket.h usability
configure:12144: gcc -c -g -O2  conftest.c >&5
configure:12144: $? = 0
configure:12144: result: yes
configure:12144: checking sys/socket.h presence
configure:12144: gcc -E  conftest.c
configure:12144: $? = 0
configure:12144: result: yes
configure:12144: checking for sys/socket.h
configure:12144: result: yes
configure:12183: checking for socklen_t
configure:12183: gcc -c -g -O2  conftest.c >&5
configure:12183: $? = 0
configure:12183: gcc -c -g -O2  conftest.c >&5
conftest.c: In function 'main':
conftest.c:62:24: error: expected expression before ')' token
 if (sizeof ((socklen_t)))
                        ^
configure:12183: $? = 1
configure: failed program was:
| /* confdefs.h */
| #define PACKAGE_NAME "libgcrypt"
| #define PACKAGE_TARNAME "libgcrypt"
| #define PACKAGE_VERSION "1.8.5"
| #define PACKAGE_STRING "libgcrypt 1.8.5"
| #define PACKAGE_BUGREPORT "http://bugs.gnupg.org"
| #define PACKAGE_URL ""
| #define PACKAGE "libgcrypt"
| #define VERSION "1.8.5"
| #define PACKAGE "libgcrypt"
| #define VERSION "1.8.5"
| #define STDC_HEADERS 1
| #define HAVE_SYS_TYPES_H 1
| #define HAVE_SYS_STAT_H 1
| #define HAVE_STDLIB_H 1
| #define HAVE_STRING_H 1
| #define HAVE_MEMORY_H 1
| #define HAVE_STRINGS_H 1
| #define HAVE_INTTYPES_H 1
| #define HAVE_STDINT_H 1
| #define HAVE_UNISTD_H 1
| #define __EXTENSIONS__ 1
| #define _ALL_SOURCE 1
| #define _GNU_SOURCE 1
| #define _POSIX_PTHREAD_SEMANTICS 1
| #define _TANDEM_SOURCE 1
| #define HAVE_DLFCN_H 1
| #define LT_OBJDIR ".libs/"
| #define SIZEOF_UNSIGNED_SHORT 2
| #define SIZEOF_UNSIGNED_INT 4
| #define SIZEOF_UNSIGNED_LONG 8
| #define SIZEOF_UNSIGNED_LONG_LONG 8
| #define SIZEOF_VOID_P 8
| #define HAVE_UINTPTR_T 1
| #define SIZEOF_UINT64_T 8
| #define EGD_SOCKET_NAME ""
| #define PRINTABLE_OS_NAME "GNU/Linux"
| #define NAME_OF_DEV_RANDOM "/dev/random"
| #define NAME_OF_DEV_URANDOM "/dev/urandom"
| #define GPG_ERR_SOURCE_DEFAULT GPG_ERR_SOURCE_GCRYPT
| #define HAVE_PTHREAD 1 
| #define STDC_HEADERS 1
| #define HAVE_UNISTD_H 1
| #define HAVE_SYS_SELECT_H 1
| #define HAVE_SYS_MSG_H 1
| #define RETSIGTYPE void
| #define HAVE_DECL_SYS_SIGLIST 1
| #define HAVE_USHORT_TYPEDEF 1
| #define HAVE_ULONG_TYPEDEF 1
| #define HAVE_SYS_SOCKET_H 1
| /* end confdefs.h.  */
| #include <sys/types.h>
|       #if HAVE_SYS_SOCKET_H
|       # include <sys/socket.h>
|       #elif HAVE_WS2TCPIP_H
|       # include <ws2tcpip.h>
|       #endif
| 
| int
| main ()
| {
| if (sizeof ((socklen_t)))
| 	    return 0;
|   ;
|   return 0;
| }
configure:12183: result: yes
configure:12260: checking for __builtin_bswap32
configure:12277: gcc -o conftest -g -O2   conftest.c  >&5
configure:12277: $? = 0
configure:12283: result: yes
configure:12295: checking for __builtin_bswap64
configure:12312: gcc -o conftest -g -O2   conftest.c  >&5
configure:12312: $? = 0
configure:12318: result: yes
configure:12330: checking for __builtin_ctz
configure:12347: gcc -o conftest -g -O2   conftest.c  >&5
configure:12347: $? = 0
configure:12353: result: yes
configure:12365: checking whether the variable length arrays are supported
configure:12378: gcc -c -g -O2  conftest.c >&5
configure:12378: $? = 0
configure:12383: result: yes
configure:12395: checking whether the visibility attribute is supported
configure:12418: result: yes
configure:12421: checking for broken visibility attribute
configure:12445: result: no
configure:12449: checking for broken alias attribute
configure:12475: result: no
configure:12479: checking if gcc supports -fvisibility=hidden
configure:12498: gcc -c -fvisibility=hidden  conftest.c >&5
configure:12498: $? = 0
configure:12505: result: yes
configure:12529: checking whether the GCC style aligned attribute is supported
configure:12539: gcc -c -g -O2 -fvisibility=hidden -Werror  conftest.c >&5
configure:12539: $? = 0
configure:12544: result: yes
configure:12556: checking whether the GCC style packed attribute is supported
configure:12571: gcc -c -g -O2 -fvisibility=hidden -Werror  conftest.c >&5
configure:12571: $? = 0
configure:12576: result: yes
configure:12588: checking whether the GCC style may_alias attribute is supported
configure:12599: gcc -c -g -O2 -fvisibility=hidden -Werror  conftest.c >&5
configure:12599: $? = 0
configure:12604: result: yes
configure:12621: checking whether 'asm' assembler keyword is supported
configure:12631: gcc -c -g -O2 -fvisibility=hidden  conftest.c >&5
configure:12631: $? = 0
configure:12636: result: yes
configure:12638: checking whether '__asm__' assembler keyword is supported
configure:12648: gcc -c -g -O2 -fvisibility=hidden  conftest.c >&5
configure:12648: $? = 0
configure:12653: result: yes
configure:12688: checking whether inline assembly memory barrier is supported
configure:12698: gcc -c -g -O2 -fvisibility=hidden  conftest.c >&5
configure:12698: $? = 0
configure:12703: result: yes
configure:12718: checking whether GCC assembler is compatible for ARM assembly implementations
configure:12739: gcc -c -g -O2 -fvisibility=hidden  conftest.c >&5
/tmp/ccuHx4Al.s: Assembler messages:
/tmp/ccuHx4Al.s:5: Error: unknown pseudo-op: `.syntax'
/tmp/ccuHx4Al.s:6: Error: unknown pseudo-op: `.arm'
/tmp/ccuHx4Al.s:8: Error: bad register name `%r0'
configure:12739: $? = 1
configure: failed program was:
| /* confdefs.h */
| #define PACKAGE_NAME "libgcrypt"
| #define PACKAGE_TARNAME "libgcrypt"
| #define PACKAGE_VERSION "1.8.5"
| #define PACKAGE_STRING "libgcrypt 1.8.5"
| #define PACKAGE_BUGREPORT "http://bugs.gnupg.org"
| #define PACKAGE_URL ""
| #define PACKAGE "libgcrypt"
| #define VERSION "1.8.5"
| #define PACKAGE "libgcrypt"
| #define VERSION "1.8.5"
| #define STDC_HEADERS 1
| #define HAVE_SYS_TYPES_H 1
| #define HAVE_SYS_STAT_H 1
| #define HAVE_STDLIB_H 1
| #define HAVE_STRING_H 1
| #define HAVE_MEMORY_H 1
| #define HAVE_STRINGS_H 1
| #define HAVE_INTTYPES_H 1
| #define HAVE_STDINT_H 1
| #define HAVE_UNISTD_H 1
| #define __EXTENSIONS__ 1
| #define _ALL_SOURCE 1
| #define _GNU_SOURCE 1
| #define _POSIX_PTHREAD_SEMANTICS 1
| #define _TANDEM_SOURCE 1
| #define HAVE_DLFCN_H 1
| #define LT_OBJDIR ".libs/"
| #define SIZEOF_UNSIGNED_SHORT 2
| #define SIZEOF_UNSIGNED_INT 4
| #define SIZEOF_UNSIGNED_LONG 8
| #define SIZEOF_UNSIGNED_LONG_LONG 8
| #define SIZEOF_VOID_P 8
| #define HAVE_UINTPTR_T 1
| #define SIZEOF_UINT64_T 8
| #define EGD_SOCKET_NAME ""
| #define PRINTABLE_OS_NAME "GNU/Linux"
| #define NAME_OF_DEV_RANDOM "/dev/random"
| #define NAME_OF_DEV_URANDOM "/dev/urandom"
| #define GPG_ERR_SOURCE_DEFAULT GPG_ERR_SOURCE_GCRYPT
| #define HAVE_PTHREAD 1 
| #define STDC_HEADERS 1
| #define HAVE_UNISTD_H 1
| #define HAVE_SYS_SELECT_H 1
| #define HAVE_SYS_MSG_H 1
| #define RETSIGTYPE void
| #define HAVE_DECL_SYS_SIGLIST 1
| #define HAVE_USHORT_TYPEDEF 1
| #define HAVE_ULONG_TYPEDEF 1
| #define HAVE_SYS_SOCKET_H 1
| #define HAVE_BUILTIN_BSWAP32 1
| #define HAVE_BUILTIN_BSWAP64 1
| #define HAVE_BUILTIN_CTZ 1
| #define HAVE_VLA 1
| #define GCRY_USE_VISIBILITY 1
| #define HAVE_GCC_ATTRIBUTE_ALIGNED 1
| #define HAVE_GCC_ATTRIBUTE_PACKED 1
| #define HAVE_GCC_ATTRIBUTE_MAY_ALIAS 1
| #define HAVE_GCC_ASM_VOLATILE_MEMORY 1
| /* end confdefs.h.  */
| __asm__(
|                 /* Test if assembler supports UAL syntax.  */
|                 ".syntax unified\n\t"
|                 ".arm\n\t" /* our assembly code is in ARM mode  */
|                 /* Following causes error if assembler ignored '.syntax unified'.  */
|                 "asmfunc:\n\t"
|                 "add %r0, %r0, %r4, ror #12;\n\t"
| 
|                 /* Test if '.type' and '.size' are supported.  */
|                 ".size asmfunc,.-asmfunc;\n\t"
|                 ".type asmfunc,%function;\n\t"
|             );
configure:12744: result: no
configure:12758: checking whether GCC assembler is compatible for ARMv8/Aarch64 assembly implementations
configure:12777: gcc -c -g -O2 -fvisibility=hidden  conftest.c >&5
/tmp/ccjGZpXs.s: Assembler messages:
/tmp/ccjGZpXs.s:6: Error: no such instruction: `eor x0,x0,x30,ror'
/tmp/ccjGZpXs.s:7: Error: too many memory references for `add'
/tmp/ccjGZpXs.s:8: Error: no such instruction: `eor v0.16b,v0.16b,v31.16b'
configure:12777: $? = 1
configure: failed program was:
| /* confdefs.h */
| #define PACKAGE_NAME "libgcrypt"
| #define PACKAGE_TARNAME "libgcrypt"
| #define PACKAGE_VERSION "1.8.5"
| #define PACKAGE_STRING "libgcrypt 1.8.5"
| #define PACKAGE_BUGREPORT "http://bugs.gnupg.org"
| #define PACKAGE_URL ""
| #define PACKAGE "libgcrypt"
| #define VERSION "1.8.5"
| #define PACKAGE "libgcrypt"
| #define VERSION "1.8.5"
| #define STDC_HEADERS 1
| #define HAVE_SYS_TYPES_H 1
| #define HAVE_SYS_STAT_H 1
| #define HAVE_STDLIB_H 1
| #define HAVE_STRING_H 1
| #define HAVE_MEMORY_H 1
| #define HAVE_STRINGS_H 1
| #define HAVE_INTTYPES_H 1
| #define HAVE_STDINT_H 1
| #define HAVE_UNISTD_H 1
| #define __EXTENSIONS__ 1
| #define _ALL_SOURCE 1
| #define _GNU_SOURCE 1
| #define _POSIX_PTHREAD_SEMANTICS 1
| #define _TANDEM_SOURCE 1
| #define HAVE_DLFCN_H 1
| #define LT_OBJDIR ".libs/"
| #define SIZEOF_UNSIGNED_SHORT 2
| #define SIZEOF_UNSIGNED_INT 4
| #define SIZEOF_UNSIGNED_LONG 8
| #define SIZEOF_UNSIGNED_LONG_LONG 8
| #define SIZEOF_VOID_P 8
| #define HAVE_UINTPTR_T 1
| #define SIZEOF_UINT64_T 8
| #define EGD_SOCKET_NAME ""
| #define PRINTABLE_OS_NAME "GNU/Linux"
| #define NAME_OF_DEV_RANDOM "/dev/random"
| #define NAME_OF_DEV_URANDOM "/dev/urandom"
| #define GPG_ERR_SOURCE_DEFAULT GPG_ERR_SOURCE_GCRYPT
| #define HAVE_PTHREAD 1 
| #define STDC_HEADERS 1
| #define HAVE_UNISTD_H 1
| #define HAVE_SYS_SELECT_H 1
| #define HAVE_SYS_MSG_H 1
| #define RETSIGTYPE void
| #define HAVE_DECL_SYS_SIGLIST 1
| #define HAVE_USHORT_TYPEDEF 1
| #define HAVE_ULONG_TYPEDEF 1
| #define HAVE_SYS_SOCKET_H 1
| #define HAVE_BUILTIN_BSWAP32 1
| #define HAVE_BUILTIN_BSWAP64 1
| #define HAVE_BUILTIN_CTZ 1
| #define HAVE_VLA 1
| #define GCRY_USE_VISIBILITY 1
| #define HAVE_GCC_ATTRIBUTE_ALIGNED 1
| #define HAVE_GCC_ATTRIBUTE_PACKED 1
| #define HAVE_GCC_ATTRIBUTE_MAY_ALIAS 1
| #define HAVE_GCC_ASM_VOLATILE_MEMORY 1
| /* end confdefs.h.  */
| __asm__(
|                 "asmfunc:\n\t"
|                 "eor x0, x0, x30, ror #12;\n\t"
|                 "add x0, x0, x30, asr #12;\n\t"
|                 "eor v0.16b, v0.16b, v31.16b;\n\t"
| 
|                 /* Test if '.type' and '.size' are supported.  */
|                 ".size asmfunc,.-asmfunc;\n\t"
|                 ".type asmfunc,@function;\n\t"
|             );
configure:12782: result: no
configure:12819: checking for _ prefix in compiled symbols
configure:12829: gcc -c -g -O2 -fvisibility=hidden  conftest.c >&5
configure:12832: $? = 0
configure:12836: /usr/bin/nm -B conftest.o \| sed -n -e 's/^.*[	 ]\([ABCDGIRSTW][ABCDGIRSTW]*\)[	 ][	 ]*\([_A-Za-z][_A-Za-z0-9]*\)$/\1 \2 \2/p' | sed '/ __gnu_lto/d' \| cut -d \' \' -f 2 \> conftest.nm
configure:12839: $? = 0
configure: cannot find nm_test_func in conftest.nm
configure:12866: result: no
configure:12889: checking architecture and mpi assembler functions
configure:12896: result: x86
configure:13087: checking whether compiler supports 'ms_abi' function attribute
configure:13097: gcc -c -g -O2 -fvisibility=hidden -Werror  conftest.c >&5
configure:13097: $? = 0
configure:13102: result: yes
configure:13114: checking whether compiler supports 'sysv_abi' function attribute
configure:13124: gcc -c -g -O2 -fvisibility=hidden -Werror  conftest.c >&5
configure:13124: $? = 0
configure:13129: result: yes
configure:13142: checking whether default calling convention is 'ms_abi'
configure:13158: gcc -c -g -O2 -fvisibility=hidden -Werror  conftest.c >&5
conftest.c: In function 'test':
conftest.c:67:29: error: assignment to 'void * (__attribute__((ms_abi)) *)(void)' from incompatible pointer type 'void * (*)(void)' [-Werror=incompatible-pointer-types]
                  msabi_func = def_func;
                             ^
cc1: all warnings being treated as errors
configure:13158: $? = 1
configure: failed program was:
| /* confdefs.h */
| #define PACKAGE_NAME "libgcrypt"
| #define PACKAGE_TARNAME "libgcrypt"
| #define PACKAGE_VERSION "1.8.5"
| #define PACKAGE_STRING "libgcrypt 1.8.5"
| #define PACKAGE_BUGREPORT "http://bugs.gnupg.org"
| #define PACKAGE_URL ""
| #define PACKAGE "libgcrypt"
| #define VERSION "1.8.5"
| #define PACKAGE "libgcrypt"
| #define VERSION "1.8.5"
| #define STDC_HEADERS 1
| #define HAVE_SYS_TYPES_H 1
| #define HAVE_SYS_STAT_H 1
| #define HAVE_STDLIB_H 1
| #define HAVE_STRING_H 1
| #define HAVE_MEMORY_H 1
| #define HAVE_STRINGS_H 1
| #define HAVE_INTTYPES_H 1
| #define HAVE_STDINT_H 1
| #define HAVE_UNISTD_H 1
| #define __EXTENSIONS__ 1
| #define _ALL_SOURCE 1
| #define _GNU_SOURCE 1
| #define _POSIX_PTHREAD_SEMANTICS 1
| #define _TANDEM_SOURCE 1
| #define HAVE_DLFCN_H 1
| #define LT_OBJDIR ".libs/"
| #define SIZEOF_UNSIGNED_SHORT 2
| #define SIZEOF_UNSIGNED_INT 4
| #define SIZEOF_UNSIGNED_LONG 8
| #define SIZEOF_UNSIGNED_LONG_LONG 8
| #define SIZEOF_VOID_P 8
| #define HAVE_UINTPTR_T 1
| #define SIZEOF_UINT64_T 8
| #define EGD_SOCKET_NAME ""
| #define PRINTABLE_OS_NAME "GNU/Linux"
| #define NAME_OF_DEV_RANDOM "/dev/random"
| #define NAME_OF_DEV_URANDOM "/dev/urandom"
| #define GPG_ERR_SOURCE_DEFAULT GPG_ERR_SOURCE_GCRYPT
| #define HAVE_PTHREAD 1 
| #define STDC_HEADERS 1
| #define HAVE_UNISTD_H 1
| #define HAVE_SYS_SELECT_H 1
| #define HAVE_SYS_MSG_H 1
| #define RETSIGTYPE void
| #define HAVE_DECL_SYS_SIGLIST 1
| #define HAVE_USHORT_TYPEDEF 1
| #define HAVE_ULONG_TYPEDEF 1
| #define HAVE_SYS_SOCKET_H 1
| #define HAVE_BUILTIN_BSWAP32 1
| #define HAVE_BUILTIN_BSWAP64 1
| #define HAVE_BUILTIN_CTZ 1
| #define HAVE_VLA 1
| #define GCRY_USE_VISIBILITY 1
| #define HAVE_GCC_ATTRIBUTE_ALIGNED 1
| #define HAVE_GCC_ATTRIBUTE_PACKED 1
| #define HAVE_GCC_ATTRIBUTE_MAY_ALIAS 1
| #define HAVE_GCC_ASM_VOLATILE_MEMORY 1
| #define HAVE_GCC_ATTRIBUTE_MS_ABI 1
| #define HAVE_GCC_ATTRIBUTE_SYSV_ABI 1
| /* end confdefs.h.  */
| void *test(void) {
|                  void *(*def_func)(void) = test;
|                  void *__attribute__((ms_abi))(*msabi_func)(void);
|                  /* warning on SysV abi targets, passes on Windows based targets */
|                  msabi_func = def_func;
|                  return msabi_func;
|              }
configure:13163: result: no
configure:13177: checking whether default calling convention is 'sysv_abi'
configure:13193: gcc -c -g -O2 -fvisibility=hidden -Werror  conftest.c >&5
configure:13193: $? = 0
configure:13198: result: yes
configure:13216: checking whether GCC inline assembler supports SSSE3 instructions
configure:13233: gcc -c -g -O2 -fvisibility=hidden  conftest.c >&5
configure:13233: $? = 0
configure:13239: result: yes
configure:13251: checking whether GCC inline assembler supports PCLMUL instructions
configure:13266: gcc -c -g -O2 -fvisibility=hidden  conftest.c >&5
configure:13266: $? = 0
configure:13272: result: yes
configure:13283: checking whether GCC inline assembler supports SSE4.1 instructions
configure:13299: gcc -c -g -O2 -fvisibility=hidden  conftest.c >&5
configure:13299: $? = 0
configure:13305: result: yes
configure:13317: checking whether GCC inline assembler supports AVX instructions
configure:13332: gcc -c -g -O2 -fvisibility=hidden  conftest.c >&5
configure:13332: $? = 0
configure:13338: result: yes
configure:13350: checking whether GCC inline assembler supports AVX2 instructions
configure:13365: gcc -c -g -O2 -fvisibility=hidden  conftest.c >&5
configure:13365: $? = 0
configure:13371: result: yes
configure:13383: checking whether GCC inline assembler supports BMI2 instructions
configure:13405: gcc -c -g -O2 -fvisibility=hidden  conftest.c >&5
configure:13405: $? = 0
configure:13411: result: yes
configure:13425: checking whether GCC assembler handles division correctly
configure:13435: gcc -c -g -O2 -fvisibility=hidden  conftest.c >&5
configure:13435: $? = 0
configure:13440: result: yes
configure:13478: checking whether GCC assembler is compatible for amd64 assembly implementations
configure:13502: gcc -c -g -O2 -fvisibility=hidden  conftest.c >&5
configure:13502: $? = 0
configure:13508: result: yes
configure:13552: checking whether GCC assembler is compatible for Intel syntax assembly implementations
configure:13583: gcc -c -g -O2 -fvisibility=hidden  conftest.c >&5
configure:13583: $? = 0
configure:13589: result: yes
configure:13601: checking whether compiler is configured for ARMv6 or newer architecture
configure:13634: result: n/a
configure:13646: checking whether GCC inline assembler supports NEON instructions
configure:13674: result: n/a
configure:13686: checking whether GCC inline assembler supports AArch32 Crypto Extension instructions
configure:13730: result: n/a
configure:13742: checking whether GCC inline assembler supports AArch64 NEON instructions
configure:13767: result: n/a
configure:13779: checking whether GCC inline assembler supports AArch64 Crypto Extension instructions
configure:13825: result: n/a
configure:13840: checking for vprintf
configure:13840: gcc -o conftest -g -O2 -fvisibility=hidden   conftest.c  >&5
conftest.c:95:6: warning: conflicting types for built-in function 'vprintf' [-Wbuiltin-declaration-mismatch]
 char vprintf ();
      ^~~~~~~
configure:13840: $? = 0
configure:13840: result: yes
configure:13846: checking for _doprnt
configure:13846: gcc -o conftest -g -O2 -fvisibility=hidden   conftest.c  >&5
/usr/bin/ld: /tmp/cclmxRTG.o: in function `main':
/home/beangreen247/surf/libgcrypt-1.8.5/conftest.c:107: undefined reference to `_doprnt'
collect2: error: ld returned 1 exit status
configure:13846: $? = 1
configure: failed program was:
| /* confdefs.h */
| #define PACKAGE_NAME "libgcrypt"
| #define PACKAGE_TARNAME "libgcrypt"
| #define PACKAGE_VERSION "1.8.5"
| #define PACKAGE_STRING "libgcrypt 1.8.5"
| #define PACKAGE_BUGREPORT "http://bugs.gnupg.org"
| #define PACKAGE_URL ""
| #define PACKAGE "libgcrypt"
| #define VERSION "1.8.5"
| #define PACKAGE "libgcrypt"
| #define VERSION "1.8.5"
| #define STDC_HEADERS 1
| #define HAVE_SYS_TYPES_H 1
| #define HAVE_SYS_STAT_H 1
| #define HAVE_STDLIB_H 1
| #define HAVE_STRING_H 1
| #define HAVE_MEMORY_H 1
| #define HAVE_STRINGS_H 1
| #define HAVE_INTTYPES_H 1
| #define HAVE_STDINT_H 1
| #define HAVE_UNISTD_H 1
| #define __EXTENSIONS__ 1
| #define _ALL_SOURCE 1
| #define _GNU_SOURCE 1
| #define _POSIX_PTHREAD_SEMANTICS 1
| #define _TANDEM_SOURCE 1
| #define HAVE_DLFCN_H 1
| #define LT_OBJDIR ".libs/"
| #define SIZEOF_UNSIGNED_SHORT 2
| #define SIZEOF_UNSIGNED_INT 4
| #define SIZEOF_UNSIGNED_LONG 8
| #define SIZEOF_UNSIGNED_LONG_LONG 8
| #define SIZEOF_VOID_P 8
| #define HAVE_UINTPTR_T 1
| #define SIZEOF_UINT64_T 8
| #define EGD_SOCKET_NAME ""
| #define PRINTABLE_OS_NAME "GNU/Linux"
| #define NAME_OF_DEV_RANDOM "/dev/random"
| #define NAME_OF_DEV_URANDOM "/dev/urandom"
| #define GPG_ERR_SOURCE_DEFAULT GPG_ERR_SOURCE_GCRYPT
| #define HAVE_PTHREAD 1 
| #define STDC_HEADERS 1
| #define HAVE_UNISTD_H 1
| #define HAVE_SYS_SELECT_H 1
| #define HAVE_SYS_MSG_H 1
| #define RETSIGTYPE void
| #define HAVE_DECL_SYS_SIGLIST 1
| #define HAVE_USHORT_TYPEDEF 1
| #define HAVE_ULONG_TYPEDEF 1
| #define HAVE_SYS_SOCKET_H 1
| #define HAVE_BUILTIN_BSWAP32 1
| #define HAVE_BUILTIN_BSWAP64 1
| #define HAVE_BUILTIN_CTZ 1
| #define HAVE_VLA 1
| #define GCRY_USE_VISIBILITY 1
| #define HAVE_GCC_ATTRIBUTE_ALIGNED 1
| #define HAVE_GCC_ATTRIBUTE_PACKED 1
| #define HAVE_GCC_ATTRIBUTE_MAY_ALIAS 1
| #define HAVE_GCC_ASM_VOLATILE_MEMORY 1
| #define HAVE_GCC_ATTRIBUTE_MS_ABI 1
| #define HAVE_GCC_ATTRIBUTE_SYSV_ABI 1
| #define HAVE_GCC_DEFAULT_ABI_IS_SYSV_ABI 1
| #define HAVE_GCC_INLINE_ASM_SSSE3 1
| #define HAVE_GCC_INLINE_ASM_PCLMUL 1
| #define HAVE_GCC_INLINE_ASM_SSE41 1
| #define HAVE_GCC_INLINE_ASM_AVX 1
| #define HAVE_GCC_INLINE_ASM_AVX2 1
| #define HAVE_GCC_INLINE_ASM_BMI2 1
| #define HAVE_COMPATIBLE_GCC_AMD64_PLATFORM_AS 1
| #define HAVE_INTEL_SYNTAX_PLATFORM_AS 1
| #define HAVE_VPRINTF 1
| /* end confdefs.h.  */
| /* Define _doprnt to an innocuous variant, in case <limits.h> declares _doprnt.
|    For example, HP-UX 11i <limits.h> declares gettimeofday.  */
| #define _doprnt innocuous__doprnt
| 
| /* System header to define __stub macros and hopefully few prototypes,
|     which can conflict with char _doprnt (); below.
|     Prefer <limits.h> to <assert.h> if __STDC__ is defined, since
|     <limits.h> exists even on freestanding compilers.  */
| 
| #ifdef __STDC__
| # include <limits.h>
| #else
| # include <assert.h>
| #endif
| 
| #undef _doprnt
| 
| /* Override any GCC internal prototype to avoid an error.
|    Use char because int might match the return type of a GCC
|    builtin and then its argument prototype would still apply.  */
| #ifdef __cplusplus
| extern "C"
| #endif
| char _doprnt ();
| /* The GNU C library defines this for functions which it implements
|     to always fail with ENOSYS.  Some functions are actually named
|     something starting with __ and the normal name is an alias.  */
| #if defined __stub__doprnt || defined __stub____doprnt
| choke me
| #endif
| 
| int
| main ()
| {
| return _doprnt ();
|   ;
|   return 0;
| }
configure:13846: result: no
configure:13861: checking for stpcpy
configure:13861: gcc -o conftest -g -O2 -fvisibility=hidden   conftest.c  >&5
conftest.c:96:6: warning: conflicting types for built-in function 'stpcpy' [-Wbuiltin-declaration-mismatch]
 char stpcpy ();
      ^~~~~~
configure:13861: $? = 0
configure:13861: result: yes
configure:13861: checking for strcasecmp
configure:13861: gcc -o conftest -g -O2 -fvisibility=hidden   conftest.c  >&5
conftest.c:97:6: warning: conflicting types for built-in function 'strcasecmp' [-Wbuiltin-declaration-mismatch]
 char strcasecmp ();
      ^~~~~~~~~~
configure:13861: $? = 0
configure:13861: result: yes
configure:13874: checking for strtoul
configure:13874: gcc -o conftest -g -O2 -fvisibility=hidden   conftest.c  >&5
configure:13874: $? = 0
configure:13874: result: yes
configure:13874: checking for memmove
configure:13874: gcc -o conftest -g -O2 -fvisibility=hidden   conftest.c  >&5
conftest.c:99:6: warning: conflicting types for built-in function 'memmove' [-Wbuiltin-declaration-mismatch]
 char memmove ();
      ^~~~~~~
configure:13874: $? = 0
configure:13874: result: yes
configure:13874: checking for stricmp
configure:13874: gcc -o conftest -g -O2 -fvisibility=hidden   conftest.c  >&5
/usr/bin/ld: /tmp/ccNQfp6Q.o: in function `main':
/home/beangreen247/surf/libgcrypt-1.8.5/conftest.c:111: undefined reference to `stricmp'
collect2: error: ld returned 1 exit status
configure:13874: $? = 1
configure: failed program was:
| /* confdefs.h */
| #define PACKAGE_NAME "libgcrypt"
| #define PACKAGE_TARNAME "libgcrypt"
| #define PACKAGE_VERSION "1.8.5"
| #define PACKAGE_STRING "libgcrypt 1.8.5"
| #define PACKAGE_BUGREPORT "http://bugs.gnupg.org"
| #define PACKAGE_URL ""
| #define PACKAGE "libgcrypt"
| #define VERSION "1.8.5"
| #define PACKAGE "libgcrypt"
| #define VERSION "1.8.5"
| #define STDC_HEADERS 1
| #define HAVE_SYS_TYPES_H 1
| #define HAVE_SYS_STAT_H 1
| #define HAVE_STDLIB_H 1
| #define HAVE_STRING_H 1
| #define HAVE_MEMORY_H 1
| #define HAVE_STRINGS_H 1
| #define HAVE_INTTYPES_H 1
| #define HAVE_STDINT_H 1
| #define HAVE_UNISTD_H 1
| #define __EXTENSIONS__ 1
| #define _ALL_SOURCE 1
| #define _GNU_SOURCE 1
| #define _POSIX_PTHREAD_SEMANTICS 1
| #define _TANDEM_SOURCE 1
| #define HAVE_DLFCN_H 1
| #define LT_OBJDIR ".libs/"
| #define SIZEOF_UNSIGNED_SHORT 2
| #define SIZEOF_UNSIGNED_INT 4
| #define SIZEOF_UNSIGNED_LONG 8
| #define SIZEOF_UNSIGNED_LONG_LONG 8
| #define SIZEOF_VOID_P 8
| #define HAVE_UINTPTR_T 1
| #define SIZEOF_UINT64_T 8
| #define EGD_SOCKET_NAME ""
| #define PRINTABLE_OS_NAME "GNU/Linux"
| #define NAME_OF_DEV_RANDOM "/dev/random"
| #define NAME_OF_DEV_URANDOM "/dev/urandom"
| #define GPG_ERR_SOURCE_DEFAULT GPG_ERR_SOURCE_GCRYPT
| #define HAVE_PTHREAD 1 
| #define STDC_HEADERS 1
| #define HAVE_UNISTD_H 1
| #define HAVE_SYS_SELECT_H 1
| #define HAVE_SYS_MSG_H 1
| #define RETSIGTYPE void
| #define HAVE_DECL_SYS_SIGLIST 1
| #define HAVE_USHORT_TYPEDEF 1
| #define HAVE_ULONG_TYPEDEF 1
| #define HAVE_SYS_SOCKET_H 1
| #define HAVE_BUILTIN_BSWAP32 1
| #define HAVE_BUILTIN_BSWAP64 1
| #define HAVE_BUILTIN_CTZ 1
| #define HAVE_VLA 1
| #define GCRY_USE_VISIBILITY 1
| #define HAVE_GCC_ATTRIBUTE_ALIGNED 1
| #define HAVE_GCC_ATTRIBUTE_PACKED 1
| #define HAVE_GCC_ATTRIBUTE_MAY_ALIAS 1
| #define HAVE_GCC_ASM_VOLATILE_MEMORY 1
| #define HAVE_GCC_ATTRIBUTE_MS_ABI 1
| #define HAVE_GCC_ATTRIBUTE_SYSV_ABI 1
| #define HAVE_GCC_DEFAULT_ABI_IS_SYSV_ABI 1
| #define HAVE_GCC_INLINE_ASM_SSSE3 1
| #define HAVE_GCC_INLINE_ASM_PCLMUL 1
| #define HAVE_GCC_INLINE_ASM_SSE41 1
| #define HAVE_GCC_INLINE_ASM_AVX 1
| #define HAVE_GCC_INLINE_ASM_AVX2 1
| #define HAVE_GCC_INLINE_ASM_BMI2 1
| #define HAVE_COMPATIBLE_GCC_AMD64_PLATFORM_AS 1
| #define HAVE_INTEL_SYNTAX_PLATFORM_AS 1
| #define HAVE_VPRINTF 1
| #define HAVE_STPCPY 1
| #define HAVE_STRCASECMP 1
| #define HAVE_STRTOUL 1
| #define HAVE_MEMMOVE 1
| /* end confdefs.h.  */
| /* Define stricmp to an innocuous variant, in case <limits.h> declares stricmp.
|    For example, HP-UX 11i <limits.h> declares gettimeofday.  */
| #define stricmp innocuous_stricmp
| 
| /* System header to define __stub macros and hopefully few prototypes,
|     which can conflict with char stricmp (); below.
|     Prefer <limits.h> to <assert.h> if __STDC__ is defined, since
|     <limits.h> exists even on freestanding compilers.  */
| 
| #ifdef __STDC__
| # include <limits.h>
| #else
| # include <assert.h>
| #endif
| 
| #undef stricmp
| 
| /* Override any GCC internal prototype to avoid an error.
|    Use char because int might match the return type of a GCC
|    builtin and then its argument prototype would still apply.  */
| #ifdef __cplusplus
| extern "C"
| #endif
| char stricmp ();
| /* The GNU C library defines this for functions which it implements
|     to always fail with ENOSYS.  Some functions are actually named
|     something starting with __ and the normal name is an alias.  */
| #if defined __stub_stricmp || defined __stub___stricmp
| choke me
| #endif
| 
| int
| main ()
| {
| return stricmp ();
|   ;
|   return 0;
| }
configure:13874: result: no
configure:13874: checking for atexit
configure:13874: gcc -o conftest -g -O2 -fvisibility=hidden   conftest.c  >&5
configure:13874: $? = 0
configure:13874: result: yes
configure:13874: checking for raise
configure:13874: gcc -o conftest -g -O2 -fvisibility=hidden   conftest.c  >&5
configure:13874: $? = 0
configure:13874: result: yes
configure:13887: checking for strerror
configure:13887: gcc -o conftest -g -O2 -fvisibility=hidden   conftest.c  >&5
configure:13887: $? = 0
configure:13887: result: yes
configure:13887: checking for rand
configure:13887: gcc -o conftest -g -O2 -fvisibility=hidden   conftest.c  >&5
configure:13887: $? = 0
configure:13887: result: yes
configure:13887: checking for mmap
configure:13887: gcc -o conftest -g -O2 -fvisibility=hidden   conftest.c  >&5
configure:13887: $? = 0
configure:13887: result: yes
configure:13887: checking for getpagesize
configure:13887: gcc -o conftest -g -O2 -fvisibility=hidden   conftest.c  >&5
configure:13887: $? = 0
configure:13887: result: yes
configure:13887: checking for sysconf
configure:13887: gcc -o conftest -g -O2 -fvisibility=hidden   conftest.c  >&5
configure:13887: $? = 0
configure:13887: result: yes
configure:13887: checking for waitpid
configure:13887: gcc -o conftest -g -O2 -fvisibility=hidden   conftest.c  >&5
configure:13887: $? = 0
configure:13887: result: yes
configure:13887: checking for wait4
configure:13887: gcc -o conftest -g -O2 -fvisibility=hidden   conftest.c  >&5
configure:13887: $? = 0
configure:13887: result: yes
configure:13899: checking for gettimeofday
configure:13899: gcc -o conftest -g -O2 -fvisibility=hidden   conftest.c  >&5
configure:13899: $? = 0
configure:13899: result: yes
configure:13899: checking for getrusage
configure:13899: gcc -o conftest -g -O2 -fvisibility=hidden   conftest.c  >&5
configure:13899: $? = 0
configure:13899: result: yes
configure:13899: checking for gethrtime
configure:13899: gcc -o conftest -g -O2 -fvisibility=hidden   conftest.c  >&5
/usr/bin/ld: /tmp/cc7RzzUG.o: in function `main':
/home/beangreen247/surf/libgcrypt-1.8.5/conftest.c:122: undefined reference to `gethrtime'
collect2: error: ld returned 1 exit status
configure:13899: $? = 1
configure: failed program was:
| /* confdefs.h */
| #define PACKAGE_NAME "libgcrypt"
| #define PACKAGE_TARNAME "libgcrypt"
| #define PACKAGE_VERSION "1.8.5"
| #define PACKAGE_STRING "libgcrypt 1.8.5"
| #define PACKAGE_BUGREPORT "http://bugs.gnupg.org"
| #define PACKAGE_URL ""
| #define PACKAGE "libgcrypt"
| #define VERSION "1.8.5"
| #define PACKAGE "libgcrypt"
| #define VERSION "1.8.5"
| #define STDC_HEADERS 1
| #define HAVE_SYS_TYPES_H 1
| #define HAVE_SYS_STAT_H 1
| #define HAVE_STDLIB_H 1
| #define HAVE_STRING_H 1
| #define HAVE_MEMORY_H 1
| #define HAVE_STRINGS_H 1
| #define HAVE_INTTYPES_H 1
| #define HAVE_STDINT_H 1
| #define HAVE_UNISTD_H 1
| #define __EXTENSIONS__ 1
| #define _ALL_SOURCE 1
| #define _GNU_SOURCE 1
| #define _POSIX_PTHREAD_SEMANTICS 1
| #define _TANDEM_SOURCE 1
| #define HAVE_DLFCN_H 1
| #define LT_OBJDIR ".libs/"
| #define SIZEOF_UNSIGNED_SHORT 2
| #define SIZEOF_UNSIGNED_INT 4
| #define SIZEOF_UNSIGNED_LONG 8
| #define SIZEOF_UNSIGNED_LONG_LONG 8
| #define SIZEOF_VOID_P 8
| #define HAVE_UINTPTR_T 1
| #define SIZEOF_UINT64_T 8
| #define EGD_SOCKET_NAME ""
| #define PRINTABLE_OS_NAME "GNU/Linux"
| #define NAME_OF_DEV_RANDOM "/dev/random"
| #define NAME_OF_DEV_URANDOM "/dev/urandom"
| #define GPG_ERR_SOURCE_DEFAULT GPG_ERR_SOURCE_GCRYPT
| #define HAVE_PTHREAD 1 
| #define STDC_HEADERS 1
| #define HAVE_UNISTD_H 1
| #define HAVE_SYS_SELECT_H 1
| #define HAVE_SYS_MSG_H 1
| #define RETSIGTYPE void
| #define HAVE_DECL_SYS_SIGLIST 1
| #define HAVE_USHORT_TYPEDEF 1
| #define HAVE_ULONG_TYPEDEF 1
| #define HAVE_SYS_SOCKET_H 1
| #define HAVE_BUILTIN_BSWAP32 1
| #define HAVE_BUILTIN_BSWAP64 1
| #define HAVE_BUILTIN_CTZ 1
| #define HAVE_VLA 1
| #define GCRY_USE_VISIBILITY 1
| #define HAVE_GCC_ATTRIBUTE_ALIGNED 1
| #define HAVE_GCC_ATTRIBUTE_PACKED 1
| #define HAVE_GCC_ATTRIBUTE_MAY_ALIAS 1
| #define HAVE_GCC_ASM_VOLATILE_MEMORY 1
| #define HAVE_GCC_ATTRIBUTE_MS_ABI 1
| #define HAVE_GCC_ATTRIBUTE_SYSV_ABI 1
| #define HAVE_GCC_DEFAULT_ABI_IS_SYSV_ABI 1
| #define HAVE_GCC_INLINE_ASM_SSSE3 1
| #define HAVE_GCC_INLINE_ASM_PCLMUL 1
| #define HAVE_GCC_INLINE_ASM_SSE41 1
| #define HAVE_GCC_INLINE_ASM_AVX 1
| #define HAVE_GCC_INLINE_ASM_AVX2 1
| #define HAVE_GCC_INLINE_ASM_BMI2 1
| #define HAVE_COMPATIBLE_GCC_AMD64_PLATFORM_AS 1
| #define HAVE_INTEL_SYNTAX_PLATFORM_AS 1
| #define HAVE_VPRINTF 1
| #define HAVE_STPCPY 1
| #define HAVE_STRCASECMP 1
| #define HAVE_STRTOUL 1
| #define HAVE_MEMMOVE 1
| #define HAVE_ATEXIT 1
| #define HAVE_RAISE 1
| #define HAVE_STRERROR 1
| #define HAVE_RAND 1
| #define HAVE_MMAP 1
| #define HAVE_GETPAGESIZE 1
| #define HAVE_SYSCONF 1
| #define HAVE_WAITPID 1
| #define HAVE_WAIT4 1
| #define HAVE_GETTIMEOFDAY 1
| #define HAVE_GETRUSAGE 1
| /* end confdefs.h.  */
| /* Define gethrtime to an innocuous variant, in case <limits.h> declares gethrtime.
|    For example, HP-UX 11i <limits.h> declares gettimeofday.  */
| #define gethrtime innocuous_gethrtime
| 
| /* System header to define __stub macros and hopefully few prototypes,
|     which can conflict with char gethrtime (); below.
|     Prefer <limits.h> to <assert.h> if __STDC__ is defined, since
|     <limits.h> exists even on freestanding compilers.  */
| 
| #ifdef __STDC__
| # include <limits.h>
| #else
| # include <assert.h>
| #endif
| 
| #undef gethrtime
| 
| /* Override any GCC internal prototype to avoid an error.
|    Use char because int might match the return type of a GCC
|    builtin and then its argument prototype would still apply.  */
| #ifdef __cplusplus
| extern "C"
| #endif
| char gethrtime ();
| /* The GNU C library defines this for functions which it implements
|     to always fail with ENOSYS.  Some functions are actually named
|     something starting with __ and the normal name is an alias.  */
| #if defined __stub_gethrtime || defined __stub___gethrtime
| choke me
| #endif
| 
| int
| main ()
| {
| return gethrtime ();
|   ;
|   return 0;
| }
configure:13899: result: no
configure:13899: checking for clock_gettime
configure:13899: gcc -o conftest -g -O2 -fvisibility=hidden   conftest.c  >&5
configure:13899: $? = 0
configure:13899: result: yes
configure:13899: checking for syslog
configure:13899: gcc -o conftest -g -O2 -fvisibility=hidden   conftest.c  >&5
configure:13899: $? = 0
configure:13899: result: yes
configure:13911: checking for syscall
configure:13911: gcc -o conftest -g -O2 -fvisibility=hidden   conftest.c  >&5
configure:13911: $? = 0
configure:13911: result: yes
configure:13911: checking for fcntl
configure:13911: gcc -o conftest -g -O2 -fvisibility=hidden   conftest.c  >&5
configure:13911: $? = 0
configure:13911: result: yes
configure:13911: checking for ftruncate
configure:13911: gcc -o conftest -g -O2 -fvisibility=hidden   conftest.c  >&5
configure:13911: $? = 0
configure:13911: result: yes
configure:13911: checking for flockfile
configure:13911: gcc -o conftest -g -O2 -fvisibility=hidden   conftest.c  >&5
configure:13911: $? = 0
configure:13911: result: yes
configure:13923: checking for mlock
configure:13923: gcc -o conftest -g -O2 -fvisibility=hidden   conftest.c  >&5
configure:13923: $? = 0
configure:13923: result: yes
configure:14047: checking for sysconf
configure:14047: result: yes
configure:14047: checking for getpagesize
configure:14047: result: yes
configure:14056: checking whether mlock is broken
configure:14106: gcc -o conftest -g -O2 -fvisibility=hidden   conftest.c  >&5
configure:14106: $? = 0
configure:14106: ./conftest
configure:14106: $? = 0
configure:14126: result: no
configure:14139: checking for getpid
configure:14139: gcc -o conftest -g -O2 -fvisibility=hidden   conftest.c  >&5
configure:14139: $? = 0
configure:14139: result: yes
configure:14152: checking for clock
configure:14152: gcc -o conftest -g -O2 -fvisibility=hidden   conftest.c  >&5
configure:14152: $? = 0
configure:14152: result: yes
configure:14330: checking for random device
configure:14338: result: yes
configure:14416: checking for cc features
configure:14420: checking if gcc supports -fno-delete-null-pointer-checks
configure:14435: gcc -c -fno-delete-null-pointer-checks  conftest.c >&5
configure:14435: $? = 0
configure:14441: result: yes
configure:14523: checking whether non excutable stack support is requested
configure:14532: result: yes
configure:14535: checking whether assembler supports --noexecstack option
configure:14545: gcc -g -O2 -fvisibility=hidden -fno-delete-null-pointer-checks -Wall 
                     -S -o conftest.s conftest.c >/dev/null
configure:14548: $? = 0
configure:14553: gcc -g -O2  -Wa,--noexecstack
                       -c -o conftest.o conftest.s >/dev/null
configure:14556: $? = 0
configure:14565: result: yes
configure:15887: checking that generated files are newer than configure
configure:15893: result: done
configure:16025: creating ./config.status

## ---------------------- ##
## Running config.status. ##
## ---------------------- ##

This file was extended by libgcrypt config.status 1.8.5, which was
generated by GNU Autoconf 2.69.  Invocation command line was

  CONFIG_FILES    = 
  CONFIG_HEADERS  = 
  CONFIG_LINKS    = 
  CONFIG_COMMANDS = 
  $ ./config.status 

on ihatewindows

config.status:1381: creating Makefile
config.status:1381: creating m4/Makefile
config.status:1381: creating compat/Makefile
config.status:1381: creating mpi/Makefile
config.status:1381: creating cipher/Makefile
config.status:1381: creating random/Makefile
config.status:1381: creating doc/Makefile
config.status:1381: creating src/Makefile
config.status:1381: creating src/gcrypt.h
config.status:1381: creating src/libgcrypt-config
config.status:1381: creating src/libgcrypt.pc
config.status:1381: creating src/versioninfo.rc
config.status:1381: creating tests/Makefile
config.status:1381: creating tests/hashtest-256g
config.status:1381: creating tests/basic-disable-all-hwf
config.status:1381: creating config.h
config.status:1562: config.h is unchanged
config.status:1622: linking mpi/amd64/mpih-add1.S to mpi/mpih-add1-asm.S
config.status:1622: linking mpi/amd64/mpih-sub1.S to mpi/mpih-sub1-asm.S
config.status:1622: linking mpi/amd64/mpih-mul1.S to mpi/mpih-mul1-asm.S
config.status:1622: linking mpi/amd64/mpih-mul2.S to mpi/mpih-mul2-asm.S
config.status:1622: linking mpi/amd64/mpih-mul3.S to mpi/mpih-mul3-asm.S
config.status:1622: linking mpi/amd64/mpih-lshift.S to mpi/mpih-lshift-asm.S
config.status:1622: linking mpi/amd64/mpih-rshift.S to mpi/mpih-rshift-asm.S
config.status:1622: linking mpi/amd64/mpi-asm-defs.h to mpi/mpi-asm-defs.h
config.status:1641: executing depfiles commands
config.status:1641: executing libtool commands
config.status:1641: executing gcrypt-conf commands

## ---------------- ##
## Cache variables. ##
## ---------------- ##

ac_cv_build=x86_64-pc-linux-gnu
ac_cv_c_bigendian=no
ac_cv_c_compiler_gnu=yes
ac_cv_c_const=yes
ac_cv_c_inline=inline
ac_cv_env_CCASFLAGS_set=
ac_cv_env_CCASFLAGS_value=
ac_cv_env_CCAS_set=
ac_cv_env_CCAS_value=
ac_cv_env_CC_FOR_BUILD_set=
ac_cv_env_CC_FOR_BUILD_value=
ac_cv_env_CC_set=
ac_cv_env_CC_value=
ac_cv_env_CFLAGS_set=
ac_cv_env_CFLAGS_value=
ac_cv_env_CPPFLAGS_set=
ac_cv_env_CPPFLAGS_value=
ac_cv_env_CPP_set=
ac_cv_env_CPP_value=
ac_cv_env_LDFLAGS_set=
ac_cv_env_LDFLAGS_value=
ac_cv_env_LIBS_set=
ac_cv_env_LIBS_value=
ac_cv_env_SYSROOT_set=
ac_cv_env_SYSROOT_value=
ac_cv_env_build_alias_set=
ac_cv_env_build_alias_value=
ac_cv_env_host_alias_set=
ac_cv_env_host_alias_value=
ac_cv_env_target_alias_set=
ac_cv_env_target_alias_value=
ac_cv_func__doprnt=no
ac_cv_func_atexit=yes
ac_cv_func_clock=yes
ac_cv_func_clock_gettime=yes
ac_cv_func_fcntl=yes
ac_cv_func_flockfile=yes
ac_cv_func_ftruncate=yes
ac_cv_func_gethrtime=no
ac_cv_func_getpagesize=yes
ac_cv_func_getpid=yes
ac_cv_func_getrusage=yes
ac_cv_func_gettimeofday=yes
ac_cv_func_memmove=yes
ac_cv_func_mlock=yes
ac_cv_func_mmap=yes
ac_cv_func_raise=yes
ac_cv_func_rand=yes
ac_cv_func_stpcpy=yes
ac_cv_func_strcasecmp=yes
ac_cv_func_strerror=yes
ac_cv_func_stricmp=no
ac_cv_func_strtoul=yes
ac_cv_func_syscall=yes
ac_cv_func_sysconf=yes
ac_cv_func_syslog=yes
ac_cv_func_vprintf=yes
ac_cv_func_wait4=yes
ac_cv_func_waitpid=yes
ac_cv_have_decl_sys_siglist=yes
ac_cv_have_dev_random=yes
ac_cv_header_dlfcn_h=yes
ac_cv_header_inttypes_h=yes
ac_cv_header_memory_h=yes
ac_cv_header_minix_config_h=no
ac_cv_header_stdc=yes
ac_cv_header_stdint_h=yes
ac_cv_header_stdlib_h=yes
ac_cv_header_string_h=yes
ac_cv_header_strings_h=yes
ac_cv_header_sys_msg_h=yes
ac_cv_header_sys_select_h=yes
ac_cv_header_sys_socket_h=yes
ac_cv_header_sys_stat_h=yes
ac_cv_header_sys_types_h=yes
ac_cv_header_unistd_h=yes
ac_cv_host=x86_64-pc-linux-gnu
ac_cv_lib_pthread_pthread_create=yes
ac_cv_mpi_sflags=
ac_cv_objext=o
ac_cv_path_EGREP='/usr/bin/grep -E'
ac_cv_path_FGREP='/usr/bin/grep -F'
ac_cv_path_GPG_ERROR_CONFIG=/usr/bin/gpg-error-config
ac_cv_path_GREP=/usr/bin/grep
ac_cv_path_SED=/usr/bin/sed
ac_cv_path_install='/usr/bin/install -c'
ac_cv_path_mkdir=/usr/bin/mkdir
ac_cv_prog_AWK=gawk
ac_cv_prog_CPP='gcc -E'
ac_cv_prog_ac_ct_AR=ar
ac_cv_prog_ac_ct_CC=gcc
ac_cv_prog_ac_ct_MANIFEST_TOOL=mt
ac_cv_prog_ac_ct_OBJDUMP=objdump
ac_cv_prog_ac_ct_RANLIB=ranlib
ac_cv_prog_ac_ct_STRIP=strip
ac_cv_prog_cc_c89=
ac_cv_prog_cc_g=yes
ac_cv_prog_make_make_set=yes
ac_cv_safe_to_define___extensions__=yes
ac_cv_search_setsockopt='none required'
ac_cv_search_strerror='none required'
ac_cv_sizeof_uint64_t=8
ac_cv_sizeof_unsigned_int=4
ac_cv_sizeof_unsigned_long=8
ac_cv_sizeof_unsigned_long_long=8
ac_cv_sizeof_unsigned_short=2
ac_cv_sizeof_void_p=8
ac_cv_sys_symbol_underscore=no
ac_cv_type_pid_t=yes
ac_cv_type_signal=void
ac_cv_type_size_t=yes
ac_cv_type_socklen_t=yes
ac_cv_type_uintptr_t=yes
am_cv_CCAS_dependencies_compiler_type=gcc3
am_cv_CC_dependencies_compiler_type=gcc3
am_cv_make_support_nested_variables=yes
am_cv_prog_cc_c_o=yes
cl_cv_as_noexecstack=yes
gcry_cv_broken_alias_attribute=no
gcry_cv_broken_visibility_attribute=no
gcry_cv_cc_arm_arch_is_v6=n/a
gcry_cv_gcc_aarch64_platform_as_ok=no
gcry_cv_gcc_amd64_platform_as_ok=yes
gcry_cv_gcc_arm_platform_as_ok=no
gcry_cv_gcc_as_const_division_ok=yes
gcry_cv_gcc_attribute_aligned=yes
gcry_cv_gcc_attribute_may_alias=yes
gcry_cv_gcc_attribute_ms_abi=yes
gcry_cv_gcc_attribute_packed=yes
gcry_cv_gcc_attribute_sysv_abi=yes
gcry_cv_gcc_default_abi_is_ms_abi=no
gcry_cv_gcc_default_abi_is_sysv_abi=yes
gcry_cv_gcc_has_f_visibility=yes
gcry_cv_gcc_inline_asm_aarch32_crypto=n/a
gcry_cv_gcc_inline_asm_aarch64_crypto=n/a
gcry_cv_gcc_inline_asm_aarch64_neon=n/a
gcry_cv_gcc_inline_asm_avx2=yes
gcry_cv_gcc_inline_asm_avx=yes
gcry_cv_gcc_inline_asm_bmi2=yes
gcry_cv_gcc_inline_asm_neon=n/a
gcry_cv_gcc_inline_asm_pclmul=yes
gcry_cv_gcc_inline_asm_sse41=yes
gcry_cv_gcc_inline_asm_ssse3=yes
gcry_cv_gcc_platform_as_ok_for_intel_syntax=yes
gcry_cv_have___asm__=yes
gcry_cv_have_asm=yes
gcry_cv_have_asm_volatile_memory=yes
gcry_cv_have_builtin_bswap32=yes
gcry_cv_have_builtin_bswap64=yes
gcry_cv_have_builtin_ctz=yes
gcry_cv_have_vla=yes
gcry_cv_visibility_attribute=yes
gnupg_cv_have_broken_mlock=no
gnupg_cv_typedef_byte=no
gnupg_cv_typedef_u16=no
gnupg_cv_typedef_u32=no
gnupg_cv_typedef_ulong=yes
gnupg_cv_typedef_ushort=yes
gnupg_cv_uint64_c_works=yes
lt_cv_ar_at_file=@
lt_cv_archive_cmds_need_lc=no
lt_cv_deplibs_check_method=pass_all
lt_cv_file_magic_cmd='$MAGIC_CMD'
lt_cv_file_magic_test_file=
lt_cv_ld_reload_flag=-r
lt_cv_nm_interface='BSD nm'
lt_cv_objdir=.libs
lt_cv_path_LD=/usr/bin/ld
lt_cv_path_NM='/usr/bin/nm -B'
lt_cv_path_mainfest_tool=no
lt_cv_prog_compiler_c_o=yes
lt_cv_prog_compiler_c_o_RC=yes
lt_cv_prog_compiler_pic='-fPIC -DPIC'
lt_cv_prog_compiler_pic_works=yes
lt_cv_prog_compiler_rtti_exceptions=no
lt_cv_prog_compiler_static_works=yes
lt_cv_prog_gnu_ld=yes
lt_cv_sharedlib_from_linklib_cmd='printf %s\n'
lt_cv_shlibpath_overrides_runpath=yes
lt_cv_sys_global_symbol_pipe='sed -n -e '\''s/^.*[	 ]\([ABCDGIRSTW][ABCDGIRSTW]*\)[	 ][	 ]*\([_A-Za-z][_A-Za-z0-9]*\)$/\1 \2 \2/p'\'' | sed '\''/ __gnu_lto/d'\'''
lt_cv_sys_global_symbol_to_c_name_address='sed -n -e '\''s/^: \([^ ]*\)[ ]*$/  {\"\1\", (void *) 0},/p'\'' -e '\''s/^[ABCDGIRSTW]* \([^ ]*\) \([^ ]*\)$/  {"\2", (void *) \&\2},/p'\'''
lt_cv_sys_global_symbol_to_c_name_address_lib_prefix='sed -n -e '\''s/^: \([^ ]*\)[ ]*$/  {\"\1\", (void *) 0},/p'\'' -e '\''s/^[ABCDGIRSTW]* \([^ ]*\) \(lib[^ ]*\)$/  {"\2", (void *) \&\2},/p'\'' -e '\''s/^[ABCDGIRSTW]* \([^ ]*\) \([^ ]*\)$/  {"lib\2", (void *) \&\2},/p'\'''
lt_cv_sys_global_symbol_to_cdecl='sed -n -e '\''s/^T .* \(.*\)$/extern int \1();/p'\'' -e '\''s/^[ABCDGIRSTW]* .* \(.*\)$/extern char \1;/p'\'''
lt_cv_sys_max_cmd_len=1572864
lt_cv_to_host_file_cmd=func_convert_file_noop
lt_cv_to_tool_file_cmd=func_convert_file_noop

## ----------------- ##
## Output variables. ##
## ----------------- ##

ACLOCAL='${SHELL} /home/beangreen247/surf/libgcrypt-1.8.5/build-aux/missing aclocal-1.15'
AMDEPBACKSLASH='\'
AMDEP_FALSE='#'
AMDEP_TRUE=''
AMTAR='$${TAR-tar}'
AM_BACKSLASH='\'
AM_DEFAULT_V='$(AM_DEFAULT_VERBOSITY)'
AM_DEFAULT_VERBOSITY='1'
AM_V='$(V)'
AR='ar'
AS='as'
AUTOCONF='${SHELL} /home/beangreen247/surf/libgcrypt-1.8.5/build-aux/missing autoconf'
AUTOHEADER='${SHELL} /home/beangreen247/surf/libgcrypt-1.8.5/build-aux/missing autoheader'
AUTOMAKE='${SHELL} /home/beangreen247/surf/libgcrypt-1.8.5/build-aux/missing automake-1.15'
AWK='gawk'
BUILD_DOC_FALSE='#'
BUILD_DOC_TRUE=''
BUILD_FILEVERSION='1,8,5,22112'
BUILD_REVISION='56606331'
BUILD_TIMESTAMP='<none>'
CC='gcc'
CCAS='gcc'
CCASDEPMODE='depmode=gcc3'
CCASFLAGS='-g -O2'
CCDEPMODE='depmode=gcc3'
CC_FOR_BUILD='gcc'
CFLAGS='-g -O2 -fvisibility=hidden -fno-delete-null-pointer-checks -Wall'
CPP='gcc -E'
CPPFLAGS=''
CROSS_COMPILING_FALSE=''
CROSS_COMPILING_TRUE='#'
CYGPATH_W='echo'
DEFS='-DHAVE_CONFIG_H'
DEPDIR='.deps'
DLLTOOL='false'
DL_LIBS=''
DSYMUTIL=''
DUMPBIN=''
ECHO_C=''
ECHO_N='-n'
ECHO_T=''
EGREP='/usr/bin/grep -E'
ENABLE_O_FLAG_MUNGING_FALSE='#'
ENABLE_O_FLAG_MUNGING_TRUE=''
EXEEXT=''
FALLBACK_SOCKLEN_T='typedef socklen_t gcry_socklen_t;'
FGREP='/usr/bin/grep -F'
GCRYPT_CIPHERS=' arcfour.lo arcfour-amd64.lo blowfish.lo blowfish-amd64.lo cast5.lo cast5-amd64.lo des.lo des-amd64.lo rijndael.lo rijndael-amd64.lo rijndael-ssse3-amd64.lo rijndael-ssse3-amd64-asm.lo rijndael-aesni.lo rijndael-padlock.lo twofish.lo twofish-amd64.lo twofish-avx2-amd64.lo serpent.lo serpent-sse2-amd64.lo serpent-avx2-amd64.lo rfc2268.lo seed.lo camellia.lo camellia-glue.lo camellia-aesni-avx-amd64.lo camellia-aesni-avx2-amd64.lo idea.lo salsa20.lo salsa20-amd64.lo gost28147.lo chacha20.lo chacha20-sse2-amd64.lo chacha20-ssse3-amd64.lo chacha20-avx2-amd64.lo poly1305-sse2-amd64.lo poly1305-avx2-amd64.lo'
GCRYPT_DIGESTS=' crc.lo crc-intel-pclmul.lo gostr3411-94.lo stribog.lo md4.lo md5.lo rmd160.lo sha256.lo sha256-ssse3-amd64.lo sha256-avx-amd64.lo sha256-avx2-bmi2-amd64.lo sha512.lo sha512-ssse3-amd64.lo sha512-avx-amd64.lo sha512-avx2-bmi2-amd64.lo keccak.lo tiger.lo whirlpool.lo whirlpool-sse2-amd64.lo blake2.lo sha1.lo sha1-ssse3-amd64.lo sha1-avx-amd64.lo sha1-avx-bmi2-amd64.lo'
GCRYPT_HWF_MODULES='hwf-x86.lo'
GCRYPT_KDFS=' scrypt.lo'
GCRYPT_PUBKEY_CIPHERS=' dsa.lo rsa.lo elgamal.lo                           ecc.lo ecc-curves.lo ecc-misc.lo                           ecc-ecdsa.lo ecc-eddsa.lo ecc-gost.lo'
GCRYPT_RANDOM=' rndlinux.lo'
GPG_ERROR_CFLAGS=''
GPG_ERROR_CONFIG='/usr/bin/gpg-error-config'
GPG_ERROR_LIBS='-lgpg-error'
GPG_ERROR_MT_CFLAGS=''
GPG_ERROR_MT_LIBS='-lgpg-error -lpthread'
GREP='/usr/bin/grep'
HAVE_LD_VERSION_SCRIPT_FALSE='#'
HAVE_LD_VERSION_SCRIPT_TRUE=''
HAVE_W32CE_SYSTEM_FALSE=''
HAVE_W32CE_SYSTEM_TRUE='#'
HAVE_W32_SYSTEM_FALSE=''
HAVE_W32_SYSTEM_TRUE='#'
INSERT_SYS_SELECT_H=' include <sys/select.h>'
INSTALL_DATA='${INSTALL} -m 644'
INSTALL_PROGRAM='${INSTALL}'
INSTALL_SCRIPT='${INSTALL}'
INSTALL_STRIP_PROGRAM='$(install_sh) -c -s'
LD='/usr/bin/ld -m elf_x86_64'
LDFLAGS=''
LIBGCRYPT_CIPHERS='arcfour blowfish cast5 des aes twofish serpent rfc2268 seed camellia idea salsa20 gost28147 chacha20'
LIBGCRYPT_CONFIG_API_VERSION='1'
LIBGCRYPT_CONFIG_CFLAGS=''
LIBGCRYPT_CONFIG_HOST='x86_64-pc-linux-gnu'
LIBGCRYPT_CONFIG_LIBS='-lgcrypt'
LIBGCRYPT_DIGESTS='crc gostr3411-94  md4 md5 rmd160 sha1 sha256 sha512 sha3 tiger whirlpool stribog blake2'
LIBGCRYPT_LT_AGE='2'
LIBGCRYPT_LT_CURRENT='22'
LIBGCRYPT_LT_REVISION='5'
LIBGCRYPT_PUBKEY_CIPHERS='dsa elgamal rsa ecc'
LIBGCRYPT_THREAD_MODULES=''
LIBOBJS=''
LIBS=''
LIBTOOL='$(SHELL) $(top_builddir)/libtool'
LIPO=''
LN_S='ln -s'
LTLIBOBJS=''
MAINT='#'
MAINTAINER_MODE_FALSE=''
MAINTAINER_MODE_TRUE='#'
MAKEINFO='${SHELL} /home/beangreen247/surf/libgcrypt-1.8.5/build-aux/missing makeinfo'
MANIFEST_TOOL=':'
MKDIR_P='/usr/bin/mkdir -p'
MPI_MOD_ASM_MPIH_ADD1_FALSE='#'
MPI_MOD_ASM_MPIH_ADD1_TRUE=''
MPI_MOD_ASM_MPIH_LSHIFT_FALSE='#'
MPI_MOD_ASM_MPIH_LSHIFT_TRUE=''
MPI_MOD_ASM_MPIH_MUL1_FALSE='#'
MPI_MOD_ASM_MPIH_MUL1_TRUE=''
MPI_MOD_ASM_MPIH_MUL2_FALSE='#'
MPI_MOD_ASM_MPIH_MUL2_TRUE=''
MPI_MOD_ASM_MPIH_MUL3_FALSE='#'
MPI_MOD_ASM_MPIH_MUL3_TRUE=''
MPI_MOD_ASM_MPIH_RSHIFT_FALSE='#'
MPI_MOD_ASM_MPIH_RSHIFT_TRUE=''
MPI_MOD_ASM_MPIH_SUB1_FALSE='#'
MPI_MOD_ASM_MPIH_SUB1_TRUE=''
MPI_MOD_ASM_UDIV_FALSE=''
MPI_MOD_ASM_UDIV_QRNND_FALSE=''
MPI_MOD_ASM_UDIV_QRNND_TRUE='#'
MPI_MOD_ASM_UDIV_TRUE='#'
MPI_MOD_C_MPIH_ADD1_FALSE=''
MPI_MOD_C_MPIH_ADD1_TRUE='#'
MPI_MOD_C_MPIH_LSHIFT_FALSE=''
MPI_MOD_C_MPIH_LSHIFT_TRUE='#'
MPI_MOD_C_MPIH_MUL1_FALSE=''
MPI_MOD_C_MPIH_MUL1_TRUE='#'
MPI_MOD_C_MPIH_MUL2_FALSE=''
MPI_MOD_C_MPIH_MUL2_TRUE='#'
MPI_MOD_C_MPIH_MUL3_FALSE=''
MPI_MOD_C_MPIH_MUL3_TRUE='#'
MPI_MOD_C_MPIH_RSHIFT_FALSE=''
MPI_MOD_C_MPIH_RSHIFT_TRUE='#'
MPI_MOD_C_MPIH_SUB1_FALSE=''
MPI_MOD_C_MPIH_SUB1_TRUE='#'
MPI_MOD_C_UDIV_FALSE=''
MPI_MOD_C_UDIV_QRNND_FALSE=''
MPI_MOD_C_UDIV_QRNND_TRUE='#'
MPI_MOD_C_UDIV_TRUE='#'
MPI_SFLAGS=''
NM='/usr/bin/nm -B'
NMEDIT=''
NOEXECSTACK_FLAGS='-Wa,--noexecstack'
OBJDUMP='objdump'
OBJEXT='o'
OTOOL64=''
OTOOL=''
PACKAGE='libgcrypt'
PACKAGE_BUGREPORT='http://bugs.gnupg.org'
PACKAGE_NAME='libgcrypt'
PACKAGE_STRING='libgcrypt 1.8.5'
PACKAGE_TARNAME='libgcrypt'
PACKAGE_URL=''
PACKAGE_VERSION='1.8.5'
PATH_SEPARATOR=':'
PTH_CFLAGS=''
PTH_CONFIG=''
PTH_LIBS=''
RANLIB='ranlib'
RC=''
RUN_LARGE_DATA_TESTS='no'
SED='/usr/bin/sed'
SET_MAKE=''
SHELL='/bin/bash'
STRIP='strip'
SYSROOT=''
SYS_SOCKET_H=''
USE_RANDOM_DAEMON_FALSE=''
USE_RANDOM_DAEMON_TRUE='#'
VERSION='1.8.5'
VERSION_NUMBER='0x010805'
ac_ct_AR='ar'
ac_ct_CC='gcc'
ac_ct_DUMPBIN=''
am__EXEEXT_FALSE=''
am__EXEEXT_TRUE='#'
am__fastdepCCAS_FALSE='#'
am__fastdepCCAS_TRUE=''
am__fastdepCC_FALSE='#'
am__fastdepCC_TRUE=''
am__include='include'
am__isrc=''
am__leading_dot='.'
am__nodep='_no'
am__quote=''
am__tar='$${TAR-tar} chof - "$$tardir"'
am__untar='$${TAR-tar} xf -'
bindir='${exec_prefix}/bin'
build='x86_64-pc-linux-gnu'
build_alias=''
build_cpu='x86_64'
build_os='linux-gnu'
build_vendor='pc'
datadir='${datarootdir}'
datarootdir='${prefix}/share'
docdir='${datarootdir}/doc/${PACKAGE_TARNAME}'
dvidir='${docdir}'
emacs_local_vars_begin='Local Variables:'
emacs_local_vars_end='End:'
emacs_local_vars_read_only='buffer-read-only: t'
exec_prefix='${prefix}'
host='x86_64-pc-linux-gnu'
host_alias=''
host_cpu='x86_64'
host_os='linux-gnu'
host_vendor='pc'
htmldir='${docdir}'
includedir='${prefix}/include'
infodir='${datarootdir}/info'
install_sh='${SHELL} /home/beangreen247/surf/libgcrypt-1.8.5/build-aux/install-sh'
libdir='${exec_prefix}/lib'
libexecdir='${exec_prefix}/libexec'
localedir='${datarootdir}/locale'
localstatedir='${prefix}/var'
mandir='${datarootdir}/man'
mkdir_p='$(MKDIR_P)'
oldincludedir='/usr/include'
pdfdir='${docdir}'
prefix='/usr'
program_transform_name='s,x,x,'
psdir='${docdir}'
sbindir='${exec_prefix}/sbin'
sharedstatedir='${prefix}/com'
sysconfdir='${prefix}/etc'
target_alias=''

## ----------- ##
## confdefs.h. ##
## ----------- ##

/* confdefs.h */
#define PACKAGE_NAME "libgcrypt"
#define PACKAGE_TARNAME "libgcrypt"
#define PACKAGE_VERSION "1.8.5"
#define PACKAGE_STRING "libgcrypt 1.8.5"
#define PACKAGE_BUGREPORT "http://bugs.gnupg.org"
#define PACKAGE_URL ""
#define PACKAGE "libgcrypt"
#define VERSION "1.8.5"
#define PACKAGE "libgcrypt"
#define VERSION "1.8.5"
#define STDC_HEADERS 1
#define HAVE_SYS_TYPES_H 1
#define HAVE_SYS_STAT_H 1
#define HAVE_STDLIB_H 1
#define HAVE_STRING_H 1
#define HAVE_MEMORY_H 1
#define HAVE_STRINGS_H 1
#define HAVE_INTTYPES_H 1
#define HAVE_STDINT_H 1
#define HAVE_UNISTD_H 1
#define __EXTENSIONS__ 1
#define _ALL_SOURCE 1
#define _GNU_SOURCE 1
#define _POSIX_PTHREAD_SEMANTICS 1
#define _TANDEM_SOURCE 1
#define HAVE_DLFCN_H 1
#define LT_OBJDIR ".libs/"
#define SIZEOF_UNSIGNED_SHORT 2
#define SIZEOF_UNSIGNED_INT 4
#define SIZEOF_UNSIGNED_LONG 8
#define SIZEOF_UNSIGNED_LONG_LONG 8
#define SIZEOF_VOID_P 8
#define HAVE_UINTPTR_T 1
#define SIZEOF_UINT64_T 8
#define EGD_SOCKET_NAME ""
#define PRINTABLE_OS_NAME "GNU/Linux"
#define NAME_OF_DEV_RANDOM "/dev/random"
#define NAME_OF_DEV_URANDOM "/dev/urandom"
#define GPG_ERR_SOURCE_DEFAULT GPG_ERR_SOURCE_GCRYPT
#define HAVE_PTHREAD 1 
#define STDC_HEADERS 1
#define HAVE_UNISTD_H 1
#define HAVE_SYS_SELECT_H 1
#define HAVE_SYS_MSG_H 1
#define RETSIGTYPE void
#define HAVE_DECL_SYS_SIGLIST 1
#define HAVE_USHORT_TYPEDEF 1
#define HAVE_ULONG_TYPEDEF 1
#define HAVE_SYS_SOCKET_H 1
#define HAVE_BUILTIN_BSWAP32 1
#define HAVE_BUILTIN_BSWAP64 1
#define HAVE_BUILTIN_CTZ 1
#define HAVE_VLA 1
#define GCRY_USE_VISIBILITY 1
#define HAVE_GCC_ATTRIBUTE_ALIGNED 1
#define HAVE_GCC_ATTRIBUTE_PACKED 1
#define HAVE_GCC_ATTRIBUTE_MAY_ALIAS 1
#define HAVE_GCC_ASM_VOLATILE_MEMORY 1
#define HAVE_GCC_ATTRIBUTE_MS_ABI 1
#define HAVE_GCC_ATTRIBUTE_SYSV_ABI 1
#define HAVE_GCC_DEFAULT_ABI_IS_SYSV_ABI 1
#define HAVE_GCC_INLINE_ASM_SSSE3 1
#define HAVE_GCC_INLINE_ASM_PCLMUL 1
#define HAVE_GCC_INLINE_ASM_SSE41 1
#define HAVE_GCC_INLINE_ASM_AVX 1
#define HAVE_GCC_INLINE_ASM_AVX2 1
#define HAVE_GCC_INLINE_ASM_BMI2 1
#define HAVE_COMPATIBLE_GCC_AMD64_PLATFORM_AS 1
#define HAVE_INTEL_SYNTAX_PLATFORM_AS 1
#define HAVE_VPRINTF 1
#define HAVE_STPCPY 1
#define HAVE_STRCASECMP 1
#define HAVE_STRTOUL 1
#define HAVE_MEMMOVE 1
#define HAVE_ATEXIT 1
#define HAVE_RAISE 1
#define HAVE_STRERROR 1
#define HAVE_RAND 1
#define HAVE_MMAP 1
#define HAVE_GETPAGESIZE 1
#define HAVE_SYSCONF 1
#define HAVE_WAITPID 1
#define HAVE_WAIT4 1
#define HAVE_GETTIMEOFDAY 1
#define HAVE_GETRUSAGE 1
#define HAVE_CLOCK_GETTIME 1
#define HAVE_SYSLOG 1
#define HAVE_SYSCALL 1
#define HAVE_FCNTL 1
#define HAVE_FTRUNCATE 1
#define HAVE_FLOCKFILE 1
#define HAVE_MLOCK 1
#define HAVE_SYSCONF 1
#define HAVE_GETPAGESIZE 1
#define HAVE_GETPID 1
#define HAVE_CLOCK 1
#define HAVE_DEV_RANDOM 1
#define ENABLE_AESNI_SUPPORT 1
#define ENABLE_PCLMUL_SUPPORT 1
#define ENABLE_SSE41_SUPPORT 1
#define ENABLE_AVX_SUPPORT 1
#define ENABLE_AVX2_SUPPORT 1
#define ENABLE_JENT_SUPPORT 1
#define ENABLE_PADLOCK_SUPPORT 1
#define ENABLE_DRNG_SUPPORT 1
#define USE_ARCFOUR 1
#define USE_BLOWFISH 1
#define USE_CAST5 1
#define USE_DES 1
#define USE_AES 1
#define USE_TWOFISH 1
#define USE_SERPENT 1
#define USE_RFC2268 1
#define USE_SEED 1
#define USE_CAMELLIA 1
#define USE_IDEA 1
#define USE_SALSA20 1
#define USE_GOST28147 1
#define USE_CHACHA20 1
#define USE_DSA 1
#define USE_RSA 1
#define USE_ELGAMAL 1
#define USE_ECC 1
#define USE_CRC 1
#define USE_GOST_R_3411_94 1
#define USE_GOST_R_3411_12 1
#define USE_MD4 1
#define USE_MD5 1
#define USE_RMD160 1
#define USE_SHA256 1
#define USE_SHA512 1
#define USE_SHA3 1
#define USE_TIGER 1
#define USE_WHIRLPOOL 1
#define USE_BLAKE2 1
#define USE_SHA1 1
#define USE_SCRYPT 1
#define USE_RNDLINUX 1
#define LIBGCRYPT_CIPHERS "arcfour:blowfish:cast5:des:aes:twofish:serpent:rfc2268:seed:camellia:idea:salsa20:gost28147:chacha20"
#define LIBGCRYPT_PUBKEY_CIPHERS "dsa:elgamal:rsa:ecc"
#define LIBGCRYPT_DIGESTS "crc:gostr3411-94::md4:md5:rmd160:sha1:sha256:sha512:sha3:tiger:whirlpool:stribog:blake2"
#define LIBGCRYPT_KDFS "s2k:pkdf2:scrypt"
#define HAVE_CPU_ARCH_X86 1
#define BUILD_REVISION "56606331"
#define BUILD_TIMESTAMP "<none>"

configure: exit 0
