This file contains any messages produced by compilers while
running configure, to aid debugging if configure makes a mistake.

It was created by configure, which was
generated by GNU Autoconf 2.59 (OpenPKG-CURRENT).  Invocation command line was

  $ ./configure --prefix=/usr --disable-static --mandir=/usr/share/man

## --------- ##
## Platform. ##
## --------- ##

hostname = ihatewindows
uname -m = x86_64
uname -r = 4.19.0-8-amd64
uname -s = Linux
uname -v = #1 SMP Debian 4.19.98-1 (2020-01-26)

/usr/bin/uname -p = unknown
/bin/uname -X     = unknown

/bin/arch              = x86_64
/usr/bin/arch -k       = unknown
/usr/convex/getsysinfo = unknown
hostinfo               = unknown
/bin/machine           = unknown
/usr/bin/oslevel       = unknown
/bin/universe          = unknown

PATH: /usr/local/bin
PATH: /usr/bin
PATH: /bin
PATH: /usr/local/games
PATH: /usr/games


## ----------- ##
## Core tests. ##
## ----------- ##

configure:1669: result: 
configure:1671: result: [1mBuild Tools:[m(B
configure:1722: checking for gcc
configure:1738: found /usr/bin/gcc
configure:1748: result: gcc
configure:1992: checking for C compiler version
configure:1995: gcc --version </dev/null >&5
gcc (Debian 8.3.0-6) 8.3.0
Copyright (C) 2018 Free Software Foundation, Inc.
This is free software; see the source for copying conditions.  There is NO
warranty; not even for MERCHANTABILITY or FITNESS FOR A PARTICULAR PURPOSE.

configure:1998: $? = 0
configure:2000: gcc -v </dev/null >&5
Using built-in specs.
COLLECT_GCC=gcc
COLLECT_LTO_WRAPPER=/usr/lib/gcc/x86_64-linux-gnu/8/lto-wrapper
OFFLOAD_TARGET_NAMES=nvptx-none
OFFLOAD_TARGET_DEFAULT=1
Target: x86_64-linux-gnu
Configured with: ../src/configure -v --with-pkgversion='Debian 8.3.0-6' --with-bugurl=file:///usr/share/doc/gcc-8/README.Bugs --enable-languages=c,ada,c++,go,brig,d,fortran,objc,obj-c++ --prefix=/usr --with-gcc-major-version-only --program-suffix=-8 --program-prefix=x86_64-linux-gnu- --enable-shared --enable-linker-build-id --libexecdir=/usr/lib --without-included-gettext --enable-threads=posix --libdir=/usr/lib --enable-nls --enable-bootstrap --enable-clocale=gnu --enable-libstdcxx-debug --enable-libstdcxx-time=yes --with-default-libstdcxx-abi=new --enable-gnu-unique-object --disable-vtable-verify --enable-libmpx --enable-plugin --enable-default-pie --with-system-zlib --with-target-system-zlib --enable-objc-gc=auto --enable-multiarch --disable-werror --with-arch-32=i686 --with-abi=m64 --with-multilib-list=m32,m64,mx32 --enable-multilib --with-tune=generic --enable-offload-targets=nvptx-none --without-cuda-driver --enable-checking=release --build=x86_64-linux-gnu --host=x86_64-linux-gnu --target=x86_64-linux-gnu
Thread model: posix
gcc version 8.3.0 (Debian 8.3.0-6) 
configure:2003: $? = 0
configure:2005: gcc -V </dev/null >&5
gcc: error: unrecognized command line option '-V'
gcc: fatal error: no input files
compilation terminated.
configure:2008: $? = 1
configure:2031: checking for C compiler default output file name
configure:2034: gcc    conftest.c  >&5
configure:2037: $? = 0
configure:2083: result: a.out
configure:2088: checking whether the C compiler works
configure:2094: ./a.out
configure:2097: $? = 0
configure:2114: result: yes
configure:2121: checking whether we are cross compiling
configure:2123: result: no
configure:2126: checking for suffix of executables
configure:2128: gcc -o conftest    conftest.c  >&5
configure:2131: $? = 0
configure:2156: result: 
configure:2162: checking for suffix of object files
configure:2183: gcc -c   conftest.c >&5
configure:2186: $? = 0
configure:2208: result: o
configure:2212: checking whether we are using the GNU C compiler
configure:2236: gcc -c   conftest.c >&5
configure:2242: $? = 0
configure:2246: test -z 
			 || test ! -s conftest.err
configure:2249: $? = 0
configure:2252: test -s conftest.o
configure:2255: $? = 0
configure:2268: result: yes
configure:2274: checking whether gcc accepts -g
configure:2295: gcc -c -g  conftest.c >&5
configure:2301: $? = 0
configure:2305: test -z 
			 || test ! -s conftest.err
configure:2308: $? = 0
configure:2311: test -s conftest.o
configure:2314: $? = 0
configure:2325: result: yes
configure:2342: checking for gcc option to accept ANSI C
configure:2412: gcc  -c -g -O2  conftest.c >&5
configure:2418: $? = 0
configure:2422: test -z 
			 || test ! -s conftest.err
configure:2425: $? = 0
configure:2428: test -s conftest.o
configure:2431: $? = 0
configure:2449: result: none needed
configure:2467: gcc -c -g -O2  conftest.c >&5
conftest.c:2:3: error: unknown type name 'choke'
   choke me
   ^~~~~
conftest.c:2:3: error: expected '=', ',', ';', 'asm' or '__attribute__' at end of input
configure:2473: $? = 1
configure: failed program was:
| #ifndef __cplusplus
|   choke me
| #endif
configure:2611: checking how to run the C preprocessor
configure:2646: gcc -E  conftest.c
configure:2652: $? = 0
configure:2684: gcc -E  conftest.c
conftest.c:9:10: fatal error: ac_nonexistent.h: No such file or directory
 #include <ac_nonexistent.h>
          ^~~~~~~~~~~~~~~~~~
compilation terminated.
configure:2690: $? = 1
configure: failed program was:
| /* confdefs.h.  */
| 
| #define PACKAGE_NAME ""
| #define PACKAGE_TARNAME ""
| #define PACKAGE_VERSION ""
| #define PACKAGE_STRING ""
| #define PACKAGE_BUGREPORT ""
| /* end confdefs.h.  */
| #include <ac_nonexistent.h>
configure:2729: result: gcc -E
configure:2753: gcc -E  conftest.c
configure:2759: $? = 0
configure:2791: gcc -E  conftest.c
conftest.c:9:10: fatal error: ac_nonexistent.h: No such file or directory
 #include <ac_nonexistent.h>
          ^~~~~~~~~~~~~~~~~~
compilation terminated.
configure:2797: $? = 1
configure: failed program was:
| /* confdefs.h.  */
| 
| #define PACKAGE_NAME ""
| #define PACKAGE_TARNAME ""
| #define PACKAGE_VERSION ""
| #define PACKAGE_STRING ""
| #define PACKAGE_BUGREPORT ""
| /* end confdefs.h.  */
| #include <ac_nonexistent.h>
configure:2840: checking for egrep
configure:2850: result: grep -E
configure:2855: checking whether make sets $(MAKE)
configure:2875: result: yes
configure:3027: checking for compiler option -pipe
configure:3050: result: yes
configure:3065: checking for compilation debug mode
configure:3067: result: disabled
configure:3073: checking for compilation profile mode
configure:3092: result: disabled
configure:3237: checking for compilation optimization mode
configure:3239: result: disabled
configure:3816: checking build system type
configure:3834: result: x86_64-unknown-linux-gnu
configure:3842: checking host system type
configure:3856: result: x86_64-unknown-linux-gnu
configure:3864: checking for a sed that does not truncate output
configure:3918: result: /usr/bin/sed
configure:3932: checking for ld used by gcc
configure:3999: result: /usr/bin/ld
configure:4008: checking if the linker (/usr/bin/ld) is GNU ld
configure:4023: result: yes
configure:4028: checking for /usr/bin/ld option to reload object files
configure:4035: result: -r
configure:4053: checking for BSD-compatible nm
configure:4102: result: /usr/bin/nm -B
configure:4106: checking whether ln -s works
configure:4110: result: yes
configure:4117: checking how to recognise dependent libraries
configure:4293: result: pass_all
configure:4381: gcc -c -O2 -pipe  conftest.c >&5
configure:4384: $? = 0
configure:4526: checking for ANSI C header files
configure:4551: gcc -c -O2 -pipe  conftest.c >&5
configure:4557: $? = 0
configure:4561: test -z 
			 || test ! -s conftest.err
configure:4564: $? = 0
configure:4567: test -s conftest.o
configure:4570: $? = 0
configure:4659: gcc -o conftest -O2 -pipe   conftest.c  >&5
conftest.c: In function 'main':
conftest.c:26:7: warning: implicit declaration of function 'exit' [-Wimplicit-function-declaration]
       exit(2);
       ^~~~
conftest.c:26:7: warning: incompatible implicit declaration of built-in function 'exit'
conftest.c:26:7: note: include '<stdlib.h>' or provide a declaration of 'exit'
conftest.c:10:1:
+#include <stdlib.h>
 #if ((' ' & 0x0FF) == 0x020)
conftest.c:26:7:
       exit(2);
       ^~~~
conftest.c:27:3: warning: incompatible implicit declaration of built-in function 'exit'
   exit (0);
   ^~~~
conftest.c:27:3: note: include '<stdlib.h>' or provide a declaration of 'exit'
configure:4662: $? = 0
configure:4664: ./conftest
configure:4667: $? = 0
configure:4682: result: yes
configure:4706: checking for sys/types.h
configure:4722: gcc -c -O2 -pipe  conftest.c >&5
configure:4728: $? = 0
configure:4732: test -z 
			 || test ! -s conftest.err
configure:4735: $? = 0
configure:4738: test -s conftest.o
configure:4741: $? = 0
configure:4752: result: yes
configure:4706: checking for sys/stat.h
configure:4722: gcc -c -O2 -pipe  conftest.c >&5
configure:4728: $? = 0
configure:4732: test -z 
			 || test ! -s conftest.err
configure:4735: $? = 0
configure:4738: test -s conftest.o
configure:4741: $? = 0
configure:4752: result: yes
configure:4706: checking for stdlib.h
configure:4722: gcc -c -O2 -pipe  conftest.c >&5
configure:4728: $? = 0
configure:4732: test -z 
			 || test ! -s conftest.err
configure:4735: $? = 0
configure:4738: test -s conftest.o
configure:4741: $? = 0
configure:4752: result: yes
configure:4706: checking for string.h
configure:4722: gcc -c -O2 -pipe  conftest.c >&5
configure:4728: $? = 0
configure:4732: test -z 
			 || test ! -s conftest.err
configure:4735: $? = 0
configure:4738: test -s conftest.o
configure:4741: $? = 0
configure:4752: result: yes
configure:4706: checking for memory.h
configure:4722: gcc -c -O2 -pipe  conftest.c >&5
configure:4728: $? = 0
configure:4732: test -z 
			 || test ! -s conftest.err
configure:4735: $? = 0
configure:4738: test -s conftest.o
configure:4741: $? = 0
configure:4752: result: yes
configure:4706: checking for strings.h
configure:4722: gcc -c -O2 -pipe  conftest.c >&5
configure:4728: $? = 0
configure:4732: test -z 
			 || test ! -s conftest.err
configure:4735: $? = 0
configure:4738: test -s conftest.o
configure:4741: $? = 0
configure:4752: result: yes
configure:4706: checking for inttypes.h
configure:4722: gcc -c -O2 -pipe  conftest.c >&5
configure:4728: $? = 0
configure:4732: test -z 
			 || test ! -s conftest.err
configure:4735: $? = 0
configure:4738: test -s conftest.o
configure:4741: $? = 0
configure:4752: result: yes
configure:4706: checking for stdint.h
configure:4722: gcc -c -O2 -pipe  conftest.c >&5
configure:4728: $? = 0
configure:4732: test -z 
			 || test ! -s conftest.err
configure:4735: $? = 0
configure:4738: test -s conftest.o
configure:4741: $? = 0
configure:4752: result: yes
configure:4706: checking for unistd.h
configure:4722: gcc -c -O2 -pipe  conftest.c >&5
configure:4728: $? = 0
configure:4732: test -z 
			 || test ! -s conftest.err
configure:4735: $? = 0
configure:4738: test -s conftest.o
configure:4741: $? = 0
configure:4752: result: yes
configure:4778: checking dlfcn.h usability
configure:4790: gcc -c -O2 -pipe  conftest.c >&5
configure:4796: $? = 0
configure:4800: test -z 
			 || test ! -s conftest.err
configure:4803: $? = 0
configure:4806: test -s conftest.o
configure:4809: $? = 0
configure:4819: result: yes
configure:4823: checking dlfcn.h presence
configure:4833: gcc -E  conftest.c
configure:4839: $? = 0
configure:4859: result: yes
configure:4894: checking for dlfcn.h
configure:4901: result: yes
configure:4966: checking for g++
configure:4982: found /usr/bin/g++
configure:4992: result: g++
configure:5008: checking for C++ compiler version
configure:5011: g++ --version </dev/null >&5
g++ (Debian 8.3.0-6) 8.3.0
Copyright (C) 2018 Free Software Foundation, Inc.
This is free software; see the source for copying conditions.  There is NO
warranty; not even for MERCHANTABILITY or FITNESS FOR A PARTICULAR PURPOSE.

configure:5014: $? = 0
configure:5016: g++ -v </dev/null >&5
Using built-in specs.
COLLECT_GCC=g++
COLLECT_LTO_WRAPPER=/usr/lib/gcc/x86_64-linux-gnu/8/lto-wrapper
OFFLOAD_TARGET_NAMES=nvptx-none
OFFLOAD_TARGET_DEFAULT=1
Target: x86_64-linux-gnu
Configured with: ../src/configure -v --with-pkgversion='Debian 8.3.0-6' --with-bugurl=file:///usr/share/doc/gcc-8/README.Bugs --enable-languages=c,ada,c++,go,brig,d,fortran,objc,obj-c++ --prefix=/usr --with-gcc-major-version-only --program-suffix=-8 --program-prefix=x86_64-linux-gnu- --enable-shared --enable-linker-build-id --libexecdir=/usr/lib --without-included-gettext --enable-threads=posix --libdir=/usr/lib --enable-nls --enable-bootstrap --enable-clocale=gnu --enable-libstdcxx-debug --enable-libstdcxx-time=yes --with-default-libstdcxx-abi=new --enable-gnu-unique-object --disable-vtable-verify --enable-libmpx --enable-plugin --enable-default-pie --with-system-zlib --with-target-system-zlib --enable-objc-gc=auto --enable-multiarch --disable-werror --with-arch-32=i686 --with-abi=m64 --with-multilib-list=m32,m64,mx32 --enable-multilib --with-tune=generic --enable-offload-targets=nvptx-none --without-cuda-driver --enable-checking=release --build=x86_64-linux-gnu --host=x86_64-linux-gnu --target=x86_64-linux-gnu
Thread model: posix
gcc version 8.3.0 (Debian 8.3.0-6) 
configure:5019: $? = 0
configure:5021: g++ -V </dev/null >&5
g++: error: unrecognized command line option '-V'
g++: fatal error: no input files
compilation terminated.
configure:5024: $? = 1
configure:5027: checking whether we are using the GNU C++ compiler
configure:5051: g++ -c   conftest.cc >&5
configure:5057: $? = 0
configure:5061: test -z 
			 || test ! -s conftest.err
configure:5064: $? = 0
configure:5067: test -s conftest.o
configure:5070: $? = 0
configure:5083: result: yes
configure:5089: checking whether g++ accepts -g
configure:5110: g++ -c -g  conftest.cc >&5
configure:5116: $? = 0
configure:5120: test -z 
			 || test ! -s conftest.err
configure:5123: $? = 0
configure:5126: test -s conftest.o
configure:5129: $? = 0
configure:5140: result: yes
configure:5182: g++ -c -g -O2  conftest.cc >&5
configure:5188: $? = 0
configure:5192: test -z 
			 || test ! -s conftest.err
configure:5195: $? = 0
configure:5198: test -s conftest.o
configure:5201: $? = 0
configure:5227: g++ -c -g -O2  conftest.cc >&5
conftest.cc: In function 'int main()':
conftest.cc:24:1: error: 'exit' was not declared in this scope
 exit (42);
 ^~~~
configure:5233: $? = 1
configure: failed program was:
| /* confdefs.h.  */
| 
| #define PACKAGE_NAME ""
| #define PACKAGE_TARNAME ""
| #define PACKAGE_VERSION ""
| #define PACKAGE_STRING ""
| #define PACKAGE_BUGREPORT ""
| #define STDC_HEADERS 1
| #define HAVE_SYS_TYPES_H 1
| #define HAVE_SYS_STAT_H 1
| #define HAVE_STDLIB_H 1
| #define HAVE_STRING_H 1
| #define HAVE_MEMORY_H 1
| #define HAVE_STRINGS_H 1
| #define HAVE_INTTYPES_H 1
| #define HAVE_STDINT_H 1
| #define HAVE_UNISTD_H 1
| #define HAVE_DLFCN_H 1
| /* end confdefs.h.  */
| 
| int
| main ()
| {
| exit (42);
|   ;
|   return 0;
| }
configure:5182: g++ -c -g -O2  conftest.cc >&5
configure:5188: $? = 0
configure:5192: test -z 
			 || test ! -s conftest.err
configure:5195: $? = 0
configure:5198: test -s conftest.o
configure:5201: $? = 0
configure:5227: g++ -c -g -O2  conftest.cc >&5
configure:5233: $? = 0
configure:5237: test -z 
			 || test ! -s conftest.err
configure:5240: $? = 0
configure:5243: test -s conftest.o
configure:5246: $? = 0
configure:5279: checking how to run the C++ preprocessor
configure:5310: g++ -E  conftest.cc
configure:5316: $? = 0
configure:5348: g++ -E  conftest.cc
conftest.cc:23:10: fatal error: ac_nonexistent.h: No such file or directory
 #include <ac_nonexistent.h>
          ^~~~~~~~~~~~~~~~~~
compilation terminated.
configure:5354: $? = 1
configure: failed program was:
| /* confdefs.h.  */
| 
| #define PACKAGE_NAME ""
| #define PACKAGE_TARNAME ""
| #define PACKAGE_VERSION ""
| #define PACKAGE_STRING ""
| #define PACKAGE_BUGREPORT ""
| #define STDC_HEADERS 1
| #define HAVE_SYS_TYPES_H 1
| #define HAVE_SYS_STAT_H 1
| #define HAVE_STDLIB_H 1
| #define HAVE_STRING_H 1
| #define HAVE_MEMORY_H 1
| #define HAVE_STRINGS_H 1
| #define HAVE_INTTYPES_H 1
| #define HAVE_STDINT_H 1
| #define HAVE_UNISTD_H 1
| #define HAVE_DLFCN_H 1
| #ifdef __cplusplus
| extern "C" void std::exit (int) throw (); using std::exit;
| #endif
| /* end confdefs.h.  */
| #include <ac_nonexistent.h>
configure:5393: result: g++ -E
configure:5417: g++ -E  conftest.cc
configure:5423: $? = 0
configure:5455: g++ -E  conftest.cc
conftest.cc:23:10: fatal error: ac_nonexistent.h: No such file or directory
 #include <ac_nonexistent.h>
          ^~~~~~~~~~~~~~~~~~
compilation terminated.
configure:5461: $? = 1
configure: failed program was:
| /* confdefs.h.  */
| 
| #define PACKAGE_NAME ""
| #define PACKAGE_TARNAME ""
| #define PACKAGE_VERSION ""
| #define PACKAGE_STRING ""
| #define PACKAGE_BUGREPORT ""
| #define STDC_HEADERS 1
| #define HAVE_SYS_TYPES_H 1
| #define HAVE_SYS_STAT_H 1
| #define HAVE_STDLIB_H 1
| #define HAVE_STRING_H 1
| #define HAVE_MEMORY_H 1
| #define HAVE_STRINGS_H 1
| #define HAVE_INTTYPES_H 1
| #define HAVE_STDINT_H 1
| #define HAVE_UNISTD_H 1
| #define HAVE_DLFCN_H 1
| #ifdef __cplusplus
| extern "C" void std::exit (int) throw (); using std::exit;
| #endif
| /* end confdefs.h.  */
| #include <ac_nonexistent.h>
configure:5558: checking for g77
configure:5587: result: no
configure:5558: checking for f77
configure:5587: result: no
configure:5558: checking for xlf
configure:5587: result: no
configure:5558: checking for frt
configure:5587: result: no
configure:5558: checking for pgf77
configure:5587: result: no
configure:5558: checking for fort77
configure:5587: result: no
configure:5558: checking for fl32
configure:5587: result: no
configure:5558: checking for af77
configure:5587: result: no
configure:5558: checking for f90
configure:5587: result: no
configure:5558: checking for xlf90
configure:5587: result: no
configure:5558: checking for pgf90
configure:5587: result: no
configure:5558: checking for epcf90
configure:5587: result: no
configure:5558: checking for f95
configure:5587: result: no
configure:5558: checking for fort
configure:5587: result: no
configure:5558: checking for xlf95
configure:5587: result: no
configure:5558: checking for ifc
configure:5587: result: no
configure:5558: checking for efc
configure:5587: result: no
configure:5558: checking for pgf95
configure:5587: result: no
configure:5558: checking for lf95
configure:5587: result: no
configure:5558: checking for gfortran
configure:5587: result: no
configure:5601: checking for Fortran 77 compiler version
configure:5602:  --version </dev/null >&5
./configure: line 5603: --version: command not found
configure:5605: $? = 127
configure:5607:  -v </dev/null >&5
./configure: line 5608: -v: command not found
configure:5610: $? = 127
configure:5612:  -V </dev/null >&5
./configure: line 5613: -V: command not found
configure:5615: $? = 127
configure:5623: checking whether we are using the GNU Fortran 77 compiler
configure:5637:  -c  conftest.F >&5
./configure: line 5638: -c: command not found
configure:5643: $? = 127
configure: failed program was:
|       program main
| #ifndef __GNUC__
|        choke me
| #endif
| 
|       end
configure:5669: result: no
configure:5675: checking whether  accepts -g
configure:5687:  -c -g conftest.f >&5
./configure: line 5688: -c: command not found
configure:5693: $? = 127
configure: failed program was:
|       program main
| 
|       end
configure:5718: result: no
configure:5748: checking the maximum length of command line arguments
configure:5857: result: 32768
configure:5868: checking command to parse /usr/bin/nm -B output from gcc object
configure:5973: gcc -c -O2 -pipe  conftest.c >&5
configure:5976: $? = 0
configure:5980: /usr/bin/nm -B conftest.o \| sed -n -e 's/^.*[ 	]\([ABCDGIRSTW][ABCDGIRSTW]*\)[ 	][ 	]*\([_A-Za-z][_A-Za-z0-9]*\)$/\1 \2 \2/p' \> conftest.nm
configure:5983: $? = 0
configure:6035: gcc -o conftest -O2 -pipe   conftest.c conftstm.o >&5
configure:6038: $? = 0
configure:6076: result: ok
configure:6080: checking for objdir
configure:6095: result: .libs
configure:6185: checking for ar
configure:6201: found /usr/bin/ar
configure:6212: result: ar
configure:6265: checking for ranlib
configure:6281: found /usr/bin/ranlib
configure:6292: result: ranlib
configure:6345: checking for strip
configure:6361: found /usr/bin/strip
configure:6372: result: strip
configure:6648: checking if gcc supports -fno-rtti -fno-exceptions
configure:6668: gcc -c -O2 -pipe  -fno-rtti -fno-exceptions conftest.c >&5
cc1: warning: command line option '-fno-rtti' is valid for C++/ObjC++ but not for C
configure:6672: $? = 0
configure:6683: result: no
configure:6698: checking for gcc option to produce PIC
configure:6908: result: -fPIC
configure:6916: checking if gcc PIC flag -fPIC works
configure:6936: gcc -c -O2 -pipe  -fPIC -DPIC conftest.c >&5
configure:6940: $? = 0
configure:6951: result: yes
configure:6979: checking if gcc static flag -static works
configure:7007: result: yes
configure:7017: checking if gcc supports -c -o file.o
configure:7040: gcc -c -O2 -pipe  -o out/conftest2.o conftest.c >&5
configure:7044: $? = 0
configure:7064: result: yes
configure:7090: checking whether the gcc linker (/usr/bin/ld -m elf_x86_64) supports shared libraries
configure:8048: result: yes
configure:8069: checking whether -lc should be explicitly linked in
configure:8074: gcc -c -O2 -pipe  conftest.c >&5
configure:8077: $? = 0
configure:8092: gcc -shared conftest.o  -v -Wl,-soname -Wl,conftest -o conftest 2\>\&1 \| grep  -lc  \>/dev/null 2\>\&1
configure:8095: $? = 0
configure:8107: result: no
configure:8115: checking dynamic linker characteristics
configure:8703: result: GNU/Linux ld.so
configure:8712: checking how to hardcode library paths into programs
configure:8737: result: immediate
configure:8751: checking whether stripping libraries is possible
configure:8756: result: yes
configure:9590: checking if libtool supports shared libraries
configure:9592: result: yes
configure:9595: checking whether to build shared libraries
configure:9616: result: yes
configure:9619: checking whether to build static libraries
configure:9623: result: no
configure:9715: creating libtool
configure:10303: checking for ld used by g++
configure:10370: result: /usr/bin/ld -m elf_x86_64
configure:10379: checking if the linker (/usr/bin/ld -m elf_x86_64) is GNU ld
configure:10394: result: yes
configure:10445: checking whether the g++ linker (/usr/bin/ld -m elf_x86_64) supports shared libraries
configure:11383: result: yes
configure:11405: g++ -c -g -O2  conftest.cpp >&5
configure:11408: $? = 0
configure:11527: checking for g++ option to produce PIC
configure:11801: result: -fPIC
configure:11809: checking if g++ PIC flag -fPIC works
configure:11829: g++ -c -g -O2  -fPIC -DPIC conftest.cpp >&5
configure:11833: $? = 0
configure:11844: result: yes
configure:11872: checking if g++ static flag -static works
configure:11900: result: yes
configure:11910: checking if g++ supports -c -o file.o
configure:11933: g++ -c -g -O2  -o out/conftest2.o conftest.cpp >&5
configure:11937: $? = 0
configure:11957: result: yes
configure:11983: checking whether the g++ linker (/usr/bin/ld -m elf_x86_64) supports shared libraries
configure:12008: result: yes
configure:12075: checking dynamic linker characteristics
configure:12663: result: GNU/Linux ld.so
configure:12672: checking how to hardcode library paths into programs
configure:12697: result: immediate
configure:7093: result: 
configure:7095: result: [1mMandatory Platform Environment:[m(B
configure:7100: checking for ANSI C header files
configure:7256: result: yes
configure:7293: checking stdio.h usability
configure:7305: gcc -c -O2 -pipe  conftest.c >&5
configure:7311: $? = 0
configure:7315: test -z 
			 || test ! -s conftest.err
configure:7318: $? = 0
configure:7321: test -s conftest.o
configure:7324: $? = 0
configure:7334: result: yes
configure:7338: checking stdio.h presence
configure:7348: gcc -E  conftest.c
configure:7354: $? = 0
configure:7374: result: yes
configure:7409: checking for stdio.h
configure:7416: result: yes
configure:7284: checking for stdlib.h
configure:7289: result: yes
configure:7293: checking stdarg.h usability
configure:7305: gcc -c -O2 -pipe  conftest.c >&5
configure:7311: $? = 0
configure:7315: test -z 
			 || test ! -s conftest.err
configure:7318: $? = 0
configure:7321: test -s conftest.o
configure:7324: $? = 0
configure:7334: result: yes
configure:7338: checking stdarg.h presence
configure:7348: gcc -E  conftest.c
configure:7354: $? = 0
configure:7374: result: yes
configure:7409: checking for stdarg.h
configure:7416: result: yes
configure:7284: checking for string.h
configure:7289: result: yes
configure:7293: checking signal.h usability
configure:7305: gcc -c -O2 -pipe  conftest.c >&5
configure:7311: $? = 0
configure:7315: test -z 
			 || test ! -s conftest.err
configure:7318: $? = 0
configure:7321: test -s conftest.o
configure:7324: $? = 0
configure:7334: result: yes
configure:7338: checking signal.h presence
configure:7348: gcc -E  conftest.c
configure:7354: $? = 0
configure:7374: result: yes
configure:7409: checking for signal.h
configure:7416: result: yes
configure:7284: checking for unistd.h
configure:7289: result: yes
configure:7293: checking setjmp.h usability
configure:7305: gcc -c -O2 -pipe  conftest.c >&5
configure:7311: $? = 0
configure:7315: test -z 
			 || test ! -s conftest.err
configure:7318: $? = 0
configure:7321: test -s conftest.o
configure:7324: $? = 0
configure:7334: result: yes
configure:7338: checking setjmp.h presence
configure:7348: gcc -E  conftest.c
configure:7354: $? = 0
configure:7374: result: yes
configure:7409: checking for setjmp.h
configure:7416: result: yes
configure:7293: checking fcntl.h usability
configure:7305: gcc -c -O2 -pipe  conftest.c >&5
configure:7311: $? = 0
configure:7315: test -z 
			 || test ! -s conftest.err
configure:7318: $? = 0
configure:7321: test -s conftest.o
configure:7324: $? = 0
configure:7334: result: yes
configure:7338: checking fcntl.h presence
configure:7348: gcc -E  conftest.c
configure:7354: $? = 0
configure:7374: result: yes
configure:7409: checking for fcntl.h
configure:7416: result: yes
configure:7293: checking errno.h usability
configure:7305: gcc -c -O2 -pipe  conftest.c >&5
configure:7311: $? = 0
configure:7315: test -z 
			 || test ! -s conftest.err
configure:7318: $? = 0
configure:7321: test -s conftest.o
configure:7324: $? = 0
configure:7334: result: yes
configure:7338: checking errno.h presence
configure:7348: gcc -E  conftest.c
configure:7354: $? = 0
configure:7374: result: yes
configure:7409: checking for errno.h
configure:7416: result: yes
configure:7284: checking for sys/types.h
configure:7289: result: yes
configure:7293: checking sys/time.h usability
configure:7305: gcc -c -O2 -pipe  conftest.c >&5
configure:7311: $? = 0
configure:7315: test -z 
			 || test ! -s conftest.err
configure:7318: $? = 0
configure:7321: test -s conftest.o
configure:7324: $? = 0
configure:7334: result: yes
configure:7338: checking sys/time.h presence
configure:7348: gcc -E  conftest.c
configure:7354: $? = 0
configure:7374: result: yes
configure:7409: checking for sys/time.h
configure:7416: result: yes
configure:7293: checking sys/wait.h usability
configure:7305: gcc -c -O2 -pipe  conftest.c >&5
configure:7311: $? = 0
configure:7315: test -z 
			 || test ! -s conftest.err
configure:7318: $? = 0
configure:7321: test -s conftest.o
configure:7324: $? = 0
configure:7334: result: yes
configure:7338: checking sys/wait.h presence
configure:7348: gcc -E  conftest.c
configure:7354: $? = 0
configure:7374: result: yes
configure:7409: checking for sys/wait.h
configure:7416: result: yes
configure:7284: checking for sys/stat.h
configure:7289: result: yes
configure:7293: checking sys/socket.h usability
configure:7305: gcc -c -O2 -pipe  conftest.c >&5
configure:7311: $? = 0
configure:7315: test -z 
			 || test ! -s conftest.err
configure:7318: $? = 0
configure:7321: test -s conftest.o
configure:7324: $? = 0
configure:7334: result: yes
configure:7338: checking sys/socket.h presence
configure:7348: gcc -E  conftest.c
configure:7354: $? = 0
configure:7374: result: yes
configure:7409: checking for sys/socket.h
configure:7416: result: yes
configure:7438: checking for gettimeofday
configure:7495: gcc -o conftest -O2 -pipe   conftest.c  >&5
configure:7501: $? = 0
configure:7505: test -z 
			 || test ! -s conftest.err
configure:7508: $? = 0
configure:7511: test -s conftest
configure:7514: $? = 0
configure:7526: result: yes
configure:7438: checking for select
configure:7495: gcc -o conftest -O2 -pipe   conftest.c  >&5
configure:7501: $? = 0
configure:7505: test -z 
			 || test ! -s conftest.err
configure:7508: $? = 0
configure:7511: test -s conftest
configure:7514: $? = 0
configure:7526: result: yes
configure:7438: checking for sigaction
configure:7495: gcc -o conftest -O2 -pipe   conftest.c  >&5
configure:7501: $? = 0
configure:7505: test -z 
			 || test ! -s conftest.err
configure:7508: $? = 0
configure:7511: test -s conftest
configure:7514: $? = 0
configure:7526: result: yes
configure:7438: checking for sigprocmask
configure:7495: gcc -o conftest -O2 -pipe   conftest.c  >&5
configure:7501: $? = 0
configure:7505: test -z 
			 || test ! -s conftest.err
configure:7508: $? = 0
configure:7511: test -s conftest
configure:7514: $? = 0
configure:7526: result: yes
configure:7438: checking for sigpending
configure:7495: gcc -o conftest -O2 -pipe   conftest.c  >&5
configure:7501: $? = 0
configure:7505: test -z 
			 || test ! -s conftest.err
configure:7508: $? = 0
configure:7511: test -s conftest
configure:7514: $? = 0
configure:7526: result: yes
configure:7438: checking for sigsuspend
configure:7495: gcc -o conftest -O2 -pipe   conftest.c  >&5
configure:7501: $? = 0
configure:7505: test -z 
			 || test ! -s conftest.err
configure:7508: $? = 0
configure:7511: test -s conftest
configure:7514: $? = 0
configure:7526: result: yes
configure:7585: result: decision on mandatory system headers and functions... [1mall fine[m(B
configure:7593: result: 
configure:7595: result: [1mOptional Platform Environment:[m(B
configure:7600: checking for number of signals
configure:7642: gcc -o conftest -O2 -pipe   conftest.c  >&5
conftest.c: In function 'main':
conftest.c:64:9: warning: implicit declaration of function 'exit' [-Wimplicit-function-declaration]
         exit(1);
         ^~~~
conftest.c:64:9: warning: incompatible implicit declaration of built-in function 'exit'
conftest.c:64:9: note: include '<stdlib.h>' or provide a declaration of 'exit'
conftest.c:48:1:
+#include <stdlib.h>
 
conftest.c:64:9:
         exit(1);
         ^~~~
conftest.c:67:5: warning: incompatible implicit declaration of built-in function 'exit'
     exit(0);
     ^~~~
conftest.c:67:5: note: include '<stdlib.h>' or provide a declaration of 'exit'
configure:7645: $? = 0
configure:7647: ./conftest
configure:7650: $? = 0
configure:7663: result: 65
configure:7672: checking for default value of FD_SETSIZE
configure:7708: gcc -o conftest -O2 -pipe   conftest.c  >&5
conftest.c: In function 'main':
conftest.c:59:9: warning: implicit declaration of function 'exit' [-Wimplicit-function-declaration]
         exit(1);
         ^~~~
conftest.c:59:9: warning: incompatible implicit declaration of built-in function 'exit'
conftest.c:59:9: note: include '<stdlib.h>' or provide a declaration of 'exit'
conftest.c:49:1:
+#include <stdlib.h>
 int main(int argc, char *argv[])
conftest.c:59:9:
         exit(1);
         ^~~~
conftest.c:62:5: warning: incompatible implicit declaration of built-in function 'exit'
     exit(0);
     ^~~~
conftest.c:62:5: note: include '<stdlib.h>' or provide a declaration of 'exit'
configure:7711: $? = 0
configure:7713: ./conftest
configure:7716: $? = 0
configure:7729: result: 1024
configure:7759: checking for poll
configure:7816: gcc -o conftest -O2 -pipe   conftest.c  >&5
configure:7822: $? = 0
configure:7826: test -z 
			 || test ! -s conftest.err
configure:7829: $? = 0
configure:7832: test -s conftest
configure:7835: $? = 0
configure:7847: result: yes
configure:7857: checking for define POLLIN in poll.h
configure:7884: result: yes
configure:7894: checking whether poll(2) facility has to be faked
configure:7935: result: no
configure:7952: checking sys/uio.h usability
configure:7964: gcc -c -O2 -pipe  conftest.c >&5
configure:7970: $? = 0
configure:7974: test -z 
			 || test ! -s conftest.err
configure:7977: $? = 0
configure:7980: test -s conftest.o
configure:7983: $? = 0
configure:7993: result: yes
configure:7997: checking sys/uio.h presence
configure:8007: gcc -E  conftest.c
configure:8013: $? = 0
configure:8033: result: yes
configure:8068: checking for sys/uio.h
configure:8075: result: yes
configure:8093: checking for readv
configure:8150: gcc -o conftest -O2 -pipe   conftest.c  >&5
configure:8156: $? = 0
configure:8160: test -z 
			 || test ! -s conftest.err
configure:8163: $? = 0
configure:8166: test -s conftest
configure:8169: $? = 0
configure:8181: result: yes
configure:8093: checking for writev
configure:8150: gcc -o conftest -O2 -pipe   conftest.c  >&5
configure:8156: $? = 0
configure:8160: test -z 
			 || test ! -s conftest.err
configure:8163: $? = 0
configure:8166: test -s conftest
configure:8169: $? = 0
configure:8181: result: yes
configure:8191: checking whether readv(2)/writev(2) facility has to be faked
configure:8232: result: no
configure:8240: checking for usleep
configure:8297: gcc -o conftest -O2 -pipe   conftest.c  >&5
configure:8303: $? = 0
configure:8307: test -z 
			 || test ! -s conftest.err
configure:8310: $? = 0
configure:8313: test -s conftest
configure:8316: $? = 0
configure:8328: result: yes
configure:8240: checking for strerror
configure:8297: gcc -o conftest -O2 -pipe   conftest.c  >&5
configure:8303: $? = 0
configure:8307: test -z 
			 || test ! -s conftest.err
configure:8310: $? = 0
configure:8313: test -s conftest
configure:8316: $? = 0
configure:8328: result: yes
configure:8355: checking sys/resource.h usability
configure:8367: gcc -c -O2 -pipe  conftest.c >&5
configure:8373: $? = 0
configure:8377: test -z 
			 || test ! -s conftest.err
configure:8380: $? = 0
configure:8383: test -s conftest.o
configure:8386: $? = 0
configure:8396: result: yes
configure:8400: checking sys/resource.h presence
configure:8410: gcc -E  conftest.c
configure:8416: $? = 0
configure:8436: result: yes
configure:8471: checking for sys/resource.h
configure:8478: result: yes
configure:8355: checking net/errno.h usability
configure:8367: gcc -c -O2 -pipe  conftest.c >&5
conftest.c:87:10: fatal error: net/errno.h: No such file or directory
 #include <net/errno.h>
          ^~~~~~~~~~~~~
compilation terminated.
configure:8373: $? = 1
configure: failed program was:
| /* confdefs.h.  */
| 
| #define PACKAGE_NAME ""
| #define PACKAGE_TARNAME ""
| #define PACKAGE_VERSION ""
| #define PACKAGE_STRING ""
| #define PACKAGE_BUGREPORT ""
| #define STDC_HEADERS 1
| #define HAVE_SYS_TYPES_H 1
| #define HAVE_SYS_STAT_H 1
| #define HAVE_STDLIB_H 1
| #define HAVE_STRING_H 1
| #define HAVE_MEMORY_H 1
| #define HAVE_STRINGS_H 1
| #define HAVE_INTTYPES_H 1
| #define HAVE_STDINT_H 1
| #define HAVE_UNISTD_H 1
| #define HAVE_DLFCN_H 1
| #ifdef __cplusplus
| extern "C" void std::exit (int) throw (); using std::exit;
| #endif
| #define STDC_HEADERS 1
| #define HAVE_STDIO_H 1
| #define HAVE_STDLIB_H 1
| #define HAVE_STDARG_H 1
| #define HAVE_STRING_H 1
| #define HAVE_SIGNAL_H 1
| #define HAVE_UNISTD_H 1
| #define HAVE_SETJMP_H 1
| #define HAVE_FCNTL_H 1
| #define HAVE_ERRNO_H 1
| #define HAVE_SYS_TYPES_H 1
| #define HAVE_SYS_TIME_H 1
| #define HAVE_SYS_WAIT_H 1
| #define HAVE_SYS_STAT_H 1
| #define HAVE_SYS_SOCKET_H 1
| #define HAVE_GETTIMEOFDAY 1
| #define HAVE_SELECT 1
| #define HAVE_SIGACTION 1
| #define HAVE_SIGPROCMASK 1
| #define HAVE_SIGPENDING 1
| #define HAVE_SIGSUSPEND 1
| #define PTH_NSIG 65
| #define HAVE_POLL 1
| #define HAVE_POLLIN 1
| #define HAVE_SYS_UIO_H 1
| #define HAVE_READV 1
| #define HAVE_WRITEV 1
| #define HAVE_USLEEP 1
| #define HAVE_STRERROR 1
| #define HAVE_SYS_RESOURCE_H 1
| /* end confdefs.h.  */
| #include <stdio.h>
| #if HAVE_SYS_TYPES_H
| # include <sys/types.h>
| #endif
| #if HAVE_SYS_STAT_H
| # include <sys/stat.h>
| #endif
| #if STDC_HEADERS
| # include <stdlib.h>
| # include <stddef.h>
| #else
| # if HAVE_STDLIB_H
| #  include <stdlib.h>
| # endif
| #endif
| #if HAVE_STRING_H
| # if !STDC_HEADERS && HAVE_MEMORY_H
| #  include <memory.h>
| # endif
| # include <string.h>
| #endif
| #if HAVE_STRINGS_H
| # include <strings.h>
| #endif
| #if HAVE_INTTYPES_H
| # include <inttypes.h>
| #else
| # if HAVE_STDINT_H
| #  include <stdint.h>
| # endif
| #endif
| #if HAVE_UNISTD_H
| # include <unistd.h>
| #endif
| #include <net/errno.h>
configure:8396: result: no
configure:8400: checking net/errno.h presence
configure:8410: gcc -E  conftest.c
conftest.c:53:10: fatal error: net/errno.h: No such file or directory
 #include <net/errno.h>
          ^~~~~~~~~~~~~
compilation terminated.
configure:8416: $? = 1
configure: failed program was:
| /* confdefs.h.  */
| 
| #define PACKAGE_NAME ""
| #define PACKAGE_TARNAME ""
| #define PACKAGE_VERSION ""
| #define PACKAGE_STRING ""
| #define PACKAGE_BUGREPORT ""
| #define STDC_HEADERS 1
| #define HAVE_SYS_TYPES_H 1
| #define HAVE_SYS_STAT_H 1
| #define HAVE_STDLIB_H 1
| #define HAVE_STRING_H 1
| #define HAVE_MEMORY_H 1
| #define HAVE_STRINGS_H 1
| #define HAVE_INTTYPES_H 1
| #define HAVE_STDINT_H 1
| #define HAVE_UNISTD_H 1
| #define HAVE_DLFCN_H 1
| #ifdef __cplusplus
| extern "C" void std::exit (int) throw (); using std::exit;
| #endif
| #define STDC_HEADERS 1
| #define HAVE_STDIO_H 1
| #define HAVE_STDLIB_H 1
| #define HAVE_STDARG_H 1
| #define HAVE_STRING_H 1
| #define HAVE_SIGNAL_H 1
| #define HAVE_UNISTD_H 1
| #define HAVE_SETJMP_H 1
| #define HAVE_FCNTL_H 1
| #define HAVE_ERRNO_H 1
| #define HAVE_SYS_TYPES_H 1
| #define HAVE_SYS_TIME_H 1
| #define HAVE_SYS_WAIT_H 1
| #define HAVE_SYS_STAT_H 1
| #define HAVE_SYS_SOCKET_H 1
| #define HAVE_GETTIMEOFDAY 1
| #define HAVE_SELECT 1
| #define HAVE_SIGACTION 1
| #define HAVE_SIGPROCMASK 1
| #define HAVE_SIGPENDING 1
| #define HAVE_SIGSUSPEND 1
| #define PTH_NSIG 65
| #define HAVE_POLL 1
| #define HAVE_POLLIN 1
| #define HAVE_SYS_UIO_H 1
| #define HAVE_READV 1
| #define HAVE_WRITEV 1
| #define HAVE_USLEEP 1
| #define HAVE_STRERROR 1
| #define HAVE_SYS_RESOURCE_H 1
| /* end confdefs.h.  */
| #include <net/errno.h>
configure:8436: result: no
configure:8471: checking for net/errno.h
configure:8478: result: no
configure:8355: checking paths.h usability
configure:8367: gcc -c -O2 -pipe  conftest.c >&5
configure:8373: $? = 0
configure:8377: test -z 
			 || test ! -s conftest.err
configure:8380: $? = 0
configure:8383: test -s conftest.o
configure:8386: $? = 0
configure:8396: result: yes
configure:8400: checking paths.h presence
configure:8410: gcc -E  conftest.c
configure:8416: $? = 0
configure:8436: result: yes
configure:8471: checking for paths.h
configure:8478: result: yes
configure:8493: checking for gethostname in -lnsl
configure:8523: gcc -o conftest -O2 -pipe   conftest.c -lnsl   >&5
configure:8529: $? = 0
configure:8533: test -z 
			 || test ! -s conftest.err
configure:8536: $? = 0
configure:8539: test -s conftest
configure:8542: $? = 0
configure:8555: result: yes
configure:8643: checking for accept in -lsocket
configure:8673: gcc -o conftest -O2 -pipe   conftest.c -lsocket  -lnsl  >&5
/usr/bin/ld: cannot find -lsocket
collect2: error: ld returned 1 exit status
configure:8679: $? = 1
configure: failed program was:
| /* confdefs.h.  */
| 
| #define PACKAGE_NAME ""
| #define PACKAGE_TARNAME ""
| #define PACKAGE_VERSION ""
| #define PACKAGE_STRING ""
| #define PACKAGE_BUGREPORT ""
| #define STDC_HEADERS 1
| #define HAVE_SYS_TYPES_H 1
| #define HAVE_SYS_STAT_H 1
| #define HAVE_STDLIB_H 1
| #define HAVE_STRING_H 1
| #define HAVE_MEMORY_H 1
| #define HAVE_STRINGS_H 1
| #define HAVE_INTTYPES_H 1
| #define HAVE_STDINT_H 1
| #define HAVE_UNISTD_H 1
| #define HAVE_DLFCN_H 1
| #ifdef __cplusplus
| extern "C" void std::exit (int) throw (); using std::exit;
| #endif
| #define STDC_HEADERS 1
| #define HAVE_STDIO_H 1
| #define HAVE_STDLIB_H 1
| #define HAVE_STDARG_H 1
| #define HAVE_STRING_H 1
| #define HAVE_SIGNAL_H 1
| #define HAVE_UNISTD_H 1
| #define HAVE_SETJMP_H 1
| #define HAVE_FCNTL_H 1
| #define HAVE_ERRNO_H 1
| #define HAVE_SYS_TYPES_H 1
| #define HAVE_SYS_TIME_H 1
| #define HAVE_SYS_WAIT_H 1
| #define HAVE_SYS_STAT_H 1
| #define HAVE_SYS_SOCKET_H 1
| #define HAVE_GETTIMEOFDAY 1
| #define HAVE_SELECT 1
| #define HAVE_SIGACTION 1
| #define HAVE_SIGPROCMASK 1
| #define HAVE_SIGPENDING 1
| #define HAVE_SIGSUSPEND 1
| #define PTH_NSIG 65
| #define HAVE_POLL 1
| #define HAVE_POLLIN 1
| #define HAVE_SYS_UIO_H 1
| #define HAVE_READV 1
| #define HAVE_WRITEV 1
| #define HAVE_USLEEP 1
| #define HAVE_STRERROR 1
| #define HAVE_SYS_RESOURCE_H 1
| #define HAVE_PATHS_H 1
| #define HAVE_LIBNSL 1
| /* end confdefs.h.  */
| 
| /* Override any gcc2 internal prototype to avoid an error.  */
| #ifdef __cplusplus
| extern "C"
| #endif
| /* We use char because int might match the return type of a gcc2
|    builtin and then its argument prototype would still apply.  */
| char accept ();
| int
| main ()
| {
| accept ();
|   ;
|   return 0;
| }
configure:8705: result: no
configure:8731: checking sys/select.h usability
configure:8743: gcc -c -O2 -pipe  conftest.c >&5
configure:8749: $? = 0
configure:8753: test -z 
			 || test ! -s conftest.err
configure:8756: $? = 0
configure:8759: test -s conftest.o
configure:8762: $? = 0
configure:8772: result: yes
configure:8776: checking sys/select.h presence
configure:8786: gcc -E  conftest.c
configure:8792: $? = 0
configure:8812: result: yes
configure:8847: checking for sys/select.h
configure:8854: result: yes
configure:8873: checking for typedef sig_atomic_t
configure:8897: result: yes
configure:8913: checking for typedef pid_t
configure:8937: result: yes
configure:8953: checking for typedef size_t
configure:8977: result: yes
configure:8993: checking for typedef ssize_t
configure:9017: result: yes
configure:9033: checking for typedef off_t
configure:9057: result: yes
configure:9073: checking for typedef stack_t
configure:9097: result: yes
configure:9108: checking for attribute ss_base in struct sigaltstack from sys/signal.h
configure:9136: gcc -o conftest -O2 -pipe   conftest.c -lnsl  >&5
conftest.c: In function 'main':
conftest.c:72:4: error: dereferencing pointer to incomplete type 'struct sigaltstack'
 sp1->ss_base = sp2->ss_base;
    ^~
configure:9142: $? = 1
configure: failed program was:
| /* confdefs.h.  */
| 
| #define PACKAGE_NAME ""
| #define PACKAGE_TARNAME ""
| #define PACKAGE_VERSION ""
| #define PACKAGE_STRING ""
| #define PACKAGE_BUGREPORT ""
| #define STDC_HEADERS 1
| #define HAVE_SYS_TYPES_H 1
| #define HAVE_SYS_STAT_H 1
| #define HAVE_STDLIB_H 1
| #define HAVE_STRING_H 1
| #define HAVE_MEMORY_H 1
| #define HAVE_STRINGS_H 1
| #define HAVE_INTTYPES_H 1
| #define HAVE_STDINT_H 1
| #define HAVE_UNISTD_H 1
| #define HAVE_DLFCN_H 1
| #ifdef __cplusplus
| extern "C" void std::exit (int) throw (); using std::exit;
| #endif
| #define STDC_HEADERS 1
| #define HAVE_STDIO_H 1
| #define HAVE_STDLIB_H 1
| #define HAVE_STDARG_H 1
| #define HAVE_STRING_H 1
| #define HAVE_SIGNAL_H 1
| #define HAVE_UNISTD_H 1
| #define HAVE_SETJMP_H 1
| #define HAVE_FCNTL_H 1
| #define HAVE_ERRNO_H 1
| #define HAVE_SYS_TYPES_H 1
| #define HAVE_SYS_TIME_H 1
| #define HAVE_SYS_WAIT_H 1
| #define HAVE_SYS_STAT_H 1
| #define HAVE_SYS_SOCKET_H 1
| #define HAVE_GETTIMEOFDAY 1
| #define HAVE_SELECT 1
| #define HAVE_SIGACTION 1
| #define HAVE_SIGPROCMASK 1
| #define HAVE_SIGPENDING 1
| #define HAVE_SIGSUSPEND 1
| #define PTH_NSIG 65
| #define HAVE_POLL 1
| #define HAVE_POLLIN 1
| #define HAVE_SYS_UIO_H 1
| #define HAVE_READV 1
| #define HAVE_WRITEV 1
| #define HAVE_USLEEP 1
| #define HAVE_STRERROR 1
| #define HAVE_SYS_RESOURCE_H 1
| #define HAVE_PATHS_H 1
| #define HAVE_LIBNSL 1
| #define HAVE_SYS_SELECT_H 1
| #define HAVE_SIG_ATOMIC_T 1
| #define HAVE_PID_T 1
| #define HAVE_SIZE_T 1
| #define HAVE_SSIZE_T 1
| #define HAVE_OFF_T 1
| #define HAVE_STACK_T 1
| /* end confdefs.h.  */
| 
| #include <sys/types.h>
| #include <sys/signal.h>
| 
| int
| main ()
| {
| 
| struct sigaltstack *sp1;
| struct sigaltstack *sp2;
| sp1->ss_base = sp2->ss_base;
| 
|   ;
|   return 0;
| }
configure:9167: result: no
configure:9177: checking for attribute ss_sp in struct sigaltstack from sys/signal.h
configure:9205: gcc -o conftest -O2 -pipe   conftest.c -lnsl  >&5
conftest.c: In function 'main':
conftest.c:72:4: error: dereferencing pointer to incomplete type 'struct sigaltstack'
 sp1->ss_sp = sp2->ss_sp;
    ^~
configure:9211: $? = 1
configure: failed program was:
| /* confdefs.h.  */
| 
| #define PACKAGE_NAME ""
| #define PACKAGE_TARNAME ""
| #define PACKAGE_VERSION ""
| #define PACKAGE_STRING ""
| #define PACKAGE_BUGREPORT ""
| #define STDC_HEADERS 1
| #define HAVE_SYS_TYPES_H 1
| #define HAVE_SYS_STAT_H 1
| #define HAVE_STDLIB_H 1
| #define HAVE_STRING_H 1
| #define HAVE_MEMORY_H 1
| #define HAVE_STRINGS_H 1
| #define HAVE_INTTYPES_H 1
| #define HAVE_STDINT_H 1
| #define HAVE_UNISTD_H 1
| #define HAVE_DLFCN_H 1
| #ifdef __cplusplus
| extern "C" void std::exit (int) throw (); using std::exit;
| #endif
| #define STDC_HEADERS 1
| #define HAVE_STDIO_H 1
| #define HAVE_STDLIB_H 1
| #define HAVE_STDARG_H 1
| #define HAVE_STRING_H 1
| #define HAVE_SIGNAL_H 1
| #define HAVE_UNISTD_H 1
| #define HAVE_SETJMP_H 1
| #define HAVE_FCNTL_H 1
| #define HAVE_ERRNO_H 1
| #define HAVE_SYS_TYPES_H 1
| #define HAVE_SYS_TIME_H 1
| #define HAVE_SYS_WAIT_H 1
| #define HAVE_SYS_STAT_H 1
| #define HAVE_SYS_SOCKET_H 1
| #define HAVE_GETTIMEOFDAY 1
| #define HAVE_SELECT 1
| #define HAVE_SIGACTION 1
| #define HAVE_SIGPROCMASK 1
| #define HAVE_SIGPENDING 1
| #define HAVE_SIGSUSPEND 1
| #define PTH_NSIG 65
| #define HAVE_POLL 1
| #define HAVE_POLLIN 1
| #define HAVE_SYS_UIO_H 1
| #define HAVE_READV 1
| #define HAVE_WRITEV 1
| #define HAVE_USLEEP 1
| #define HAVE_STRERROR 1
| #define HAVE_SYS_RESOURCE_H 1
| #define HAVE_PATHS_H 1
| #define HAVE_LIBNSL 1
| #define HAVE_SYS_SELECT_H 1
| #define HAVE_SIG_ATOMIC_T 1
| #define HAVE_PID_T 1
| #define HAVE_SIZE_T 1
| #define HAVE_SSIZE_T 1
| #define HAVE_OFF_T 1
| #define HAVE_STACK_T 1
| /* end confdefs.h.  */
| 
| #include <sys/types.h>
| #include <sys/signal.h>
| 
| int
| main ()
| {
| 
| struct sigaltstack *sp1;
| struct sigaltstack *sp2;
| sp1->ss_sp = sp2->ss_sp;
| 
|   ;
|   return 0;
| }
configure:9236: result: no
configure:9247: checking for a single-argument based gettimeofday
configure:9273: gcc -c -O2 -pipe  conftest.c >&5
conftest.c: In function 'main':
conftest.c:72:7: error: too few arguments to function 'gettimeofday'
 (void)gettimeofday(&tv);
       ^~~~~~~~~~~~
In file included from conftest.c:64:
/usr/include/x86_64-linux-gnu/sys/time.h:68:12: note: declared here
 extern int gettimeofday (struct timeval *__restrict __tv,
            ^~~~~~~~~~~~
configure:9279: $? = 1
configure: failed program was:
| /* confdefs.h.  */
| 
| #define PACKAGE_NAME ""
| #define PACKAGE_TARNAME ""
| #define PACKAGE_VERSION ""
| #define PACKAGE_STRING ""
| #define PACKAGE_BUGREPORT ""
| #define STDC_HEADERS 1
| #define HAVE_SYS_TYPES_H 1
| #define HAVE_SYS_STAT_H 1
| #define HAVE_STDLIB_H 1
| #define HAVE_STRING_H 1
| #define HAVE_MEMORY_H 1
| #define HAVE_STRINGS_H 1
| #define HAVE_INTTYPES_H 1
| #define HAVE_STDINT_H 1
| #define HAVE_UNISTD_H 1
| #define HAVE_DLFCN_H 1
| #ifdef __cplusplus
| extern "C" void std::exit (int) throw (); using std::exit;
| #endif
| #define STDC_HEADERS 1
| #define HAVE_STDIO_H 1
| #define HAVE_STDLIB_H 1
| #define HAVE_STDARG_H 1
| #define HAVE_STRING_H 1
| #define HAVE_SIGNAL_H 1
| #define HAVE_UNISTD_H 1
| #define HAVE_SETJMP_H 1
| #define HAVE_FCNTL_H 1
| #define HAVE_ERRNO_H 1
| #define HAVE_SYS_TYPES_H 1
| #define HAVE_SYS_TIME_H 1
| #define HAVE_SYS_WAIT_H 1
| #define HAVE_SYS_STAT_H 1
| #define HAVE_SYS_SOCKET_H 1
| #define HAVE_GETTIMEOFDAY 1
| #define HAVE_SELECT 1
| #define HAVE_SIGACTION 1
| #define HAVE_SIGPROCMASK 1
| #define HAVE_SIGPENDING 1
| #define HAVE_SIGSUSPEND 1
| #define PTH_NSIG 65
| #define HAVE_POLL 1
| #define HAVE_POLLIN 1
| #define HAVE_SYS_UIO_H 1
| #define HAVE_READV 1
| #define HAVE_WRITEV 1
| #define HAVE_USLEEP 1
| #define HAVE_STRERROR 1
| #define HAVE_SYS_RESOURCE_H 1
| #define HAVE_PATHS_H 1
| #define HAVE_LIBNSL 1
| #define HAVE_SYS_SELECT_H 1
| #define HAVE_SIG_ATOMIC_T 1
| #define HAVE_PID_T 1
| #define HAVE_SIZE_T 1
| #define HAVE_SSIZE_T 1
| #define HAVE_OFF_T 1
| #define HAVE_STACK_T 1
| /* end confdefs.h.  */
| 
| #include <sys/types.h>
| #include <sys/time.h>
| #include <unistd.h>
| 
| int
| main ()
| {
| 
| struct timeval tv;
| (void)gettimeofday(&tv);
| 
|   ;
|   return 0;
| }
configure:9315: result: no
configure:9318: checking for struct timespec
configure:9342: gcc -c -O2 -pipe  conftest.c >&5
configure:9348: $? = 0
configure:9352: test -z 
			 || test ! -s conftest.err
configure:9355: $? = 0
configure:9358: test -s conftest.o
configure:9361: $? = 0
configure:9380: result: yes
configure:9383: checking for typedef socklen_t
configure:9407: result: yes
configure:9417: checking for type of argument 3 for accept()
configure:9448: result: socklen_t *__restrict
configure:9453: checking for fallback socklen_t
configure:9469: result: socklen_t
configure:9481: checking for typedef nfds_t
configure:9505: result: yes
configure:9515: checking for type of argument 2 for poll()
configure:9546: result: nfds_t
configure:9551: checking for fallback nfds_t
configure:9567: result: nfds_t
configure:9579: checking for built-in type long long
configure:9605: gcc -o conftest -O2 -pipe   conftest.c -lnsl  >&5
configure:9611: $? = 0
configure:9615: test -z 
			 || test ! -s conftest.err
configure:9618: $? = 0
configure:9621: test -s conftest
configure:9624: $? = 0
configure:9637: result: yes
configure:9647: checking for built-in type long double
configure:9673: gcc -o conftest -O2 -pipe   conftest.c -lnsl  >&5
configure:9679: $? = 0
configure:9683: test -z 
			 || test ! -s conftest.err
configure:9686: $? = 0
configure:9689: test -s conftest
configure:9692: $? = 0
configure:9705: result: yes
configure:9718: result: 
configure:9720: result: [1mMachine Context Implementation:[m(B
configure:9726: checking for ucontext.h
configure:9742: gcc -c -O2 -pipe  conftest.c >&5
configure:9748: $? = 0
configure:9752: test -z 
			 || test ! -s conftest.err
configure:9755: $? = 0
configure:9758: test -s conftest.o
configure:9761: $? = 0
configure:9772: result: yes
configure:9783: checking for makecontext
configure:9840: gcc -o conftest -O2 -pipe   conftest.c -lnsl  >&5
configure:9846: $? = 0
configure:9850: test -z 
			 || test ! -s conftest.err
configure:9853: $? = 0
configure:9856: test -s conftest
configure:9859: $? = 0
configure:9871: result: yes
configure:9783: checking for swapcontext
configure:9840: gcc -o conftest -O2 -pipe   conftest.c -lnsl  >&5
configure:9846: $? = 0
configure:9850: test -z 
			 || test ! -s conftest.err
configure:9853: $? = 0
configure:9856: test -s conftest
configure:9859: $? = 0
configure:9871: result: yes
configure:9783: checking for getcontext
configure:9840: gcc -o conftest -O2 -pipe   conftest.c -lnsl  >&5
configure:9846: $? = 0
configure:9850: test -z 
			 || test ! -s conftest.err
configure:9853: $? = 0
configure:9856: test -s conftest
configure:9859: $? = 0
configure:9871: result: yes
configure:9783: checking for setcontext
configure:9840: gcc -o conftest -O2 -pipe   conftest.c -lnsl  >&5
configure:9846: $? = 0
configure:9850: test -z 
			 || test ! -s conftest.err
configure:9853: $? = 0
configure:9856: test -s conftest
configure:9859: $? = 0
configure:9871: result: yes
configure:9882: checking for usable SVR4/SUSv2 makecontext(2)/swapcontext(2)
configure:9953: gcc -o conftest -O2 -pipe   conftest.c -lnsl  >&5
conftest.c: In function 'main':
conftest.c:108:28: warning: passing argument 2 of 'makecontext' from incompatible pointer type [-Wincompatible-pointer-types]
     makecontext(&uc_child, child, 2, (void *)12345);
                            ^~~~~
In file included from conftest.c:75:
/usr/include/ucontext.h:51:52: note: expected 'void (*)(void)' but argument is of type 'void (*)(void *)'
 extern void makecontext (ucontext_t *__ucp, void (*__func) (void),
                                             ~~~~~~~^~~~~~~~~~~~~~
configure:9956: $? = 0
configure:9958: ./conftest
configure:9961: $? = 0
configure:9975: result: yes
configure:9989: checking for signal.h
configure:9994: result: yes
configure:10143: checking for sigsetjmp
configure:10200: gcc -o conftest -O2 -pipe   conftest.c -lnsl  >&5
/usr/bin/ld: /tmp/ccOheWN8.o: in function `main':
conftest.c:(.text.startup+0x3): undefined reference to `sigsetjmp'
/usr/bin/ld: /tmp/ccOheWN8.o:(.data.rel+0x0): undefined reference to `sigsetjmp'
collect2: error: ld returned 1 exit status
configure:10206: $? = 1
configure: failed program was:
| /* confdefs.h.  */
| 
| #define PACKAGE_NAME ""
| #define PACKAGE_TARNAME ""
| #define PACKAGE_VERSION ""
| #define PACKAGE_STRING ""
| #define PACKAGE_BUGREPORT ""
| #define STDC_HEADERS 1
| #define HAVE_SYS_TYPES_H 1
| #define HAVE_SYS_STAT_H 1
| #define HAVE_STDLIB_H 1
| #define HAVE_STRING_H 1
| #define HAVE_MEMORY_H 1
| #define HAVE_STRINGS_H 1
| #define HAVE_INTTYPES_H 1
| #define HAVE_STDINT_H 1
| #define HAVE_UNISTD_H 1
| #define HAVE_DLFCN_H 1
| #ifdef __cplusplus
| extern "C" void std::exit (int) throw (); using std::exit;
| #endif
| #define STDC_HEADERS 1
| #define HAVE_STDIO_H 1
| #define HAVE_STDLIB_H 1
| #define HAVE_STDARG_H 1
| #define HAVE_STRING_H 1
| #define HAVE_SIGNAL_H 1
| #define HAVE_UNISTD_H 1
| #define HAVE_SETJMP_H 1
| #define HAVE_FCNTL_H 1
| #define HAVE_ERRNO_H 1
| #define HAVE_SYS_TYPES_H 1
| #define HAVE_SYS_TIME_H 1
| #define HAVE_SYS_WAIT_H 1
| #define HAVE_SYS_STAT_H 1
| #define HAVE_SYS_SOCKET_H 1
| #define HAVE_GETTIMEOFDAY 1
| #define HAVE_SELECT 1
| #define HAVE_SIGACTION 1
| #define HAVE_SIGPROCMASK 1
| #define HAVE_SIGPENDING 1
| #define HAVE_SIGSUSPEND 1
| #define PTH_NSIG 65
| #define HAVE_POLL 1
| #define HAVE_POLLIN 1
| #define HAVE_SYS_UIO_H 1
| #define HAVE_READV 1
| #define HAVE_WRITEV 1
| #define HAVE_USLEEP 1
| #define HAVE_STRERROR 1
| #define HAVE_SYS_RESOURCE_H 1
| #define HAVE_PATHS_H 1
| #define HAVE_LIBNSL 1
| #define HAVE_SYS_SELECT_H 1
| #define HAVE_SIG_ATOMIC_T 1
| #define HAVE_PID_T 1
| #define HAVE_SIZE_T 1
| #define HAVE_SSIZE_T 1
| #define HAVE_OFF_T 1
| #define HAVE_STACK_T 1
| #define HAVE_STRUCT_TIMESPEC 1
| #define HAVE_SOCKLEN_T 1
| #define HAVE_NFDS_T 1
| #define HAVE_LONGLONG 1
| #define HAVE_LONGDOUBLE 1
| #define HAVE_MAKECONTEXT 1
| #define HAVE_SWAPCONTEXT 1
| #define HAVE_GETCONTEXT 1
| #define HAVE_SETCONTEXT 1
| #define HAVE_SIGNAL_H 1
| /* end confdefs.h.  */
| /* Define sigsetjmp to an innocuous variant, in case <limits.h> declares sigsetjmp.
|    For example, HP-UX 11i <limits.h> declares gettimeofday.  */
| #define sigsetjmp innocuous_sigsetjmp
| 
| /* System header to define __stub macros and hopefully few prototypes,
|     which can conflict with char sigsetjmp (); below.
|     Prefer <limits.h> to <assert.h> if __STDC__ is defined, since
|     <limits.h> exists even on freestanding compilers.  */
| 
| #ifdef __STDC__
| # include <limits.h>
| #else
| # include <assert.h>
| #endif
| 
| #undef sigsetjmp
| 
| /* Override any gcc2 internal prototype to avoid an error.  */
| #ifdef __cplusplus
| extern "C"
| {
| #endif
| /* We use char because int might match the return type of a gcc2
|    builtin and then its argument prototype would still apply.  */
| char sigsetjmp ();
| /* The GNU C library defines this for functions which it implements
|     to always fail with ENOSYS.  Some functions are actually named
|     something starting with __ and the normal name is an alias.  */
| #if defined (__stub_sigsetjmp) || defined (__stub___sigsetjmp)
| choke me
| #else
| char (*f) () = sigsetjmp;
| #endif
| #ifdef __cplusplus
| }
| #endif
| 
| int
| main ()
| {
| return f != sigsetjmp;
|   ;
|   return 0;
| }
configure:10231: result: no
configure:10143: checking for siglongjmp
configure:10200: gcc -o conftest -O2 -pipe   conftest.c -lnsl  >&5
configure:10206: $? = 0
configure:10210: test -z 
			 || test ! -s conftest.err
configure:10213: $? = 0
configure:10216: test -s conftest
configure:10219: $? = 0
configure:10231: result: yes
configure:10143: checking for setjmp
configure:10200: gcc -o conftest -O2 -pipe   conftest.c -lnsl  >&5
configure:10206: $? = 0
configure:10210: test -z 
			 || test ! -s conftest.err
configure:10213: $? = 0
configure:10216: test -s conftest
configure:10219: $? = 0
configure:10231: result: yes
configure:10143: checking for longjmp
configure:10200: gcc -o conftest -O2 -pipe   conftest.c -lnsl  >&5
configure:10206: $? = 0
configure:10210: test -z 
			 || test ! -s conftest.err
configure:10213: $? = 0
configure:10216: test -s conftest
configure:10219: $? = 0
configure:10231: result: yes
configure:10143: checking for _setjmp
configure:10200: gcc -o conftest -O2 -pipe   conftest.c -lnsl  >&5
configure:10206: $? = 0
configure:10210: test -z 
			 || test ! -s conftest.err
configure:10213: $? = 0
configure:10216: test -s conftest
configure:10219: $? = 0
configure:10231: result: yes
configure:10143: checking for _longjmp
configure:10200: gcc -o conftest -O2 -pipe   conftest.c -lnsl  >&5
configure:10206: $? = 0
configure:10210: test -z 
			 || test ! -s conftest.err
configure:10213: $? = 0
configure:10216: test -s conftest
configure:10219: $? = 0
configure:10231: result: yes
configure:10246: checking for sigaltstack
configure:10303: gcc -o conftest -O2 -pipe   conftest.c -lnsl  >&5
configure:10309: $? = 0
configure:10313: test -z 
			 || test ! -s conftest.err
configure:10316: $? = 0
configure:10319: test -s conftest
configure:10322: $? = 0
configure:10334: result: yes
configure:10246: checking for sigstack
configure:10303: gcc -o conftest -O2 -pipe   conftest.c -lnsl  >&5
/usr/bin/ld: /tmp/ccRc299U.o: in function `main':
conftest.c:(.text.startup+0x3): warning: the `sigstack' function is dangerous.  `sigaltstack' should be used instead.
configure:10309: $? = 0
configure:10313: test -z 
			 || test ! -s conftest.err
configure:10316: $? = 0
configure:10319: test -s conftest
configure:10322: $? = 0
configure:10334: result: yes
configure:10344: checking for signal-mask aware setjmp(3)/longjmp(3)
configure:10496: gcc -o conftest -O2 -pipe -DTEST_ssjlj   conftest.c -lnsl  >&5
conftest.c: In function 'sighandler':
conftest.c:111:9: warning: implicit declaration of function 'exit' [-Wimplicit-function-declaration]
         exit(1);
         ^~~~
conftest.c:111:9: warning: incompatible implicit declaration of built-in function 'exit'
conftest.c:111:9: note: include '<stdlib.h>' or provide a declaration of 'exit'
conftest.c:99:1:
+#include <stdlib.h>
 
conftest.c:111:9:
         exit(1);
         ^~~~
conftest.c:119:5: warning: incompatible implicit declaration of built-in function 'exit'
     exit(1);
     ^~~~
conftest.c:119:5: note: include '<stdlib.h>' or provide a declaration of 'exit'
conftest.c: In function 'main':
conftest.c:130:9: warning: incompatible implicit declaration of built-in function 'exit'
         exit(1);
         ^~~~
conftest.c:130:9: note: include '<stdlib.h>' or provide a declaration of 'exit'
conftest.c:144:9: warning: implicit declaration of function 'memset' [-Wimplicit-function-declaration]
         memset((void *)&sa, 0, sizeof(struct sigaction));
         ^~~~~~
conftest.c:144:9: warning: incompatible implicit declaration of built-in function 'memset'
conftest.c:144:9: note: include '<string.h>' or provide a declaration of 'memset'
conftest.c:99:1:
+#include <string.h>
 
conftest.c:144:9:
         memset((void *)&sa, 0, sizeof(struct sigaction));
         ^~~~~~
conftest.c:157:9: warning: incompatible implicit declaration of built-in function 'exit'
         exit(1);
         ^~~~
conftest.c:157:9: note: include '<stdlib.h>' or provide a declaration of 'exit'
conftest.c:165:9: warning: incompatible implicit declaration of built-in function 'exit'
         exit(1);
         ^~~~
conftest.c:165:9: note: include '<stdlib.h>' or provide a declaration of 'exit'
conftest.c:169:9: warning: incompatible implicit declaration of built-in function 'exit'
         exit(1);
         ^~~~
conftest.c:169:9: note: include '<stdlib.h>' or provide a declaration of 'exit'
conftest.c:172:5: warning: incompatible implicit declaration of built-in function 'exit'
     exit(0);
     ^~~~
conftest.c:172:5: note: include '<stdlib.h>' or provide a declaration of 'exit'
configure:10499: $? = 0
configure:10501: ./conftest
configure:10504: $? = 0
configure:10562: result: yes: sjljlx
configure:10695: checking for typedef stack_t
configure:10719: result: yes
configure:10730: checking for direction of stack growth
configure:10775: gcc -o conftest -O2 -pipe   conftest.c -lnsl  >&5
configure:10778: $? = 0
configure:10780: ./conftest
configure:10783: $? = 0
configure:10797: result: down
configure:10828: checking for makecontext
configure:10916: result: yes
configure:10927: checking for stack setup via makecontext
configure:11084: gcc -o conftest -O2 -pipe -DTEST_makecontext   conftest.c -lnsl  >&5
configure:11087: $? = 0
configure:11089: ./conftest
configure:11092: $? = 0
configure:11119: result: ok
configure:11138: checking for sigaltstack
configure:11226: result: yes
configure:11241: checking for typedef stack_t
configure:11265: result: yes
configure:11278: checking for stack setup via sigaltstack
configure:11435: gcc -o conftest -O2 -pipe -DTEST_sigaltstack   conftest.c -lnsl  >&5
configure:11438: $? = 0
configure:11440: ./conftest
configure:11443: $? = 0
configure:11470: result: ok
configure:11488: checking for sigstack
configure:11576: result: yes
configure:11587: checking for stack setup via sigstack
configure:11744: gcc -o conftest -O2 -pipe -DTEST_sigstack   conftest.c -lnsl  >&5
conftest.c: In function 'main':
conftest.c:162:9: warning: 'sigstack' is deprecated [-Wdeprecated-declarations]
         if (sigstack(&ss, NULL) < 0)
         ^~
In file included from conftest.c:91:
/usr/include/signal.h:335:12: note: declared here
 extern int sigstack (struct sigstack *__ss, struct sigstack *__oss)
            ^~~~~~~~
/usr/bin/ld: /tmp/cc0HOPmy.o: in function `main':
conftest.c:(.text.startup+0x55): warning: the `sigstack' function is dangerous.  `sigaltstack' should be used instead.
configure:11747: $? = 0
configure:11749: ./conftest
configure:11752: $? = 0
configure:11779: result: ok
configure:11845: result: decision on mctx implementation... [1mmcsc/sc/mc[m(B
configure:11868: result: 
configure:11870: result: [1mSystem Call Mapping:[m(B
configure:11890: checking sys/syscall.h usability
configure:11902: gcc -c -O2 -pipe  conftest.c >&5
configure:11908: $? = 0
configure:11912: test -z 
			 || test ! -s conftest.err
configure:11915: $? = 0
configure:11918: test -s conftest.o
configure:11921: $? = 0
configure:11931: result: yes
configure:11935: checking sys/syscall.h presence
configure:11945: gcc -E  conftest.c
configure:11951: $? = 0
configure:11971: result: yes
configure:12006: checking for sys/syscall.h
configure:12013: result: yes
configure:11890: checking sys/socketcall.h usability
configure:11902: gcc -c -O2 -pipe  conftest.c >&5
conftest.c:123:10: fatal error: sys/socketcall.h: No such file or directory
 #include <sys/socketcall.h>
          ^~~~~~~~~~~~~~~~~~
compilation terminated.
configure:11908: $? = 1
configure: failed program was:
| /* confdefs.h.  */
| 
| #define PACKAGE_NAME ""
| #define PACKAGE_TARNAME ""
| #define PACKAGE_VERSION ""
| #define PACKAGE_STRING ""
| #define PACKAGE_BUGREPORT ""
| #define STDC_HEADERS 1
| #define HAVE_SYS_TYPES_H 1
| #define HAVE_SYS_STAT_H 1
| #define HAVE_STDLIB_H 1
| #define HAVE_STRING_H 1
| #define HAVE_MEMORY_H 1
| #define HAVE_STRINGS_H 1
| #define HAVE_INTTYPES_H 1
| #define HAVE_STDINT_H 1
| #define HAVE_UNISTD_H 1
| #define HAVE_DLFCN_H 1
| #ifdef __cplusplus
| extern "C" void std::exit (int) throw (); using std::exit;
| #endif
| #define STDC_HEADERS 1
| #define HAVE_STDIO_H 1
| #define HAVE_STDLIB_H 1
| #define HAVE_STDARG_H 1
| #define HAVE_STRING_H 1
| #define HAVE_SIGNAL_H 1
| #define HAVE_UNISTD_H 1
| #define HAVE_SETJMP_H 1
| #define HAVE_FCNTL_H 1
| #define HAVE_ERRNO_H 1
| #define HAVE_SYS_TYPES_H 1
| #define HAVE_SYS_TIME_H 1
| #define HAVE_SYS_WAIT_H 1
| #define HAVE_SYS_STAT_H 1
| #define HAVE_SYS_SOCKET_H 1
| #define HAVE_GETTIMEOFDAY 1
| #define HAVE_SELECT 1
| #define HAVE_SIGACTION 1
| #define HAVE_SIGPROCMASK 1
| #define HAVE_SIGPENDING 1
| #define HAVE_SIGSUSPEND 1
| #define PTH_NSIG 65
| #define HAVE_POLL 1
| #define HAVE_POLLIN 1
| #define HAVE_SYS_UIO_H 1
| #define HAVE_READV 1
| #define HAVE_WRITEV 1
| #define HAVE_USLEEP 1
| #define HAVE_STRERROR 1
| #define HAVE_SYS_RESOURCE_H 1
| #define HAVE_PATHS_H 1
| #define HAVE_LIBNSL 1
| #define HAVE_SYS_SELECT_H 1
| #define HAVE_SIG_ATOMIC_T 1
| #define HAVE_PID_T 1
| #define HAVE_SIZE_T 1
| #define HAVE_SSIZE_T 1
| #define HAVE_OFF_T 1
| #define HAVE_STACK_T 1
| #define HAVE_STRUCT_TIMESPEC 1
| #define HAVE_SOCKLEN_T 1
| #define HAVE_NFDS_T 1
| #define HAVE_LONGLONG 1
| #define HAVE_LONGDOUBLE 1
| #define HAVE_MAKECONTEXT 1
| #define HAVE_SWAPCONTEXT 1
| #define HAVE_GETCONTEXT 1
| #define HAVE_SETCONTEXT 1
| #define HAVE_SIGNAL_H 1
| #define HAVE_SIGLONGJMP 1
| #define HAVE_SETJMP 1
| #define HAVE_LONGJMP 1
| #define HAVE__SETJMP 1
| #define HAVE__LONGJMP 1
| #define HAVE_SIGALTSTACK 1
| #define HAVE_SIGSTACK 1
| #define HAVE_STACK_T 1
| #define PTH_STACKGROWTH -1
| #define HAVE_MAKECONTEXT 1
| #define HAVE_SIGALTSTACK 1
| #define HAVE_STACK_T 1
| #define HAVE_SIGSTACK 1
| #define PTH_MCTX_MTH_use PTH_MCTX_MTH_mcsc
| #define PTH_MCTX_DSP_use PTH_MCTX_DSP_sc
| #define PTH_MCTX_STK_use PTH_MCTX_STK_mc
| #define HAVE_SYS_SYSCALL_H 1
| /* end confdefs.h.  */
| #include <stdio.h>
| #if HAVE_SYS_TYPES_H
| # include <sys/types.h>
| #endif
| #if HAVE_SYS_STAT_H
| # include <sys/stat.h>
| #endif
| #if STDC_HEADERS
| # include <stdlib.h>
| # include <stddef.h>
| #else
| # if HAVE_STDLIB_H
| #  include <stdlib.h>
| # endif
| #endif
| #if HAVE_STRING_H
| # if !STDC_HEADERS && HAVE_MEMORY_H
| #  include <memory.h>
| # endif
| # include <string.h>
| #endif
| #if HAVE_STRINGS_H
| # include <strings.h>
| #endif
| #if HAVE_INTTYPES_H
| # include <inttypes.h>
| #else
| # if HAVE_STDINT_H
| #  include <stdint.h>
| # endif
| #endif
| #if HAVE_UNISTD_H
| # include <unistd.h>
| #endif
| #include <sys/socketcall.h>
configure:11931: result: no
configure:11935: checking sys/socketcall.h presence
configure:11945: gcc -E  conftest.c
conftest.c:89:10: fatal error: sys/socketcall.h: No such file or directory
 #include <sys/socketcall.h>
          ^~~~~~~~~~~~~~~~~~
compilation terminated.
configure:11951: $? = 1
configure: failed program was:
| /* confdefs.h.  */
| 
| #define PACKAGE_NAME ""
| #define PACKAGE_TARNAME ""
| #define PACKAGE_VERSION ""
| #define PACKAGE_STRING ""
| #define PACKAGE_BUGREPORT ""
| #define STDC_HEADERS 1
| #define HAVE_SYS_TYPES_H 1
| #define HAVE_SYS_STAT_H 1
| #define HAVE_STDLIB_H 1
| #define HAVE_STRING_H 1
| #define HAVE_MEMORY_H 1
| #define HAVE_STRINGS_H 1
| #define HAVE_INTTYPES_H 1
| #define HAVE_STDINT_H 1
| #define HAVE_UNISTD_H 1
| #define HAVE_DLFCN_H 1
| #ifdef __cplusplus
| extern "C" void std::exit (int) throw (); using std::exit;
| #endif
| #define STDC_HEADERS 1
| #define HAVE_STDIO_H 1
| #define HAVE_STDLIB_H 1
| #define HAVE_STDARG_H 1
| #define HAVE_STRING_H 1
| #define HAVE_SIGNAL_H 1
| #define HAVE_UNISTD_H 1
| #define HAVE_SETJMP_H 1
| #define HAVE_FCNTL_H 1
| #define HAVE_ERRNO_H 1
| #define HAVE_SYS_TYPES_H 1
| #define HAVE_SYS_TIME_H 1
| #define HAVE_SYS_WAIT_H 1
| #define HAVE_SYS_STAT_H 1
| #define HAVE_SYS_SOCKET_H 1
| #define HAVE_GETTIMEOFDAY 1
| #define HAVE_SELECT 1
| #define HAVE_SIGACTION 1
| #define HAVE_SIGPROCMASK 1
| #define HAVE_SIGPENDING 1
| #define HAVE_SIGSUSPEND 1
| #define PTH_NSIG 65
| #define HAVE_POLL 1
| #define HAVE_POLLIN 1
| #define HAVE_SYS_UIO_H 1
| #define HAVE_READV 1
| #define HAVE_WRITEV 1
| #define HAVE_USLEEP 1
| #define HAVE_STRERROR 1
| #define HAVE_SYS_RESOURCE_H 1
| #define HAVE_PATHS_H 1
| #define HAVE_LIBNSL 1
| #define HAVE_SYS_SELECT_H 1
| #define HAVE_SIG_ATOMIC_T 1
| #define HAVE_PID_T 1
| #define HAVE_SIZE_T 1
| #define HAVE_SSIZE_T 1
| #define HAVE_OFF_T 1
| #define HAVE_STACK_T 1
| #define HAVE_STRUCT_TIMESPEC 1
| #define HAVE_SOCKLEN_T 1
| #define HAVE_NFDS_T 1
| #define HAVE_LONGLONG 1
| #define HAVE_LONGDOUBLE 1
| #define HAVE_MAKECONTEXT 1
| #define HAVE_SWAPCONTEXT 1
| #define HAVE_GETCONTEXT 1
| #define HAVE_SETCONTEXT 1
| #define HAVE_SIGNAL_H 1
| #define HAVE_SIGLONGJMP 1
| #define HAVE_SETJMP 1
| #define HAVE_LONGJMP 1
| #define HAVE__SETJMP 1
| #define HAVE__LONGJMP 1
| #define HAVE_SIGALTSTACK 1
| #define HAVE_SIGSTACK 1
| #define HAVE_STACK_T 1
| #define PTH_STACKGROWTH -1
| #define HAVE_MAKECONTEXT 1
| #define HAVE_SIGALTSTACK 1
| #define HAVE_STACK_T 1
| #define HAVE_SIGSTACK 1
| #define PTH_MCTX_MTH_use PTH_MCTX_MTH_mcsc
| #define PTH_MCTX_DSP_use PTH_MCTX_DSP_sc
| #define PTH_MCTX_STK_use PTH_MCTX_STK_mc
| #define HAVE_SYS_SYSCALL_H 1
| /* end confdefs.h.  */
| #include <sys/socketcall.h>
configure:11971: result: no
configure:12006: checking for sys/socketcall.h
configure:12013: result: no
configure:12030: checking for syscall
configure:12087: gcc -o conftest -O2 -pipe   conftest.c -lnsl  >&5
configure:12093: $? = 0
configure:12097: test -z 
			 || test ! -s conftest.err
configure:12100: $? = 0
configure:12103: test -s conftest
configure:12106: $? = 0
configure:12118: result: yes
configure:12128: checking for define SYS_read in sys/syscall.h
configure:12155: result: yes
configure:12171: checking for dlfcn.h
configure:12176: result: yes
configure:12317: checking for dlsym in -ldl
configure:12347: gcc -o conftest -O2 -pipe   conftest.c -ldl  -lnsl  >&5
configure:12353: $? = 0
configure:12357: test -z 
			 || test ! -s conftest.err
configure:12360: $? = 0
configure:12363: test -s conftest
configure:12366: $? = 0
configure:12379: result: yes
configure:12396: checking for dlopen
configure:12453: gcc -o conftest -O2 -pipe   conftest.c -ldl -lnsl  >&5
configure:12459: $? = 0
configure:12463: test -z 
			 || test ! -s conftest.err
configure:12466: $? = 0
configure:12469: test -s conftest
configure:12472: $? = 0
configure:12484: result: yes
configure:12396: checking for dlsym
configure:12453: gcc -o conftest -O2 -pipe   conftest.c -ldl -lnsl  >&5
configure:12459: $? = 0
configure:12463: test -z 
			 || test ! -s conftest.err
configure:12466: $? = 0
configure:12469: test -s conftest
configure:12472: $? = 0
configure:12484: result: yes
configure:12396: checking for dlclose
configure:12453: gcc -o conftest -O2 -pipe   conftest.c -ldl -lnsl  >&5
configure:12459: $? = 0
configure:12463: test -z 
			 || test ! -s conftest.err
configure:12466: $? = 0
configure:12469: test -s conftest
configure:12472: $? = 0
configure:12484: result: yes
configure:12494: checking for define RTLD_NEXT in dlfcn.h
configure:12521: result: no
configure:12532: checking for syscall dynamic libraries
configure:12556: result: 
configure:12564: checking whether soft system call mapping is used
configure:12582: result: no
configure:12586: checking whether hard system call mapping is used
configure:12640: result: no
configure:12652: result: 
configure:12654: result: [1mBuild Parameters:[m(B
configure:12659: checking whether to activate batch build mode
configure:12671: result: no
configure:12676: checking whether to activate maintainer build targets
configure:12685: result: no
configure:12690: checking whether to activate test build targets
configure:12699: result: yes
configure:12707: checking whether to build Pthread library
configure:12718: result: no
configure:13222: checking whether to build against external OSSP ex library
configure:13233: result: no
configure:13548: checking whether to build against external Sfio library
configure:13555: result: no
configure:13870: checking whether to build against external Dmalloc library
configure:13881: result: no
configure:13887: result: 
configure:13889: result: [1mOutput Substitution:[m(B
configure:13991: creating ./config.status

## ---------------------- ##
## Running config.status. ##
## ---------------------- ##

This file was extended by config.status, which was
generated by GNU Autoconf 2.59 (OpenPKG-CURRENT).  Invocation command line was

  CONFIG_FILES    = 
  CONFIG_HEADERS  = 
  CONFIG_LINKS    = 
  CONFIG_COMMANDS = 
  $ ./config.status 

on ihatewindows

config.status:702: creating Makefile
config.status:702: creating pthread-config
config.status:702: creating pthread.h
config.status:702: creating pth-config
config.status:702: creating pth.h
config.status:702: creating pth_acmac.h
config.status:805: creating pth_acdef.h
config.status:1093: pth_acdef.h is unchanged
config.status:1251: executing default commands

## ---------------- ##
## Cache variables. ##
## ---------------- ##

ac_cv_argtype_accept3='socklen_t *__restrict'
ac_cv_argtype_poll2=nfds_t
ac_cv_build=x86_64-unknown-linux-gnu
ac_cv_build_alias=x86_64-unknown-linux-gnu
ac_cv_c_compiler_gnu=yes
ac_cv_check_mcsc=yes
ac_cv_check_nfdstype=nfds_t
ac_cv_check_sjlj=sjljlx
ac_cv_check_socklentype=socklen_t
ac_cv_check_stackgrowth=down
ac_cv_compiler_option_pipe=yes
ac_cv_cxx_compiler_gnu=yes
ac_cv_define_POLLIN=yes
ac_cv_define_RTLD_NEXT=no
ac_cv_define_SYS_read=yes
ac_cv_env_CC_set=
ac_cv_env_CC_value=
ac_cv_env_CFLAGS_set=
ac_cv_env_CFLAGS_value=
ac_cv_env_CPPFLAGS_set=
ac_cv_env_CPPFLAGS_value=
ac_cv_env_CPP_set=
ac_cv_env_CPP_value=
ac_cv_env_CXXCPP_set=
ac_cv_env_CXXCPP_value=
ac_cv_env_CXXFLAGS_set=
ac_cv_env_CXXFLAGS_value=
ac_cv_env_CXX_set=
ac_cv_env_CXX_value=
ac_cv_env_F77_set=
ac_cv_env_F77_value=
ac_cv_env_FFLAGS_set=
ac_cv_env_FFLAGS_value=
ac_cv_env_LDFLAGS_set=
ac_cv_env_LDFLAGS_value=
ac_cv_env_build_alias_set=
ac_cv_env_build_alias_value=
ac_cv_env_host_alias_set=
ac_cv_env_host_alias_value=
ac_cv_env_target_alias_set=
ac_cv_env_target_alias_value=
ac_cv_exeext=
ac_cv_f77_compiler_gnu=no
ac_cv_func__longjmp=yes
ac_cv_func__setjmp=yes
ac_cv_func_dlclose=yes
ac_cv_func_dlopen=yes
ac_cv_func_dlsym=yes
ac_cv_func_getcontext=yes
ac_cv_func_gettimeofday=yes
ac_cv_func_longjmp=yes
ac_cv_func_makecontext=yes
ac_cv_func_poll=yes
ac_cv_func_readv=yes
ac_cv_func_select=yes
ac_cv_func_setcontext=yes
ac_cv_func_setjmp=yes
ac_cv_func_sigaction=yes
ac_cv_func_sigaltstack=yes
ac_cv_func_siglongjmp=yes
ac_cv_func_sigpending=yes
ac_cv_func_sigprocmask=yes
ac_cv_func_sigsetjmp=no
ac_cv_func_sigstack=yes
ac_cv_func_sigsuspend=yes
ac_cv_func_strerror=yes
ac_cv_func_swapcontext=yes
ac_cv_func_syscall=yes
ac_cv_func_usleep=yes
ac_cv_func_writev=yes
ac_cv_header_dlfcn_h=yes
ac_cv_header_errno_h=yes
ac_cv_header_fcntl_h=yes
ac_cv_header_inttypes_h=yes
ac_cv_header_memory_h=yes
ac_cv_header_net_errno_h=no
ac_cv_header_paths_h=yes
ac_cv_header_setjmp_h=yes
ac_cv_header_signal_h=yes
ac_cv_header_stdarg_h=yes
ac_cv_header_stdc=yes
ac_cv_header_stdint_h=yes
ac_cv_header_stdio_h=yes
ac_cv_header_stdlib_h=yes
ac_cv_header_string_h=yes
ac_cv_header_strings_h=yes
ac_cv_header_sys_resource_h=yes
ac_cv_header_sys_select_h=yes
ac_cv_header_sys_socket_h=yes
ac_cv_header_sys_socketcall_h=no
ac_cv_header_sys_stat_h=yes
ac_cv_header_sys_syscall_h=yes
ac_cv_header_sys_time_h=yes
ac_cv_header_sys_types_h=yes
ac_cv_header_sys_uio_h=yes
ac_cv_header_sys_wait_h=yes
ac_cv_header_ucontext_h=yes
ac_cv_header_unistd_h=yes
ac_cv_host=x86_64-unknown-linux-gnu
ac_cv_host_alias=x86_64-unknown-linux-gnu
ac_cv_lib_dl_dlsym=yes
ac_cv_lib_nsl_gethostname=yes
ac_cv_lib_socket_accept=no
ac_cv_objext=o
ac_cv_prog_CPP='gcc -E'
ac_cv_prog_CXXCPP='g++ -E'
ac_cv_prog_ac_ct_AR=ar
ac_cv_prog_ac_ct_CC=gcc
ac_cv_prog_ac_ct_CXX=g++
ac_cv_prog_ac_ct_RANLIB=ranlib
ac_cv_prog_ac_ct_STRIP=strip
ac_cv_prog_cc_g=yes
ac_cv_prog_cc_stdc=
ac_cv_prog_cxx_g=yes
ac_cv_prog_egrep='grep -E'
ac_cv_prog_f77_g=no
ac_cv_prog_make_make_set=yes
ac_cv_stacksetup_makecontext='ok:(skaddr),(sksize)'
ac_cv_stacksetup_sigaltstack='ok:(skaddr),(sksize)'
ac_cv_stacksetup_sigstack='ok:(skaddr),(sksize)'
ac_cv_structattr_ss_base=no
ac_cv_structattr_ss_sp=no
ac_cv_type_longdouble=yes
ac_cv_type_longlong=yes
ac_cv_typedef_nfds_t=yes
ac_cv_typedef_off_t=yes
ac_cv_typedef_pid_t=yes
ac_cv_typedef_sig_atomic_t=yes
ac_cv_typedef_size_t=yes
ac_cv_typedef_socklen_t=yes
ac_cv_typedef_ssize_t=yes
ac_cv_typedef_stack_t=yes
lt_cv_deplibs_check_method=pass_all
lt_cv_file_magic_cmd='$MAGIC_CMD'
lt_cv_file_magic_test_file=
lt_cv_ld_reload_flag=-r
lt_cv_objdir=.libs
lt_cv_path_LD=/usr/bin/ld
lt_cv_path_LDCXX='/usr/bin/ld -m elf_x86_64'
lt_cv_path_NM='/usr/bin/nm -B'
lt_cv_path_SED=/usr/bin/sed
lt_cv_prog_compiler_c_o=yes
lt_cv_prog_compiler_c_o_CXX=yes
lt_cv_prog_compiler_rtti_exceptions=no
lt_cv_prog_gnu_ld=yes
lt_cv_prog_gnu_ldcxx=yes
lt_cv_sys_global_symbol_pipe='sed -n -e '\''s/^.*[ 	]\([ABCDGIRSTW][ABCDGIRSTW]*\)[ 	][ 	]*\([_A-Za-z][_A-Za-z0-9]*\)$/\1 \2 \2/p'\'''
lt_cv_sys_global_symbol_to_c_name_address='sed -n -e '\''s/^: \([^ ]*\) $/  {\"\1\", (lt_ptr) 0},/p'\'' -e '\''s/^[BCDEGRST] \([^ ]*\) \([^ ]*\)$/  {"\2", (lt_ptr) \&\2},/p'\'''
lt_cv_sys_global_symbol_to_cdecl='sed -n -e '\''s/^. .* \(.*\)$/extern int \1;/p'\'''
lt_cv_sys_max_cmd_len=32768
lt_lt_cv_prog_compiler_c_o='"yes"'
lt_lt_cv_prog_compiler_c_o_CXX='"yes"'
lt_lt_cv_sys_global_symbol_pipe='"sed -n -e '\''s/^.*[ 	]\\([ABCDGIRSTW][ABCDGIRSTW]*\\)[ 	][ 	]*\\([_A-Za-z][_A-Za-z0-9]*\\)\$/\\1 \\2 \\2/p'\''"'
lt_lt_cv_sys_global_symbol_to_c_name_address='"sed -n -e '\''s/^: \\([^ ]*\\) \$/  {\\\"\\1\\\", (lt_ptr) 0},/p'\'' -e '\''s/^[BCDEGRST] \\([^ ]*\\) \\([^ ]*\\)\$/  {\"\\2\", (lt_ptr) \\&\\2},/p'\''"'
lt_lt_cv_sys_global_symbol_to_cdecl='"sed -n -e '\''s/^. .* \\(.*\\)\$/extern int \\1;/p'\''"'

## ----------------- ##
## Output variables. ##
## ----------------- ##

AR='ar'
BATCH='no'
CC='gcc'
CFLAGS='-O2 -pipe'
CPP='gcc -E'
CPPFLAGS=''
CXX='g++'
CXXCPP='g++ -E'
CXXFLAGS='-g -O2'
DEFS='-DHAVE_CONFIG_H'
ECHO='echo'
ECHO_C=''
ECHO_N='-n'
ECHO_T=''
EGREP='grep -E'
EXEEXT=''
EXTRA_INCLUDE_SYS_SELECT_H='#include <sys/select.h>'
F77=''
FALLBACK_NFDS_T='/* typedef nfds_t nfds_t; */'
FALLBACK_OFF_T='/* typedef int off_t; */'
FALLBACK_PID_T='/* typedef int pid_t; */'
FALLBACK_SIG_ATOMIC_T='/* typedef int sig_atomic_t; */'
FALLBACK_SIZE_T='/* typedef unsigned int size_t; */'
FALLBACK_SOCKLEN_T='/* typedef socklen_t socklen_t; */'
FALLBACK_SSIZE_T='/* typedef unsigned int ssize_t; */'
FFLAGS=''
INSTALL_PTHREAD=''
LDFLAGS=''
LIBOBJS=''
LIBPTHREAD_A=''
LIBPTHREAD_LA=''
LIBS='-ldl -lnsl '
LIBTOOL='$(SHELL) $(top_builddir)/libtool'
LN_S='ln -s'
LTLIBOBJS=''
OBJEXT='o'
PACKAGE_BUGREPORT=''
PACKAGE_NAME=''
PACKAGE_STRING=''
PACKAGE_TARNAME=''
PACKAGE_VERSION=''
PATH_SEPARATOR=':'
PLATFORM='x86_64-unknown-linux-gnu'
PTHREAD_3=''
PTHREAD_CONFIG_1=''
PTHREAD_O=''
PTH_EXT_SFIO='0'
PTH_FAKE_POLL='0'
PTH_FAKE_RWV='0'
PTH_FDSETSIZE='1024'
PTH_MCTX_ID='mcsc/sc/mc'
PTH_STACK_GROWTH='down'
PTH_SYSCALL_HARD='0'
PTH_SYSCALL_SOFT='0'
PTH_VERSION_HEX='0x200207'
PTH_VERSION_STR='2.0.7 (08-Jun-2006)'
RANLIB='ranlib'
SET_MAKE=''
SHELL='/bin/bash'
STRIP='strip'
TARGET_ALL='$(TARGET_PREQ) $(TARGET_LIBS) $(TARGET_TEST)'
TEST_PTHREAD=''
UNINSTALL_PTHREAD=''
ac_ct_AR='ar'
ac_ct_CC='gcc'
ac_ct_CXX='g++'
ac_ct_F77=''
ac_ct_RANLIB='ranlib'
ac_ct_STRIP='strip'
bindir='${exec_prefix}/bin'
build='x86_64-unknown-linux-gnu'
build_alias=''
build_cpu='x86_64'
build_os='linux-gnu'
build_vendor='unknown'
datadir='${prefix}/share'
exec_prefix='${prefix}'
host='x86_64-unknown-linux-gnu'
host_alias=''
host_cpu='x86_64'
host_os='linux-gnu'
host_vendor='unknown'
includedir='${prefix}/include'
infodir='${prefix}/info'
libdir='${exec_prefix}/lib'
libexecdir='${exec_prefix}/libexec'
localstatedir='${prefix}/var'
mandir='/usr/share/man'
oldincludedir='/usr/include'
prefix='/usr'
program_transform_name='s,x,x,'
pth_sigjmpbuf='#define pth_sigjmpbuf '
pth_siglongjmp='#define pth_siglongjmp(buf,val) '
pth_sigsetjmp='#define pth_sigsetjmp(buf) '
pth_skaddr_makecontext='#define pth_skaddr_makecontext(skaddr,sksize) ((skaddr))'
pth_skaddr_sigaltstack='#define pth_skaddr_sigaltstack(skaddr,sksize) ((skaddr))'
pth_skaddr_sigstack='#define pth_skaddr_sigstack(skaddr,sksize) ((skaddr))'
pth_sksize_makecontext='#define pth_sksize_makecontext(skaddr,sksize) ((sksize))'
pth_sksize_sigaltstack='#define pth_sksize_sigaltstack(skaddr,sksize) ((sksize))'
pth_sksize_sigstack='#define pth_sksize_sigstack(skaddr,sksize) ((sksize))'
sbindir='${exec_prefix}/sbin'
sharedstatedir='${prefix}/com'
srcdir_prefix=''
sysconfdir='${prefix}/etc'
target_alias=''

## ----------- ##
## confdefs.h. ##
## ----------- ##

#define HAVE_DLCLOSE 1
#define HAVE_DLFCN_H 1
#define HAVE_DLFCN_H 1
#define HAVE_DLOPEN 1
#define HAVE_DLSYM 1
#define HAVE_ERRNO_H 1
#define HAVE_FCNTL_H 1
#define HAVE_GETCONTEXT 1
#define HAVE_GETTIMEOFDAY 1
#define HAVE_INTTYPES_H 1
#define HAVE_LIBDL 1
#define HAVE_LIBNSL 1
#define HAVE_LONGDOUBLE 1
#define HAVE_LONGJMP 1
#define HAVE_LONGLONG 1
#define HAVE_MAKECONTEXT 1
#define HAVE_MAKECONTEXT 1
#define HAVE_MEMORY_H 1
#define HAVE_NFDS_T 1
#define HAVE_OFF_T 1
#define HAVE_PATHS_H 1
#define HAVE_PID_T 1
#define HAVE_POLL 1
#define HAVE_POLLIN 1
#define HAVE_READV 1
#define HAVE_SELECT 1
#define HAVE_SETCONTEXT 1
#define HAVE_SETJMP 1
#define HAVE_SETJMP_H 1
#define HAVE_SIGACTION 1
#define HAVE_SIGALTSTACK 1
#define HAVE_SIGALTSTACK 1
#define HAVE_SIGLONGJMP 1
#define HAVE_SIGNAL_H 1
#define HAVE_SIGNAL_H 1
#define HAVE_SIGPENDING 1
#define HAVE_SIGPROCMASK 1
#define HAVE_SIGSTACK 1
#define HAVE_SIGSTACK 1
#define HAVE_SIGSUSPEND 1
#define HAVE_SIG_ATOMIC_T 1
#define HAVE_SIZE_T 1
#define HAVE_SOCKLEN_T 1
#define HAVE_SSIZE_T 1
#define HAVE_STACK_T 1
#define HAVE_STACK_T 1
#define HAVE_STACK_T 1
#define HAVE_STDARG_H 1
#define HAVE_STDINT_H 1
#define HAVE_STDIO_H 1
#define HAVE_STDLIB_H 1
#define HAVE_STDLIB_H 1
#define HAVE_STRERROR 1
#define HAVE_STRINGS_H 1
#define HAVE_STRING_H 1
#define HAVE_STRING_H 1
#define HAVE_STRUCT_TIMESPEC 1
#define HAVE_SWAPCONTEXT 1
#define HAVE_SYSCALL 1
#define HAVE_SYS_READ 1
#define HAVE_SYS_RESOURCE_H 1
#define HAVE_SYS_SELECT_H 1
#define HAVE_SYS_SOCKET_H 1
#define HAVE_SYS_STAT_H 1
#define HAVE_SYS_STAT_H 1
#define HAVE_SYS_SYSCALL_H 1
#define HAVE_SYS_TIME_H 1
#define HAVE_SYS_TYPES_H 1
#define HAVE_SYS_TYPES_H 1
#define HAVE_SYS_UIO_H 1
#define HAVE_SYS_WAIT_H 1
#define HAVE_UNISTD_H 1
#define HAVE_UNISTD_H 1
#define HAVE_USLEEP 1
#define HAVE_WRITEV 1
#define HAVE__LONGJMP 1
#define HAVE__SETJMP 1
#define PACKAGE_BUGREPORT ""
#define PACKAGE_NAME ""
#define PACKAGE_STRING ""
#define PACKAGE_TARNAME ""
#define PACKAGE_VERSION ""
#define PTH_MCTX_DSP_use PTH_MCTX_DSP_sc
#define PTH_MCTX_MTH_use PTH_MCTX_MTH_mcsc
#define PTH_MCTX_STK_use PTH_MCTX_STK_mc
#define PTH_NSIG 65
#define PTH_STACKGROWTH -1
#define PTH_SYSCALL_LIBS ""
#define STDC_HEADERS 1
#define STDC_HEADERS 1
#endif
#ifdef __cplusplus
extern "C" void std::exit (int) throw (); using std::exit;

configure: exit 0
